2022-04-16 17:06:43.392 [main] INFO  com.qmis.Application : Starting Application using Java 17.0.2 on QMIS with PID 15284 (K:\Project\HandbookDD\handbook\target\classes started by Kron Costa in K:\Project\HandbookDD) 
2022-04-16 17:06:43.397 [main] INFO  com.qmis.Application : No active profile set, falling back to default profiles: default 
2022-04-16 17:06:44.032 [main] INFO  o.s.d.r.c.RepositoryConfigurationDelegate : Bootstrapping Spring Data JPA repositories in DEFAULT mode. 
2022-04-16 17:06:44.074 [main] INFO  o.s.d.r.c.RepositoryConfigurationDelegate : Finished Spring Data repository scanning in 34 ms. Found 2 JPA repository interfaces. 
2022-04-16 17:06:44.187 [main] INFO  o.s.c.context.scope.GenericScope : BeanFactory id=f5f6e514-30e3-3c58-9083-16eca694271b 
2022-04-16 17:06:44.468 [main] INFO  o.s.b.w.e.tomcat.TomcatWebServer : Tomcat initialized with port(s): 8086 (http) 
2022-04-16 17:06:44.485 [main] INFO  o.a.catalina.core.StandardService : Starting service [Tomcat] 
2022-04-16 17:06:44.485 [main] INFO  o.a.catalina.core.StandardEngine : Starting Servlet engine: [Apache Tomcat/9.0.54] 
2022-04-16 17:06:44.606 [main] INFO  o.a.c.c.C.[Tomcat].[localhost].[/] : Initializing Spring embedded WebApplicationContext 
2022-04-16 17:06:44.607 [main] INFO  o.s.b.w.s.c.ServletWebServerApplicationContext : Root WebApplicationContext: initialization completed in 1178 ms 
2022-04-16 17:06:44.779 [main] INFO  com.zaxxer.hikari.HikariDataSource : HikariPool-1 - Starting... 
2022-04-16 17:06:44.925 [main] INFO  com.zaxxer.hikari.HikariDataSource : HikariPool-1 - Start completed. 
2022-04-16 17:06:45.053 [main] INFO  liquibase.database : Set default schema name to public 
2022-04-16 17:06:45.110 [main] INFO  liquibase.lockservice : Successfully acquired change log lock 
2022-04-16 17:06:45.412 [main] INFO  liquibase.changelog : Reading from public.databasechangelog 
2022-04-16 17:06:45.450 [main] INFO  liquibase.lockservice : Successfully released change log lock 
2022-04-16 17:06:45.518 [main] INFO  o.h.jpa.internal.util.LogHelper : HHH000204: Processing PersistenceUnitInfo [name: default] 
2022-04-16 17:06:45.563 [main] INFO  org.hibernate.Version : HHH000412: Hibernate ORM core version 5.6.7.Final 
2022-04-16 17:06:45.660 [main] INFO  o.h.annotations.common.Version : HCANN000001: Hibernate Commons Annotations {5.1.2.Final} 
2022-04-16 17:06:45.734 [main] INFO  org.hibernate.dialect.Dialect : HHH000400: Using dialect: org.hibernate.dialect.PostgreSQL9Dialect 
2022-04-16 17:06:46.160 [main] INFO  o.h.e.t.j.p.i.JtaPlatformInitiator : HHH000490: Using JtaPlatform implementation: [org.hibernate.engine.transaction.jta.platform.internal.NoJtaPlatform] 
2022-04-16 17:06:46.166 [main] INFO  o.s.o.j.LocalContainerEntityManagerFactoryBean : Initialized JPA EntityManagerFactory for persistence unit 'default' 
2022-04-16 17:06:46.491 [main] WARN  o.s.b.a.o.j.JpaBaseConfiguration$JpaWebConfiguration : spring.jpa.open-in-view is enabled by default. Therefore, database queries may be performed during view rendering. Explicitly configure spring.jpa.open-in-view to disable this warning 
2022-04-16 17:06:47.038 [main] INFO  o.s.b.w.e.tomcat.TomcatWebServer : Tomcat started on port(s): 8086 (http) with context path '' 
2022-04-16 17:06:47.259 [main] INFO  com.qmis.Application : Started Application in 4.117 seconds (JVM running for 6.684) 
2022-04-16 17:07:37.155 [http-nio-8086-exec-1] INFO  o.a.c.c.C.[Tomcat].[localhost].[/] : Initializing Spring DispatcherServlet 'dispatcherServlet' 
2022-04-16 17:07:37.156 [http-nio-8086-exec-1] INFO  o.s.web.servlet.DispatcherServlet : Initializing Servlet 'dispatcherServlet' 
2022-04-16 17:07:37.157 [http-nio-8086-exec-1] INFO  o.s.web.servlet.DispatcherServlet : Completed initialization in 1 ms 
2022-04-16 17:08:07.385 [http-nio-8086-exec-10] INFO  o.s.api.AbstractOpenApiResource : Init duration for springdoc-openapi is: 241 ms 
2022-04-16 17:10:05.359 [http-nio-8086-exec-6] WARN  o.s.w.s.m.s.DefaultHandlerExceptionResolver : Resolved [org.springframework.http.converter.HttpMessageNotReadableException: JSON parse error: Cannot construct instance of `com.qmis.entity.Employee` (although at least one Creator exists): no String-argument constructor/factory method to deserialize from String value ('string'); nested exception is com.fasterxml.jackson.databind.exc.MismatchedInputException: Cannot construct instance of `com.qmis.entity.Employee` (although at least one Creator exists): no String-argument constructor/factory method to deserialize from String value ('string')<LF> at [Source: (PushbackInputStream); line: 13, column: 7] (through reference chain: com.qmis.entity.Employee["department"]->com.qmis.entity.Department["employeeList"]->java.util.ArrayList[0])]
2022-04-16 17:13:19.904 [http-nio-8086-exec-8] ERROR o.a.c.c.C.[.[.[.[dispatcherServlet] : Servlet.service() for servlet [dispatcherServlet] in context with path [] threw exception [Request processing failed; nested exception is org.springframework.dao.DataIntegrityViolationException: not-null property references a null or transient value : com.qmis.entity.Employee.department; nested exception is org.hibernate.PropertyValueException: not-null property references a null or transient value : com.qmis.entity.Employee.department] with root cause
org.hibernate.PropertyValueException: not-null property references a null or transient value : com.qmis.entity.Employee.department
	at org.hibernate.engine.internal.Nullability.checkNullability(Nullability.java:111)
	at org.hibernate.engine.internal.Nullability.checkNullability(Nullability.java:55)
	at org.hibernate.action.internal.AbstractEntityInsertAction.nullifyTransientReferencesIfNotAlready(AbstractEntityInsertAction.java:116)
	at org.hibernate.action.internal.EntityIdentityInsertAction.execute(EntityIdentityInsertAction.java:72)
	at org.hibernate.engine.spi.ActionQueue.execute(ActionQueue.java:645)
	at org.hibernate.engine.spi.ActionQueue.addResolvedEntityInsertAction(ActionQueue.java:282)
	at org.hibernate.engine.spi.ActionQueue.addInsertAction(ActionQueue.java:263)
	at org.hibernate.engine.spi.ActionQueue.addAction(ActionQueue.java:317)
	at org.hibernate.event.internal.AbstractSaveEventListener.addInsertAction(AbstractSaveEventListener.java:330)
	at org.hibernate.event.internal.AbstractSaveEventListener.performSaveOrReplicate(AbstractSaveEventListener.java:287)
	at org.hibernate.event.internal.AbstractSaveEventListener.performSave(AbstractSaveEventListener.java:193)
	at org.hibernate.event.internal.AbstractSaveEventListener.saveWithGeneratedId(AbstractSaveEventListener.java:123)
	at org.hibernate.event.internal.DefaultMergeEventListener.saveTransientEntity(DefaultMergeEventListener.java:271)
	at org.hibernate.event.internal.DefaultMergeEventListener.entityIsTransient(DefaultMergeEventListener.java:243)
	at org.hibernate.event.internal.DefaultMergeEventListener.entityIsDetached(DefaultMergeEventListener.java:318)
	at org.hibernate.event.internal.DefaultMergeEventListener.onMerge(DefaultMergeEventListener.java:172)
	at org.hibernate.event.internal.DefaultMergeEventListener.onMerge(DefaultMergeEventListener.java:70)
	at org.hibernate.event.service.internal.EventListenerGroupImpl.fireEventOnEachListener(EventListenerGroupImpl.java:107)
	at org.hibernate.internal.SessionImpl.fireMerge(SessionImpl.java:829)
	at org.hibernate.internal.SessionImpl.merge(SessionImpl.java:816)
	at java.base/jdk.internal.reflect.NativeMethodAccessorImpl.invoke0(Native Method)
	at java.base/jdk.internal.reflect.NativeMethodAccessorImpl.invoke(NativeMethodAccessorImpl.java:77)
	at java.base/jdk.internal.reflect.DelegatingMethodAccessorImpl.invoke(DelegatingMethodAccessorImpl.java:43)
	at java.base/java.lang.reflect.Method.invoke(Method.java:568)
	at org.springframework.orm.jpa.ExtendedEntityManagerCreator$ExtendedEntityManagerInvocationHandler.invoke(ExtendedEntityManagerCreator.java:362)
	at jdk.proxy2/jdk.proxy2.$Proxy113.merge(Unknown Source)
	at java.base/jdk.internal.reflect.NativeMethodAccessorImpl.invoke0(Native Method)
	at java.base/jdk.internal.reflect.NativeMethodAccessorImpl.invoke(NativeMethodAccessorImpl.java:77)
	at java.base/jdk.internal.reflect.DelegatingMethodAccessorImpl.invoke(DelegatingMethodAccessorImpl.java:43)
	at java.base/java.lang.reflect.Method.invoke(Method.java:568)
	at org.springframework.orm.jpa.SharedEntityManagerCreator$SharedEntityManagerInvocationHandler.invoke(SharedEntityManagerCreator.java:311)
	at jdk.proxy2/jdk.proxy2.$Proxy113.merge(Unknown Source)
	at org.springframework.data.jpa.repository.support.SimpleJpaRepository.save(SimpleJpaRepository.java:600)
	at java.base/jdk.internal.reflect.NativeMethodAccessorImpl.invoke0(Native Method)
	at java.base/jdk.internal.reflect.NativeMethodAccessorImpl.invoke(NativeMethodAccessorImpl.java:77)
	at java.base/jdk.internal.reflect.DelegatingMethodAccessorImpl.invoke(DelegatingMethodAccessorImpl.java:43)
	at java.base/java.lang.reflect.Method.invoke(Method.java:568)
	at org.springframework.data.repository.core.support.RepositoryMethodInvoker$RepositoryFragmentMethodInvoker.lambda$new$0(RepositoryMethodInvoker.java:289)
	at org.springframework.data.repository.core.support.RepositoryMethodInvoker.doInvoke(RepositoryMethodInvoker.java:137)
	at org.springframework.data.repository.core.support.RepositoryMethodInvoker.invoke(RepositoryMethodInvoker.java:121)
	at org.springframework.data.repository.core.support.RepositoryComposition$RepositoryFragments.invoke(RepositoryComposition.java:529)
	at org.springframework.data.repository.core.support.RepositoryComposition.invoke(RepositoryComposition.java:285)
	at org.springframework.data.repository.core.support.RepositoryFactorySupport$ImplementationMethodExecutionInterceptor.invoke(RepositoryFactorySupport.java:599)
	at org.springframework.aop.framework.ReflectiveMethodInvocation.proceed(ReflectiveMethodInvocation.java:186)
	at org.springframework.data.repository.core.support.QueryExecutorMethodInterceptor.doInvoke(QueryExecutorMethodInterceptor.java:163)
	at org.springframework.data.repository.core.support.QueryExecutorMethodInterceptor.invoke(QueryExecutorMethodInterceptor.java:138)
	at org.springframework.aop.framework.ReflectiveMethodInvocation.proceed(ReflectiveMethodInvocation.java:186)
	at org.springframework.data.projection.DefaultMethodInvokingMethodInterceptor.invoke(DefaultMethodInvokingMethodInterceptor.java:80)
	at org.springframework.aop.framework.ReflectiveMethodInvocation.proceed(ReflectiveMethodInvocation.java:186)
	at org.springframework.transaction.interceptor.TransactionInterceptor$1.proceedWithInvocation(TransactionInterceptor.java:123)
	at org.springframework.transaction.interceptor.TransactionAspectSupport.invokeWithinTransaction(TransactionAspectSupport.java:388)
	at org.springframework.transaction.interceptor.TransactionInterceptor.invoke(TransactionInterceptor.java:119)
	at org.springframework.aop.framework.ReflectiveMethodInvocation.proceed(ReflectiveMethodInvocation.java:186)
	at org.springframework.dao.support.PersistenceExceptionTranslationInterceptor.invoke(PersistenceExceptionTranslationInterceptor.java:137)
	at org.springframework.aop.framework.ReflectiveMethodInvocation.proceed(ReflectiveMethodInvocation.java:186)
	at org.springframework.data.jpa.repository.support.CrudMethodMetadataPostProcessor$CrudMethodMetadataPopulatingMethodInterceptor.invoke(CrudMethodMetadataPostProcessor.java:174)
	at org.springframework.aop.framework.ReflectiveMethodInvocation.proceed(ReflectiveMethodInvocation.java:186)
	at org.springframework.aop.interceptor.ExposeInvocationInterceptor.invoke(ExposeInvocationInterceptor.java:97)
	at org.springframework.aop.framework.ReflectiveMethodInvocation.proceed(ReflectiveMethodInvocation.java:186)
	at org.springframework.aop.framework.JdkDynamicAopProxy.invoke(JdkDynamicAopProxy.java:215)
	at jdk.proxy2/jdk.proxy2.$Proxy119.save(Unknown Source)
	at com.qmis.service.EmployeeServiceImpl.saveEmployee(EmployeeServiceImpl.java:22)
	at com.qmis.controller.EmployeeController.saveEmployee(EmployeeController.java:29)
	at java.base/jdk.internal.reflect.NativeMethodAccessorImpl.invoke0(Native Method)
	at java.base/jdk.internal.reflect.NativeMethodAccessorImpl.invoke(NativeMethodAccessorImpl.java:77)
	at java.base/jdk.internal.reflect.DelegatingMethodAccessorImpl.invoke(DelegatingMethodAccessorImpl.java:43)
	at java.base/java.lang.reflect.Method.invoke(Method.java:568)
	at org.springframework.web.method.support.InvocableHandlerMethod.doInvoke(InvocableHandlerMethod.java:205)
	at org.springframework.web.method.support.InvocableHandlerMethod.invokeForRequest(InvocableHandlerMethod.java:150)
	at org.springframework.web.servlet.mvc.method.annotation.ServletInvocableHandlerMethod.invokeAndHandle(ServletInvocableHandlerMethod.java:117)
	at org.springframework.web.servlet.mvc.method.annotation.RequestMappingHandlerAdapter.invokeHandlerMethod(RequestMappingHandlerAdapter.java:895)
	at org.springframework.web.servlet.mvc.method.annotation.RequestMappingHandlerAdapter.handleInternal(RequestMappingHandlerAdapter.java:808)
	at org.springframework.web.servlet.mvc.method.AbstractHandlerMethodAdapter.handle(AbstractHandlerMethodAdapter.java:87)
	at org.springframework.web.servlet.DispatcherServlet.doDispatch(DispatcherServlet.java:1067)
	at org.springframework.web.servlet.DispatcherServlet.doService(DispatcherServlet.java:963)
	at org.springframework.web.servlet.FrameworkServlet.processRequest(FrameworkServlet.java:1006)
	at org.springframework.web.servlet.FrameworkServlet.doPost(FrameworkServlet.java:909)
	at javax.servlet.http.HttpServlet.service(HttpServlet.java:681)
	at org.springframework.web.servlet.FrameworkServlet.service(FrameworkServlet.java:883)
	at javax.servlet.http.HttpServlet.service(HttpServlet.java:764)
	at org.apache.catalina.core.ApplicationFilterChain.internalDoFilter(ApplicationFilterChain.java:227)
	at org.apache.catalina.core.ApplicationFilterChain.doFilter(ApplicationFilterChain.java:162)
	at org.apache.tomcat.websocket.server.WsFilter.doFilter(WsFilter.java:53)
	at org.apache.catalina.core.ApplicationFilterChain.internalDoFilter(ApplicationFilterChain.java:189)
	at org.apache.catalina.core.ApplicationFilterChain.doFilter(ApplicationFilterChain.java:162)
	at org.springframework.web.filter.RequestContextFilter.doFilterInternal(RequestContextFilter.java:100)
	at org.springframework.web.filter.OncePerRequestFilter.doFilter(OncePerRequestFilter.java:119)
	at org.apache.catalina.core.ApplicationFilterChain.internalDoFilter(ApplicationFilterChain.java:189)
	at org.apache.catalina.core.ApplicationFilterChain.doFilter(ApplicationFilterChain.java:162)
	at org.springframework.web.filter.FormContentFilter.doFilterInternal(FormContentFilter.java:93)
	at org.springframework.web.filter.OncePerRequestFilter.doFilter(OncePerRequestFilter.java:119)
	at org.apache.catalina.core.ApplicationFilterChain.internalDoFilter(ApplicationFilterChain.java:189)
	at org.apache.catalina.core.ApplicationFilterChain.doFilter(ApplicationFilterChain.java:162)
	at org.springframework.web.filter.CharacterEncodingFilter.doFilterInternal(CharacterEncodingFilter.java:201)
	at org.springframework.web.filter.OncePerRequestFilter.doFilter(OncePerRequestFilter.java:119)
	at org.apache.catalina.core.ApplicationFilterChain.internalDoFilter(ApplicationFilterChain.java:189)
	at org.apache.catalina.core.ApplicationFilterChain.doFilter(ApplicationFilterChain.java:162)
	at org.apache.catalina.core.StandardWrapperValve.invoke(StandardWrapperValve.java:197)
	at org.apache.catalina.core.StandardContextValve.invoke(StandardContextValve.java:97)
	at org.apache.catalina.authenticator.AuthenticatorBase.invoke(AuthenticatorBase.java:540)
	at org.apache.catalina.core.StandardHostValve.invoke(StandardHostValve.java:135)
	at org.apache.catalina.valves.ErrorReportValve.invoke(ErrorReportValve.java:92)
	at org.apache.catalina.core.StandardEngineValve.invoke(StandardEngineValve.java:78)
	at org.apache.catalina.connector.CoyoteAdapter.service(CoyoteAdapter.java:357)
	at org.apache.coyote.http11.Http11Processor.service(Http11Processor.java:382)
	at org.apache.coyote.AbstractProcessorLight.process(AbstractProcessorLight.java:65)
	at org.apache.coyote.AbstractProtocol$ConnectionHandler.process(AbstractProtocol.java:895)
	at org.apache.tomcat.util.net.NioEndpoint$SocketProcessor.doRun(NioEndpoint.java:1722)
	at org.apache.tomcat.util.net.SocketProcessorBase.run(SocketProcessorBase.java:49)
	at org.apache.tomcat.util.threads.ThreadPoolExecutor.runWorker(ThreadPoolExecutor.java:1191)
	at org.apache.tomcat.util.threads.ThreadPoolExecutor$Worker.run(ThreadPoolExecutor.java:659)
	at org.apache.tomcat.util.threads.TaskThread$WrappingRunnable.run(TaskThread.java:61)
	at java.base/java.lang.Thread.run(Thread.java:833)
2022-04-16 17:14:04.132 [http-nio-8086-exec-7] WARN  o.s.w.s.m.s.DefaultHandlerExceptionResolver : Resolved [org.springframework.http.converter.HttpMessageNotReadableException: JSON parse error: Cannot construct instance of `com.qmis.entity.Department` (although at least one Creator exists): no String-argument constructor/factory method to deserialize from String value ('toilet'); nested exception is com.fasterxml.jackson.databind.exc.MismatchedInputException: Cannot construct instance of `com.qmis.entity.Department` (although at least one Creator exists): no String-argument constructor/factory method to deserialize from String value ('toilet')<LF> at [Source: (PushbackInputStream); line: 7, column: 16] (through reference chain: com.qmis.entity.Employee["department"])]
2022-04-16 17:57:56.700 [http-nio-8086-exec-9] WARN  o.s.w.s.m.s.DefaultHandlerExceptionResolver : Resolved [org.springframework.web.bind.MissingPathVariableException: Required URI template variable 'employeeId' for method parameter type int is not present] 
2022-04-16 17:58:39.311 [SpringApplicationShutdownHook] INFO  o.s.o.j.LocalContainerEntityManagerFactoryBean : Closing JPA EntityManagerFactory for persistence unit 'default' 
2022-04-16 17:58:39.313 [SpringApplicationShutdownHook] INFO  com.zaxxer.hikari.HikariDataSource : HikariPool-1 - Shutdown initiated... 
2022-04-16 17:58:39.315 [SpringApplicationShutdownHook] INFO  com.zaxxer.hikari.HikariDataSource : HikariPool-1 - Shutdown completed. 
2022-04-16 17:58:43.520 [main] INFO  com.qmis.Application : Starting Application using Java 17.0.2 on QMIS with PID 13912 (K:\Project\HandbookDD\handbook\target\classes started by Kron Costa in K:\Project\HandbookDD) 
2022-04-16 17:58:43.522 [main] INFO  com.qmis.Application : No active profile set, falling back to default profiles: default 
2022-04-16 17:58:44.224 [main] INFO  o.s.d.r.c.RepositoryConfigurationDelegate : Bootstrapping Spring Data JPA repositories in DEFAULT mode. 
2022-04-16 17:58:44.259 [main] INFO  o.s.d.r.c.RepositoryConfigurationDelegate : Finished Spring Data repository scanning in 30 ms. Found 2 JPA repository interfaces. 
2022-04-16 17:58:44.351 [main] INFO  o.s.c.context.scope.GenericScope : BeanFactory id=f5f6e514-30e3-3c58-9083-16eca694271b 
2022-04-16 17:58:44.544 [main] INFO  o.s.b.w.e.tomcat.TomcatWebServer : Tomcat initialized with port(s): 8086 (http) 
2022-04-16 17:58:44.550 [main] INFO  o.a.catalina.core.StandardService : Starting service [Tomcat] 
2022-04-16 17:58:44.550 [main] INFO  o.a.catalina.core.StandardEngine : Starting Servlet engine: [Apache Tomcat/9.0.54] 
2022-04-16 17:58:44.606 [main] INFO  o.a.c.c.C.[Tomcat].[localhost].[/] : Initializing Spring embedded WebApplicationContext 
2022-04-16 17:58:44.607 [main] INFO  o.s.b.w.s.c.ServletWebServerApplicationContext : Root WebApplicationContext: initialization completed in 1057 ms 
2022-04-16 17:58:44.723 [main] INFO  com.zaxxer.hikari.HikariDataSource : HikariPool-1 - Starting... 
2022-04-16 17:58:44.828 [main] INFO  com.zaxxer.hikari.HikariDataSource : HikariPool-1 - Start completed. 
2022-04-16 17:58:44.908 [main] INFO  liquibase.database : Set default schema name to public 
2022-04-16 17:58:44.951 [main] INFO  liquibase.lockservice : Successfully acquired change log lock 
2022-04-16 17:58:45.195 [main] INFO  liquibase.changelog : Reading from public.databasechangelog 
2022-04-16 17:58:45.229 [main] INFO  liquibase.lockservice : Successfully released change log lock 
2022-04-16 17:58:45.283 [main] INFO  o.h.jpa.internal.util.LogHelper : HHH000204: Processing PersistenceUnitInfo [name: default] 
2022-04-16 17:58:45.310 [main] INFO  org.hibernate.Version : HHH000412: Hibernate ORM core version 5.6.7.Final 
2022-04-16 17:58:45.376 [main] INFO  o.h.annotations.common.Version : HCANN000001: Hibernate Commons Annotations {5.1.2.Final} 
2022-04-16 17:58:45.436 [main] INFO  org.hibernate.dialect.Dialect : HHH000400: Using dialect: org.hibernate.dialect.PostgreSQL9Dialect 
2022-04-16 17:58:45.759 [main] INFO  o.h.e.t.j.p.i.JtaPlatformInitiator : HHH000490: Using JtaPlatform implementation: [org.hibernate.engine.transaction.jta.platform.internal.NoJtaPlatform] 
2022-04-16 17:58:45.765 [main] INFO  o.s.o.j.LocalContainerEntityManagerFactoryBean : Initialized JPA EntityManagerFactory for persistence unit 'default' 
2022-04-16 17:58:46.058 [main] WARN  o.s.b.a.o.j.JpaBaseConfiguration$JpaWebConfiguration : spring.jpa.open-in-view is enabled by default. Therefore, database queries may be performed during view rendering. Explicitly configure spring.jpa.open-in-view to disable this warning 
2022-04-16 17:58:46.516 [main] INFO  o.s.b.w.e.tomcat.TomcatWebServer : Tomcat started on port(s): 8086 (http) with context path '' 
2022-04-16 17:58:46.712 [main] INFO  com.qmis.Application : Started Application in 3.589 seconds (JVM running for 4.077) 
2022-04-16 17:58:55.433 [http-nio-8086-exec-1] INFO  o.a.c.c.C.[Tomcat].[localhost].[/] : Initializing Spring DispatcherServlet 'dispatcherServlet' 
2022-04-16 17:58:55.433 [http-nio-8086-exec-1] INFO  o.s.web.servlet.DispatcherServlet : Initializing Servlet 'dispatcherServlet' 
2022-04-16 17:58:55.435 [http-nio-8086-exec-1] INFO  o.s.web.servlet.DispatcherServlet : Completed initialization in 2 ms 
2022-04-16 18:11:46.246 [SpringApplicationShutdownHook] INFO  o.s.o.j.LocalContainerEntityManagerFactoryBean : Closing JPA EntityManagerFactory for persistence unit 'default' 
2022-04-16 18:11:46.247 [SpringApplicationShutdownHook] INFO  com.zaxxer.hikari.HikariDataSource : HikariPool-1 - Shutdown initiated... 
2022-04-16 18:11:46.249 [SpringApplicationShutdownHook] INFO  com.zaxxer.hikari.HikariDataSource : HikariPool-1 - Shutdown completed. 
2022-04-16 18:12:50.578 [main] INFO  com.qmis.Application : Starting Application using Java 17.0.2 on QMIS with PID 4396 (K:\Project\HandbookDD\handbook\target\classes started by Kron Costa in K:\Project\HandbookDD) 
2022-04-16 18:12:50.580 [main] INFO  com.qmis.Application : No active profile set, falling back to default profiles: default 
2022-04-16 18:12:51.146 [main] INFO  o.s.d.r.c.RepositoryConfigurationDelegate : Bootstrapping Spring Data JPA repositories in DEFAULT mode. 
2022-04-16 18:12:51.179 [main] INFO  o.s.d.r.c.RepositoryConfigurationDelegate : Finished Spring Data repository scanning in 28 ms. Found 2 JPA repository interfaces. 
2022-04-16 18:12:51.275 [main] INFO  o.s.c.context.scope.GenericScope : BeanFactory id=f5f6e514-30e3-3c58-9083-16eca694271b 
2022-04-16 18:12:51.471 [main] INFO  o.s.b.w.e.tomcat.TomcatWebServer : Tomcat initialized with port(s): 8086 (http) 
2022-04-16 18:12:51.480 [main] INFO  o.a.catalina.core.StandardService : Starting service [Tomcat] 
2022-04-16 18:12:51.480 [main] INFO  o.a.catalina.core.StandardEngine : Starting Servlet engine: [Apache Tomcat/9.0.54] 
2022-04-16 18:12:51.534 [main] INFO  o.a.c.c.C.[Tomcat].[localhost].[/] : Initializing Spring embedded WebApplicationContext 
2022-04-16 18:12:51.534 [main] INFO  o.s.b.w.s.c.ServletWebServerApplicationContext : Root WebApplicationContext: initialization completed in 927 ms 
2022-04-16 18:12:51.651 [main] INFO  com.zaxxer.hikari.HikariDataSource : HikariPool-1 - Starting... 
2022-04-16 18:12:51.757 [main] INFO  com.zaxxer.hikari.HikariDataSource : HikariPool-1 - Start completed. 
2022-04-16 18:12:51.836 [main] INFO  liquibase.database : Set default schema name to public 
2022-04-16 18:12:51.899 [main] INFO  liquibase.lockservice : Successfully acquired change log lock 
2022-04-16 18:12:52.091 [main] INFO  liquibase.changelog : Creating database history table with name: public.databasechangelog 
2022-04-16 18:12:52.096 [main] INFO  liquibase.changelog : Reading from public.databasechangelog 
2022-04-16 18:12:52.171 [main] INFO  liquibase.changelog : Table employee created 
2022-04-16 18:12:52.172 [main] INFO  liquibase.changelog : ChangeSet db/changelog/03-2022/30-03-changelog.xml::createTableEmployee::QMIS ran successfully in 8ms 
2022-04-16 18:12:52.180 [main] INFO  liquibase.changelog : Table department created 
2022-04-16 18:12:52.180 [main] INFO  liquibase.changelog : ChangeSet db/changelog/03-2022/30-03-changelog.xml::createTableDepartment::QMIS ran successfully in 5ms 
2022-04-16 18:12:52.185 [main] INFO  liquibase.changelog : Table department_repository created 
2022-04-16 18:12:52.185 [main] INFO  liquibase.changelog : ChangeSet db/changelog/03-2022/30-03-changelog.xml::createTableDepartmentRepository::QMIS ran successfully in 3ms 
2022-04-16 18:12:52.189 [main] INFO  liquibase.changelog : Index dep_index created 
2022-04-16 18:12:52.190 [main] INFO  liquibase.changelog : ChangeSet db/changelog/03-2022/30-03-changelog.xml::createDepartmentIndex::QMIS ran successfully in 3ms 
2022-04-16 18:12:52.195 [main] INFO  liquibase.changelog : Foreign key constraint added to department_repository (parent_id) 
2022-04-16 18:12:52.195 [main] INFO  liquibase.changelog : ChangeSet db/changelog/03-2022/30-03-changelog.xml::addForeignKeyDepartmentRepository::QMIS ran successfully in 4ms 
2022-04-16 18:12:52.202 [main] INFO  liquibase.changelog : Table user created 
2022-04-16 18:12:52.202 [main] INFO  liquibase.changelog : ChangeSet db/changelog/03-2022/30-03-changelog.xml::addUserTable::QMIS ran successfully in 5ms 
2022-04-16 18:12:52.208 [main] INFO  liquibase.lockservice : Successfully released change log lock 
2022-04-16 18:12:52.210 [main] WARN  o.s.b.w.s.c.AnnotationConfigServletWebServerApplicationContext : Exception encountered during context initialization - cancelling refresh attempt: org.springframework.beans.factory.BeanCreationException: Error creating bean with name 'liquibase' defined in class path resource [org/springframework/boot/autoconfigure/liquibase/LiquibaseAutoConfiguration$LiquibaseConfiguration.class]: Invocation of init method failed; nested exception is liquibase.exception.LiquibaseException: liquibase.exception.MigrationFailedException: Migration failed for change set db/changelog/04-2022/04-04-changelog.yml::20220404::QMIS:
     Reason: liquibase.exception.DatabaseException: ОШИБКА: столбец "first_name" в таблице "employee" не существует
  Позиция: 30 [Failed SQL: (0) INSERT INTO public.employee (first_name, last_name, email, emp_date, position, role) VALUES ('Валерий', 'Жмышенко', 'pvnz@mail.com', '2020-11-27 07:57:05', 'Специалист', 'USER')] 
2022-04-16 18:12:52.210 [main] INFO  com.zaxxer.hikari.HikariDataSource : HikariPool-1 - Shutdown initiated... 
2022-04-16 18:12:52.213 [main] INFO  com.zaxxer.hikari.HikariDataSource : HikariPool-1 - Shutdown completed. 
2022-04-16 18:12:52.216 [main] INFO  o.a.catalina.core.StandardService : Stopping service [Tomcat] 
2022-04-16 18:12:52.223 [main] INFO  o.s.b.a.l.ConditionEvaluationReportLoggingListener : 

Error starting ApplicationContext. To display the conditions report re-run your application with 'debug' enabled. 
2022-04-16 18:12:52.238 [main] ERROR o.s.boot.SpringApplication : Application run failed 
org.springframework.beans.factory.BeanCreationException: Error creating bean with name 'liquibase' defined in class path resource [org/springframework/boot/autoconfigure/liquibase/LiquibaseAutoConfiguration$LiquibaseConfiguration.class]: Invocation of init method failed; nested exception is liquibase.exception.LiquibaseException: liquibase.exception.MigrationFailedException: Migration failed for change set db/changelog/04-2022/04-04-changelog.yml::20220404::QMIS:
     Reason: liquibase.exception.DatabaseException: ОШИБКА: столбец "first_name" в таблице "employee" не существует
  Позиция: 30 [Failed SQL: (0) INSERT INTO public.employee (first_name, last_name, email, emp_date, position, role) VALUES ('Валерий', 'Жмышенко', 'pvnz@mail.com', '2020-11-27 07:57:05', 'Специалист', 'USER')]
	at org.springframework.beans.factory.support.AbstractAutowireCapableBeanFactory.initializeBean(AbstractAutowireCapableBeanFactory.java:1804)
	at org.springframework.beans.factory.support.AbstractAutowireCapableBeanFactory.doCreateBean(AbstractAutowireCapableBeanFactory.java:620)
	at org.springframework.beans.factory.support.AbstractAutowireCapableBeanFactory.createBean(AbstractAutowireCapableBeanFactory.java:542)
	at org.springframework.beans.factory.support.AbstractBeanFactory.lambda$doGetBean$0(AbstractBeanFactory.java:335)
	at org.springframework.beans.factory.support.DefaultSingletonBeanRegistry.getSingleton(DefaultSingletonBeanRegistry.java:234)
	at org.springframework.beans.factory.support.AbstractBeanFactory.doGetBean(AbstractBeanFactory.java:333)
	at org.springframework.beans.factory.support.AbstractBeanFactory.getBean(AbstractBeanFactory.java:208)
	at org.springframework.beans.factory.support.AbstractBeanFactory.doGetBean(AbstractBeanFactory.java:322)
	at org.springframework.beans.factory.support.AbstractBeanFactory.getBean(AbstractBeanFactory.java:208)
	at org.springframework.context.support.AbstractApplicationContext.getBean(AbstractApplicationContext.java:1154)
	at org.springframework.context.support.AbstractApplicationContext.finishBeanFactoryInitialization(AbstractApplicationContext.java:908)
	at org.springframework.context.support.AbstractApplicationContext.refresh(AbstractApplicationContext.java:583)
	at org.springframework.boot.web.servlet.context.ServletWebServerApplicationContext.refresh(ServletWebServerApplicationContext.java:145)
	at org.springframework.boot.SpringApplication.refresh(SpringApplication.java:754)
	at org.springframework.boot.SpringApplication.refreshContext(SpringApplication.java:434)
	at org.springframework.boot.SpringApplication.run(SpringApplication.java:338)
	at org.springframework.boot.SpringApplication.run(SpringApplication.java:1343)
	at org.springframework.boot.SpringApplication.run(SpringApplication.java:1332)
	at com.qmis.Application.main(Application.java:12)
Caused by: liquibase.exception.LiquibaseException: liquibase.exception.MigrationFailedException: Migration failed for change set db/changelog/04-2022/04-04-changelog.yml::20220404::QMIS:
     Reason: liquibase.exception.DatabaseException: ОШИБКА: столбец "first_name" в таблице "employee" не существует
  Позиция: 30 [Failed SQL: (0) INSERT INTO public.employee (first_name, last_name, email, emp_date, position, role) VALUES ('Валерий', 'Жмышенко', 'pvnz@mail.com', '2020-11-27 07:57:05', 'Специалист', 'USER')]
	at liquibase.changelog.ChangeLogIterator.run(ChangeLogIterator.java:126)
	at liquibase.Liquibase.lambda$null$0(Liquibase.java:265)
	at liquibase.Scope.lambda$child$0(Scope.java:180)
	at liquibase.Scope.child(Scope.java:189)
	at liquibase.Scope.child(Scope.java:179)
	at liquibase.Scope.child(Scope.java:158)
	at liquibase.Scope.child(Scope.java:243)
	at liquibase.Liquibase.lambda$update$1(Liquibase.java:264)
	at liquibase.Scope.lambda$child$0(Scope.java:180)
	at liquibase.Scope.child(Scope.java:189)
	at liquibase.Scope.child(Scope.java:179)
	at liquibase.Scope.child(Scope.java:158)
	at liquibase.Liquibase.runInScope(Liquibase.java:2405)
	at liquibase.Liquibase.update(Liquibase.java:211)
	at liquibase.Liquibase.update(Liquibase.java:197)
	at liquibase.integration.spring.SpringLiquibase.performUpdate(SpringLiquibase.java:314)
	at liquibase.integration.spring.SpringLiquibase.afterPropertiesSet(SpringLiquibase.java:269)
	at org.springframework.beans.factory.support.AbstractAutowireCapableBeanFactory.invokeInitMethods(AbstractAutowireCapableBeanFactory.java:1863)
	at org.springframework.beans.factory.support.AbstractAutowireCapableBeanFactory.initializeBean(AbstractAutowireCapableBeanFactory.java:1800)
	... 18 common frames omitted
Caused by: liquibase.exception.MigrationFailedException: Migration failed for change set db/changelog/04-2022/04-04-changelog.yml::20220404::QMIS:
     Reason: liquibase.exception.DatabaseException: ОШИБКА: столбец "first_name" в таблице "employee" не существует
  Позиция: 30 [Failed SQL: (0) INSERT INTO public.employee (first_name, last_name, email, emp_date, position, role) VALUES ('Валерий', 'Жмышенко', 'pvnz@mail.com', '2020-11-27 07:57:05', 'Специалист', 'USER')]
	at liquibase.changelog.ChangeSet.execute(ChangeSet.java:696)
	at liquibase.changelog.visitor.UpdateVisitor.visit(UpdateVisitor.java:56)
	at liquibase.changelog.ChangeLogIterator$2.lambda$null$0(ChangeLogIterator.java:113)
	at liquibase.Scope.lambda$child$0(Scope.java:180)
	at liquibase.Scope.child(Scope.java:189)
	at liquibase.Scope.child(Scope.java:179)
	at liquibase.Scope.child(Scope.java:158)
	at liquibase.changelog.ChangeLogIterator$2.lambda$run$1(ChangeLogIterator.java:112)
	at liquibase.Scope.lambda$child$0(Scope.java:180)
	at liquibase.Scope.child(Scope.java:189)
	at liquibase.Scope.child(Scope.java:179)
	at liquibase.Scope.child(Scope.java:158)
	at liquibase.Scope.child(Scope.java:243)
	at liquibase.changelog.ChangeLogIterator$2.run(ChangeLogIterator.java:93)
	at liquibase.Scope.lambda$child$0(Scope.java:180)
	at liquibase.Scope.child(Scope.java:189)
	at liquibase.Scope.child(Scope.java:179)
	at liquibase.Scope.child(Scope.java:158)
	at liquibase.Scope.child(Scope.java:243)
	at liquibase.Scope.child(Scope.java:247)
	at liquibase.changelog.ChangeLogIterator.run(ChangeLogIterator.java:65)
	... 36 common frames omitted
Caused by: liquibase.exception.DatabaseException: ОШИБКА: столбец "first_name" в таблице "employee" не существует
  Позиция: 30 [Failed SQL: (0) INSERT INTO public.employee (first_name, last_name, email, emp_date, position, role) VALUES ('Валерий', 'Жмышенко', 'pvnz@mail.com', '2020-11-27 07:57:05', 'Специалист', 'USER')]
	at liquibase.executor.jvm.JdbcExecutor$ExecuteStatementCallback.doInStatement(JdbcExecutor.java:397)
	at liquibase.executor.jvm.JdbcExecutor.execute(JdbcExecutor.java:83)
	at liquibase.executor.jvm.JdbcExecutor.execute(JdbcExecutor.java:151)
	at liquibase.database.AbstractJdbcDatabase.execute(AbstractJdbcDatabase.java:1279)
	at liquibase.database.AbstractJdbcDatabase.executeStatements(AbstractJdbcDatabase.java:1261)
	at liquibase.changelog.ChangeSet.execute(ChangeSet.java:661)
	... 56 common frames omitted
Caused by: org.postgresql.util.PSQLException: ОШИБКА: столбец "first_name" в таблице "employee" не существует
  Позиция: 30
	at org.postgresql.core.v3.QueryExecutorImpl.receiveErrorResponse(QueryExecutorImpl.java:2675)
	at org.postgresql.core.v3.QueryExecutorImpl.processResults(QueryExecutorImpl.java:2365)
	at org.postgresql.core.v3.QueryExecutorImpl.execute(QueryExecutorImpl.java:355)
	at org.postgresql.jdbc.PgStatement.executeInternal(PgStatement.java:490)
	at org.postgresql.jdbc.PgStatement.execute(PgStatement.java:408)
	at org.postgresql.jdbc.PgStatement.executeWithFlags(PgStatement.java:329)
	at org.postgresql.jdbc.PgStatement.executeCachedSql(PgStatement.java:315)
	at org.postgresql.jdbc.PgStatement.executeWithFlags(PgStatement.java:291)
	at org.postgresql.jdbc.PgStatement.execute(PgStatement.java:286)
	at com.zaxxer.hikari.pool.ProxyStatement.execute(ProxyStatement.java:94)
	at com.zaxxer.hikari.pool.HikariProxyStatement.execute(HikariProxyStatement.java)
	at liquibase.executor.jvm.JdbcExecutor$ExecuteStatementCallback.doInStatement(JdbcExecutor.java:393)
	... 61 common frames omitted
2022-04-16 18:14:16.272 [main] INFO  com.qmis.Application : Starting Application using Java 17.0.2 on QMIS with PID 29376 (K:\Project\HandbookDD\handbook\target\classes started by Kron Costa in K:\Project\HandbookDD) 
2022-04-16 18:14:16.273 [main] INFO  com.qmis.Application : No active profile set, falling back to default profiles: default 
2022-04-16 18:14:16.838 [main] INFO  o.s.d.r.c.RepositoryConfigurationDelegate : Bootstrapping Spring Data JPA repositories in DEFAULT mode. 
2022-04-16 18:14:16.875 [main] INFO  o.s.d.r.c.RepositoryConfigurationDelegate : Finished Spring Data repository scanning in 32 ms. Found 2 JPA repository interfaces. 
2022-04-16 18:14:16.971 [main] INFO  o.s.c.context.scope.GenericScope : BeanFactory id=f5f6e514-30e3-3c58-9083-16eca694271b 
2022-04-16 18:14:17.169 [main] INFO  o.s.b.w.e.tomcat.TomcatWebServer : Tomcat initialized with port(s): 8086 (http) 
2022-04-16 18:14:17.174 [main] INFO  o.a.catalina.core.StandardService : Starting service [Tomcat] 
2022-04-16 18:14:17.175 [main] INFO  o.a.catalina.core.StandardEngine : Starting Servlet engine: [Apache Tomcat/9.0.54] 
2022-04-16 18:14:17.233 [main] INFO  o.a.c.c.C.[Tomcat].[localhost].[/] : Initializing Spring embedded WebApplicationContext 
2022-04-16 18:14:17.234 [main] INFO  o.s.b.w.s.c.ServletWebServerApplicationContext : Root WebApplicationContext: initialization completed in 928 ms 
2022-04-16 18:14:17.358 [main] INFO  com.zaxxer.hikari.HikariDataSource : HikariPool-1 - Starting... 
2022-04-16 18:14:17.470 [main] INFO  com.zaxxer.hikari.HikariDataSource : HikariPool-1 - Start completed. 
2022-04-16 18:14:17.549 [main] INFO  liquibase.database : Set default schema name to public 
2022-04-16 18:14:17.592 [main] INFO  liquibase.lockservice : Successfully acquired change log lock 
2022-04-16 18:14:17.819 [main] INFO  liquibase.changelog : Reading from public.databasechangelog 
2022-04-16 18:14:17.858 [main] INFO  liquibase.changelog : New row inserted into employee 
2022-04-16 18:14:17.859 [main] INFO  liquibase.changelog : New row inserted into employee 
2022-04-16 18:14:17.860 [main] INFO  liquibase.changelog : New row inserted into employee 
2022-04-16 18:14:17.861 [main] INFO  liquibase.changelog : New row inserted into employee 
2022-04-16 18:14:17.862 [main] INFO  liquibase.changelog : ChangeSet db/changelog/04-2022/04-04-changelog.yml::20220404::QMIS ran successfully in 7ms 
2022-04-16 18:14:17.865 [main] INFO  liquibase.lockservice : Successfully released change log lock 
2022-04-16 18:14:17.920 [main] INFO  o.h.jpa.internal.util.LogHelper : HHH000204: Processing PersistenceUnitInfo [name: default] 
2022-04-16 18:14:17.946 [main] INFO  org.hibernate.Version : HHH000412: Hibernate ORM core version 5.6.7.Final 
2022-04-16 18:14:18.014 [main] INFO  o.h.annotations.common.Version : HCANN000001: Hibernate Commons Annotations {5.1.2.Final} 
2022-04-16 18:14:18.073 [main] INFO  org.hibernate.dialect.Dialect : HHH000400: Using dialect: org.hibernate.dialect.PostgreSQL9Dialect 
2022-04-16 18:14:18.395 [main] INFO  o.h.e.t.j.p.i.JtaPlatformInitiator : HHH000490: Using JtaPlatform implementation: [org.hibernate.engine.transaction.jta.platform.internal.NoJtaPlatform] 
2022-04-16 18:14:18.401 [main] INFO  o.s.o.j.LocalContainerEntityManagerFactoryBean : Initialized JPA EntityManagerFactory for persistence unit 'default' 
2022-04-16 18:14:18.692 [main] WARN  o.s.b.a.o.j.JpaBaseConfiguration$JpaWebConfiguration : spring.jpa.open-in-view is enabled by default. Therefore, database queries may be performed during view rendering. Explicitly configure spring.jpa.open-in-view to disable this warning 
2022-04-16 18:14:19.203 [main] INFO  o.s.b.w.e.tomcat.TomcatWebServer : Tomcat started on port(s): 8086 (http) with context path '' 
2022-04-16 18:14:19.393 [main] INFO  com.qmis.Application : Started Application in 3.389 seconds (JVM running for 3.927) 
2022-04-16 18:14:23.892 [http-nio-8086-exec-1] INFO  o.a.c.c.C.[Tomcat].[localhost].[/] : Initializing Spring DispatcherServlet 'dispatcherServlet' 
2022-04-16 18:14:23.893 [http-nio-8086-exec-1] INFO  o.s.web.servlet.DispatcherServlet : Initializing Servlet 'dispatcherServlet' 
2022-04-16 18:14:23.894 [http-nio-8086-exec-1] INFO  o.s.web.servlet.DispatcherServlet : Completed initialization in 1 ms 
2022-04-16 18:14:24.451 [http-nio-8086-exec-7] INFO  o.s.api.AbstractOpenApiResource : Init duration for springdoc-openapi is: 259 ms 
2022-04-16 18:17:44.329 [SpringApplicationShutdownHook] INFO  o.s.o.j.LocalContainerEntityManagerFactoryBean : Closing JPA EntityManagerFactory for persistence unit 'default' 
2022-04-16 18:17:44.331 [SpringApplicationShutdownHook] INFO  com.zaxxer.hikari.HikariDataSource : HikariPool-1 - Shutdown initiated... 
2022-04-16 18:17:44.331 [SpringApplicationShutdownHook] INFO  com.zaxxer.hikari.HikariDataSource : HikariPool-1 - Shutdown completed. 
2022-04-16 19:12:47.589 [main] INFO  com.qmis.Application : Starting Application using Java 17.0.2 on QMIS with PID 16448 (K:\Project\HandbookDD\handbook\target\classes started by Kron Costa in K:\Project\HandbookDD) 
2022-04-16 19:12:47.595 [main] INFO  com.qmis.Application : No active profile set, falling back to default profiles: default 
2022-04-16 19:12:48.479 [main] INFO  o.s.d.r.c.RepositoryConfigurationDelegate : Bootstrapping Spring Data JPA repositories in DEFAULT mode. 
2022-04-16 19:12:48.512 [main] INFO  o.s.d.r.c.RepositoryConfigurationDelegate : Finished Spring Data repository scanning in 27 ms. Found 2 JPA repository interfaces. 
2022-04-16 19:12:48.612 [main] INFO  o.s.c.context.scope.GenericScope : BeanFactory id=4a62e34f-f3a3-3291-9425-75ba0e14af88 
2022-04-16 19:12:48.862 [main] INFO  o.s.b.w.e.tomcat.TomcatWebServer : Tomcat initialized with port(s): 8086 (http) 
2022-04-16 19:12:48.872 [main] INFO  o.a.catalina.core.StandardService : Starting service [Tomcat] 
2022-04-16 19:12:48.872 [main] INFO  o.a.catalina.core.StandardEngine : Starting Servlet engine: [Apache Tomcat/9.0.54] 
2022-04-16 19:12:48.939 [main] INFO  o.a.c.c.C.[Tomcat].[localhost].[/] : Initializing Spring embedded WebApplicationContext 
2022-04-16 19:12:48.939 [main] INFO  o.s.b.w.s.c.ServletWebServerApplicationContext : Root WebApplicationContext: initialization completed in 1067 ms 
2022-04-16 19:12:49.056 [main] INFO  o.h.jpa.internal.util.LogHelper : HHH000204: Processing PersistenceUnitInfo [name: default] 
2022-04-16 19:12:49.088 [main] INFO  org.hibernate.Version : HHH000412: Hibernate ORM core version 5.6.7.Final 
2022-04-16 19:12:49.164 [main] INFO  o.h.annotations.common.Version : HCANN000001: Hibernate Commons Annotations {5.1.2.Final} 
2022-04-16 19:12:49.217 [main] INFO  com.zaxxer.hikari.HikariDataSource : HikariPool-1 - Starting... 
2022-04-16 19:12:49.320 [main] INFO  com.zaxxer.hikari.HikariDataSource : HikariPool-1 - Start completed. 
2022-04-16 19:12:49.329 [main] INFO  org.hibernate.dialect.Dialect : HHH000400: Using dialect: org.hibernate.dialect.PostgreSQL9Dialect 
2022-04-16 19:12:49.700 [main] ERROR o.s.o.j.LocalContainerEntityManagerFactoryBean : Failed to initialize JPA EntityManagerFactory: [PersistenceUnit: default] Unable to build Hibernate SessionFactory; nested exception is org.hibernate.tool.schema.spi.SchemaManagementException: Schema-validation: missing table [department] 
2022-04-16 19:12:49.701 [main] WARN  o.s.b.w.s.c.AnnotationConfigServletWebServerApplicationContext : Exception encountered during context initialization - cancelling refresh attempt: org.springframework.beans.factory.BeanCreationException: Error creating bean with name 'entityManagerFactory' defined in class path resource [org/springframework/boot/autoconfigure/orm/jpa/HibernateJpaConfiguration.class]: Invocation of init method failed; nested exception is javax.persistence.PersistenceException: [PersistenceUnit: default] Unable to build Hibernate SessionFactory; nested exception is org.hibernate.tool.schema.spi.SchemaManagementException: Schema-validation: missing table [department] 
2022-04-16 19:12:49.701 [main] INFO  com.zaxxer.hikari.HikariDataSource : HikariPool-1 - Shutdown initiated... 
2022-04-16 19:12:49.706 [main] INFO  com.zaxxer.hikari.HikariDataSource : HikariPool-1 - Shutdown completed. 
2022-04-16 19:12:49.707 [main] INFO  o.a.catalina.core.StandardService : Stopping service [Tomcat] 
2022-04-16 19:12:49.715 [main] INFO  o.s.b.a.l.ConditionEvaluationReportLoggingListener : 

Error starting ApplicationContext. To display the conditions report re-run your application with 'debug' enabled. 
2022-04-16 19:12:49.727 [main] ERROR o.s.boot.SpringApplication : Application run failed 
org.springframework.beans.factory.BeanCreationException: Error creating bean with name 'entityManagerFactory' defined in class path resource [org/springframework/boot/autoconfigure/orm/jpa/HibernateJpaConfiguration.class]: Invocation of init method failed; nested exception is javax.persistence.PersistenceException: [PersistenceUnit: default] Unable to build Hibernate SessionFactory; nested exception is org.hibernate.tool.schema.spi.SchemaManagementException: Schema-validation: missing table [department]
	at org.springframework.beans.factory.support.AbstractAutowireCapableBeanFactory.initializeBean(AbstractAutowireCapableBeanFactory.java:1804)
	at org.springframework.beans.factory.support.AbstractAutowireCapableBeanFactory.doCreateBean(AbstractAutowireCapableBeanFactory.java:620)
	at org.springframework.beans.factory.support.AbstractAutowireCapableBeanFactory.createBean(AbstractAutowireCapableBeanFactory.java:542)
	at org.springframework.beans.factory.support.AbstractBeanFactory.lambda$doGetBean$0(AbstractBeanFactory.java:335)
	at org.springframework.beans.factory.support.DefaultSingletonBeanRegistry.getSingleton(DefaultSingletonBeanRegistry.java:234)
	at org.springframework.beans.factory.support.AbstractBeanFactory.doGetBean(AbstractBeanFactory.java:333)
	at org.springframework.beans.factory.support.AbstractBeanFactory.getBean(AbstractBeanFactory.java:208)
	at org.springframework.context.support.AbstractApplicationContext.getBean(AbstractApplicationContext.java:1154)
	at org.springframework.context.support.AbstractApplicationContext.finishBeanFactoryInitialization(AbstractApplicationContext.java:908)
	at org.springframework.context.support.AbstractApplicationContext.refresh(AbstractApplicationContext.java:583)
	at org.springframework.boot.web.servlet.context.ServletWebServerApplicationContext.refresh(ServletWebServerApplicationContext.java:145)
	at org.springframework.boot.SpringApplication.refresh(SpringApplication.java:754)
	at org.springframework.boot.SpringApplication.refreshContext(SpringApplication.java:434)
	at org.springframework.boot.SpringApplication.run(SpringApplication.java:338)
	at org.springframework.boot.SpringApplication.run(SpringApplication.java:1343)
	at org.springframework.boot.SpringApplication.run(SpringApplication.java:1332)
	at com.qmis.Application.main(Application.java:12)
Caused by: javax.persistence.PersistenceException: [PersistenceUnit: default] Unable to build Hibernate SessionFactory; nested exception is org.hibernate.tool.schema.spi.SchemaManagementException: Schema-validation: missing table [department]
	at org.springframework.orm.jpa.AbstractEntityManagerFactoryBean.buildNativeEntityManagerFactory(AbstractEntityManagerFactoryBean.java:421)
	at org.springframework.orm.jpa.AbstractEntityManagerFactoryBean.afterPropertiesSet(AbstractEntityManagerFactoryBean.java:396)
	at org.springframework.orm.jpa.LocalContainerEntityManagerFactoryBean.afterPropertiesSet(LocalContainerEntityManagerFactoryBean.java:341)
	at org.springframework.beans.factory.support.AbstractAutowireCapableBeanFactory.invokeInitMethods(AbstractAutowireCapableBeanFactory.java:1863)
	at org.springframework.beans.factory.support.AbstractAutowireCapableBeanFactory.initializeBean(AbstractAutowireCapableBeanFactory.java:1800)
	... 16 common frames omitted
Caused by: org.hibernate.tool.schema.spi.SchemaManagementException: Schema-validation: missing table [department]
	at org.hibernate.tool.schema.internal.AbstractSchemaValidator.validateTable(AbstractSchemaValidator.java:129)
	at org.hibernate.tool.schema.internal.GroupedSchemaValidatorImpl.validateTables(GroupedSchemaValidatorImpl.java:42)
	at org.hibernate.tool.schema.internal.AbstractSchemaValidator.performValidation(AbstractSchemaValidator.java:97)
	at org.hibernate.tool.schema.internal.AbstractSchemaValidator.doValidation(AbstractSchemaValidator.java:76)
	at org.hibernate.tool.schema.spi.SchemaManagementToolCoordinator.performDatabaseAction(SchemaManagementToolCoordinator.java:204)
	at org.hibernate.tool.schema.spi.SchemaManagementToolCoordinator.process(SchemaManagementToolCoordinator.java:85)
	at org.hibernate.internal.SessionFactoryImpl.<init>(SessionFactoryImpl.java:335)
	at org.hibernate.boot.internal.SessionFactoryBuilderImpl.build(SessionFactoryBuilderImpl.java:471)
	at org.hibernate.jpa.boot.internal.EntityManagerFactoryBuilderImpl.build(EntityManagerFactoryBuilderImpl.java:1498)
	at org.springframework.orm.jpa.vendor.SpringHibernateJpaPersistenceProvider.createContainerEntityManagerFactory(SpringHibernateJpaPersistenceProvider.java:58)
	at org.springframework.orm.jpa.LocalContainerEntityManagerFactoryBean.createNativeEntityManagerFactory(LocalContainerEntityManagerFactoryBean.java:365)
	at org.springframework.orm.jpa.AbstractEntityManagerFactoryBean.buildNativeEntityManagerFactory(AbstractEntityManagerFactoryBean.java:409)
	... 20 common frames omitted
2022-04-16 19:13:41.432 [main] INFO  com.qmis.Application : Starting Application using Java 17.0.2 on QMIS with PID 21800 (K:\Project\HandbookDD\handbook\target\classes started by Kron Costa in K:\Project\HandbookDD) 
2022-04-16 19:13:41.435 [main] INFO  com.qmis.Application : No active profile set, falling back to default profiles: default 
2022-04-16 19:13:42.008 [main] INFO  o.s.d.r.c.RepositoryConfigurationDelegate : Bootstrapping Spring Data JPA repositories in DEFAULT mode. 
2022-04-16 19:13:42.039 [main] INFO  o.s.d.r.c.RepositoryConfigurationDelegate : Finished Spring Data repository scanning in 27 ms. Found 2 JPA repository interfaces. 
2022-04-16 19:13:42.134 [main] INFO  o.s.c.context.scope.GenericScope : BeanFactory id=f5f6e514-30e3-3c58-9083-16eca694271b 
2022-04-16 19:13:42.327 [main] INFO  o.s.b.w.e.tomcat.TomcatWebServer : Tomcat initialized with port(s): 8086 (http) 
2022-04-16 19:13:42.333 [main] INFO  o.a.catalina.core.StandardService : Starting service [Tomcat] 
2022-04-16 19:13:42.333 [main] INFO  o.a.catalina.core.StandardEngine : Starting Servlet engine: [Apache Tomcat/9.0.54] 
2022-04-16 19:13:42.395 [main] INFO  o.a.c.c.C.[Tomcat].[localhost].[/] : Initializing Spring embedded WebApplicationContext 
2022-04-16 19:13:42.395 [main] INFO  o.s.b.w.s.c.ServletWebServerApplicationContext : Root WebApplicationContext: initialization completed in 922 ms 
2022-04-16 19:13:42.536 [main] INFO  com.zaxxer.hikari.HikariDataSource : HikariPool-1 - Starting... 
2022-04-16 19:13:42.758 [main] INFO  com.zaxxer.hikari.HikariDataSource : HikariPool-1 - Start completed. 
2022-04-16 19:13:42.837 [main] INFO  liquibase.database : Set default schema name to public 
2022-04-16 19:13:42.895 [main] INFO  liquibase.lockservice : Successfully acquired change log lock 
2022-04-16 19:13:43.084 [main] INFO  liquibase.changelog : Creating database history table with name: public.databasechangelog 
2022-04-16 19:13:43.089 [main] INFO  liquibase.changelog : Reading from public.databasechangelog 
2022-04-16 19:13:43.157 [main] INFO  liquibase.changelog : Table employee created 
2022-04-16 19:13:43.158 [main] INFO  liquibase.changelog : ChangeSet db/changelog/03-2022/30-03-changelog.xml::createTableEmployee::QMIS ran successfully in 8ms 
2022-04-16 19:13:43.166 [main] INFO  liquibase.changelog : Table department created 
2022-04-16 19:13:43.167 [main] INFO  liquibase.changelog : ChangeSet db/changelog/03-2022/30-03-changelog.xml::createTableDepartment::QMIS ran successfully in 6ms 
2022-04-16 19:13:43.171 [main] INFO  liquibase.changelog : Table department_repository created 
2022-04-16 19:13:43.172 [main] INFO  liquibase.changelog : ChangeSet db/changelog/03-2022/30-03-changelog.xml::createTableDepartmentRepository::QMIS ran successfully in 4ms 
2022-04-16 19:13:43.176 [main] INFO  liquibase.changelog : Index dep_index created 
2022-04-16 19:13:43.176 [main] INFO  liquibase.changelog : ChangeSet db/changelog/03-2022/30-03-changelog.xml::createDepartmentIndex::QMIS ran successfully in 2ms 
2022-04-16 19:13:43.181 [main] INFO  liquibase.changelog : Foreign key constraint added to department_repository (parent_id) 
2022-04-16 19:13:43.182 [main] INFO  liquibase.changelog : ChangeSet db/changelog/03-2022/30-03-changelog.xml::addForeignKeyDepartmentRepository::QMIS ran successfully in 4ms 
2022-04-16 19:13:43.186 [main] INFO  liquibase.changelog : Table user created 
2022-04-16 19:13:43.187 [main] INFO  liquibase.changelog : ChangeSet db/changelog/03-2022/30-03-changelog.xml::addUserTable::QMIS ran successfully in 3ms 
2022-04-16 19:13:43.191 [main] INFO  liquibase.changelog : New row inserted into employee 
2022-04-16 19:13:43.192 [main] INFO  liquibase.changelog : New row inserted into employee 
2022-04-16 19:13:43.193 [main] INFO  liquibase.changelog : New row inserted into employee 
2022-04-16 19:13:43.193 [main] INFO  liquibase.changelog : New row inserted into employee 
2022-04-16 19:13:43.194 [main] INFO  liquibase.changelog : ChangeSet db/changelog/04-2022/04-04-changelog.yml::20220404::QMIS ran successfully in 6ms 
2022-04-16 19:13:43.197 [main] INFO  liquibase.lockservice : Successfully released change log lock 
2022-04-16 19:13:43.254 [main] INFO  o.h.jpa.internal.util.LogHelper : HHH000204: Processing PersistenceUnitInfo [name: default] 
2022-04-16 19:13:43.280 [main] INFO  org.hibernate.Version : HHH000412: Hibernate ORM core version 5.6.7.Final 
2022-04-16 19:13:43.346 [main] INFO  o.h.annotations.common.Version : HCANN000001: Hibernate Commons Annotations {5.1.2.Final} 
2022-04-16 19:13:43.406 [main] INFO  org.hibernate.dialect.Dialect : HHH000400: Using dialect: org.hibernate.dialect.PostgreSQL9Dialect 
2022-04-16 19:13:43.719 [main] INFO  o.h.e.t.j.p.i.JtaPlatformInitiator : HHH000490: Using JtaPlatform implementation: [org.hibernate.engine.transaction.jta.platform.internal.NoJtaPlatform] 
2022-04-16 19:13:43.724 [main] INFO  o.s.o.j.LocalContainerEntityManagerFactoryBean : Initialized JPA EntityManagerFactory for persistence unit 'default' 
2022-04-16 19:13:44.008 [main] WARN  o.s.b.a.o.j.JpaBaseConfiguration$JpaWebConfiguration : spring.jpa.open-in-view is enabled by default. Therefore, database queries may be performed during view rendering. Explicitly configure spring.jpa.open-in-view to disable this warning 
2022-04-16 19:13:44.458 [main] INFO  o.s.b.w.e.tomcat.TomcatWebServer : Tomcat started on port(s): 8086 (http) with context path '' 
2022-04-16 19:13:44.646 [main] INFO  com.qmis.Application : Started Application in 3.845 seconds (JVM running for 4.33) 
2022-04-16 19:13:51.988 [http-nio-8086-exec-1] INFO  o.a.c.c.C.[Tomcat].[localhost].[/] : Initializing Spring DispatcherServlet 'dispatcherServlet' 
2022-04-16 19:13:51.988 [http-nio-8086-exec-1] INFO  o.s.web.servlet.DispatcherServlet : Initializing Servlet 'dispatcherServlet' 
2022-04-16 19:13:51.989 [http-nio-8086-exec-1] INFO  o.s.web.servlet.DispatcherServlet : Completed initialization in 1 ms 
2022-04-16 19:13:52.518 [http-nio-8086-exec-7] INFO  o.s.api.AbstractOpenApiResource : Init duration for springdoc-openapi is: 237 ms 
2022-04-16 19:35:25.349 [SpringApplicationShutdownHook] INFO  o.s.o.j.LocalContainerEntityManagerFactoryBean : Closing JPA EntityManagerFactory for persistence unit 'default' 
2022-04-16 19:35:25.351 [SpringApplicationShutdownHook] INFO  com.zaxxer.hikari.HikariDataSource : HikariPool-1 - Shutdown initiated... 
2022-04-16 19:35:25.353 [SpringApplicationShutdownHook] INFO  com.zaxxer.hikari.HikariDataSource : HikariPool-1 - Shutdown completed. 
2022-04-16 19:35:53.903 [main] INFO  com.qmis.Application : Starting Application using Java 17.0.2 on QMIS with PID 28128 (K:\Project\HandbookDD\handbook\target\classes started by Kron Costa in K:\Project\HandbookDD) 
2022-04-16 19:35:53.905 [main] INFO  com.qmis.Application : No active profile set, falling back to default profiles: default 
2022-04-16 19:35:54.481 [main] INFO  o.s.d.r.c.RepositoryConfigurationDelegate : Bootstrapping Spring Data JPA repositories in DEFAULT mode. 
2022-04-16 19:35:54.514 [main] INFO  o.s.d.r.c.RepositoryConfigurationDelegate : Finished Spring Data repository scanning in 27 ms. Found 2 JPA repository interfaces. 
2022-04-16 19:35:54.610 [main] INFO  o.s.c.context.scope.GenericScope : BeanFactory id=f5f6e514-30e3-3c58-9083-16eca694271b 
2022-04-16 19:35:54.802 [main] INFO  o.s.b.w.e.tomcat.TomcatWebServer : Tomcat initialized with port(s): 8086 (http) 
2022-04-16 19:35:54.808 [main] INFO  o.a.catalina.core.StandardService : Starting service [Tomcat] 
2022-04-16 19:35:54.808 [main] INFO  o.a.catalina.core.StandardEngine : Starting Servlet engine: [Apache Tomcat/9.0.54] 
2022-04-16 19:35:54.865 [main] INFO  o.a.c.c.C.[Tomcat].[localhost].[/] : Initializing Spring embedded WebApplicationContext 
2022-04-16 19:35:54.865 [main] INFO  o.s.b.w.s.c.ServletWebServerApplicationContext : Root WebApplicationContext: initialization completed in 924 ms 
2022-04-16 19:35:54.982 [main] INFO  com.zaxxer.hikari.HikariDataSource : HikariPool-1 - Starting... 
2022-04-16 19:35:55.085 [main] INFO  com.zaxxer.hikari.HikariDataSource : HikariPool-1 - Start completed. 
2022-04-16 19:35:55.164 [main] INFO  liquibase.database : Set default schema name to public 
2022-04-16 19:35:55.219 [main] INFO  liquibase.lockservice : Successfully acquired change log lock 
2022-04-16 19:35:55.412 [main] INFO  liquibase.changelog : Creating database history table with name: public.databasechangelog 
2022-04-16 19:35:55.417 [main] INFO  liquibase.changelog : Reading from public.databasechangelog 
2022-04-16 19:35:55.484 [main] INFO  liquibase.changelog : Table employee created 
2022-04-16 19:35:55.484 [main] INFO  liquibase.changelog : ChangeSet db/changelog/03-2022/30-03-changelog.xml::createTableEmployee::QMIS ran successfully in 5ms 
2022-04-16 19:35:55.492 [main] INFO  liquibase.changelog : Table department created 
2022-04-16 19:35:55.492 [main] INFO  liquibase.changelog : ChangeSet db/changelog/03-2022/30-03-changelog.xml::createTableDepartment::QMIS ran successfully in 5ms 
2022-04-16 19:35:55.497 [main] INFO  liquibase.changelog : Table department_repository created 
2022-04-16 19:35:55.497 [main] INFO  liquibase.changelog : ChangeSet db/changelog/03-2022/30-03-changelog.xml::createTableDepartmentRepository::QMIS ran successfully in 3ms 
2022-04-16 19:35:55.501 [main] INFO  liquibase.changelog : Index dep_index created 
2022-04-16 19:35:55.501 [main] INFO  liquibase.changelog : ChangeSet db/changelog/03-2022/30-03-changelog.xml::createDepartmentIndex::QMIS ran successfully in 2ms 
2022-04-16 19:35:55.505 [main] INFO  liquibase.changelog : Foreign key constraint added to department_repository (parent_id) 
2022-04-16 19:35:55.506 [main] INFO  liquibase.changelog : ChangeSet db/changelog/03-2022/30-03-changelog.xml::addForeignKeyDepartmentRepository::QMIS ran successfully in 3ms 
2022-04-16 19:35:55.510 [main] INFO  liquibase.changelog : Table user created 
2022-04-16 19:35:55.511 [main] INFO  liquibase.changelog : ChangeSet db/changelog/03-2022/30-03-changelog.xml::addUserTable::QMIS ran successfully in 4ms 
2022-04-16 19:35:55.514 [main] INFO  liquibase.changelog : New row inserted into employee 
2022-04-16 19:35:55.515 [main] INFO  liquibase.changelog : New row inserted into employee 
2022-04-16 19:35:55.516 [main] INFO  liquibase.changelog : New row inserted into employee 
2022-04-16 19:35:55.517 [main] INFO  liquibase.changelog : New row inserted into employee 
2022-04-16 19:35:55.517 [main] INFO  liquibase.changelog : ChangeSet db/changelog/04-2022/04-04-changelog.yml::20220404::QMIS ran successfully in 5ms 
2022-04-16 19:35:55.519 [main] INFO  liquibase.lockservice : Successfully released change log lock 
2022-04-16 19:35:55.573 [main] INFO  o.h.jpa.internal.util.LogHelper : HHH000204: Processing PersistenceUnitInfo [name: default] 
2022-04-16 19:35:55.597 [main] INFO  org.hibernate.Version : HHH000412: Hibernate ORM core version 5.6.7.Final 
2022-04-16 19:35:55.663 [main] INFO  o.h.annotations.common.Version : HCANN000001: Hibernate Commons Annotations {5.1.2.Final} 
2022-04-16 19:35:55.722 [main] INFO  org.hibernate.dialect.Dialect : HHH000400: Using dialect: org.hibernate.dialect.PostgreSQL9Dialect 
2022-04-16 19:35:56.027 [main] INFO  o.h.e.t.j.p.i.JtaPlatformInitiator : HHH000490: Using JtaPlatform implementation: [org.hibernate.engine.transaction.jta.platform.internal.NoJtaPlatform] 
2022-04-16 19:35:56.032 [main] INFO  o.s.o.j.LocalContainerEntityManagerFactoryBean : Initialized JPA EntityManagerFactory for persistence unit 'default' 
2022-04-16 19:35:56.313 [main] WARN  o.s.b.a.o.j.JpaBaseConfiguration$JpaWebConfiguration : spring.jpa.open-in-view is enabled by default. Therefore, database queries may be performed during view rendering. Explicitly configure spring.jpa.open-in-view to disable this warning 
2022-04-16 19:35:56.772 [main] INFO  o.s.b.w.e.tomcat.TomcatWebServer : Tomcat started on port(s): 8086 (http) with context path '' 
2022-04-16 19:35:56.967 [main] INFO  com.qmis.Application : Started Application in 3.286 seconds (JVM running for 4.134) 
2022-04-16 19:36:01.579 [http-nio-8086-exec-1] INFO  o.a.c.c.C.[Tomcat].[localhost].[/] : Initializing Spring DispatcherServlet 'dispatcherServlet' 
2022-04-16 19:36:01.579 [http-nio-8086-exec-1] INFO  o.s.web.servlet.DispatcherServlet : Initializing Servlet 'dispatcherServlet' 
2022-04-16 19:36:01.581 [http-nio-8086-exec-1] INFO  o.s.web.servlet.DispatcherServlet : Completed initialization in 2 ms 
2022-04-16 19:36:02.083 [http-nio-8086-exec-7] INFO  o.s.api.AbstractOpenApiResource : Init duration for springdoc-openapi is: 222 ms 
2022-04-16 19:45:54.214 [SpringApplicationShutdownHook] INFO  o.s.o.j.LocalContainerEntityManagerFactoryBean : Closing JPA EntityManagerFactory for persistence unit 'default' 
2022-04-16 19:45:54.216 [SpringApplicationShutdownHook] INFO  com.zaxxer.hikari.HikariDataSource : HikariPool-1 - Shutdown initiated... 
2022-04-16 19:45:54.217 [SpringApplicationShutdownHook] INFO  com.zaxxer.hikari.HikariDataSource : HikariPool-1 - Shutdown completed. 
2022-04-16 19:45:58.875 [main] INFO  com.qmis.Application : Starting Application using Java 17.0.2 on QMIS with PID 6064 (K:\Project\HandbookDD\handbook\target\classes started by Kron Costa in K:\Project\HandbookDD) 
2022-04-16 19:45:58.878 [main] INFO  com.qmis.Application : No active profile set, falling back to default profiles: default 
2022-04-16 19:45:59.418 [main] INFO  o.s.d.r.c.RepositoryConfigurationDelegate : Bootstrapping Spring Data JPA repositories in DEFAULT mode. 
2022-04-16 19:45:59.451 [main] INFO  o.s.d.r.c.RepositoryConfigurationDelegate : Finished Spring Data repository scanning in 27 ms. Found 2 JPA repository interfaces. 
2022-04-16 19:45:59.547 [main] INFO  o.s.c.context.scope.GenericScope : BeanFactory id=f5f6e514-30e3-3c58-9083-16eca694271b 
2022-04-16 19:45:59.737 [main] INFO  o.s.b.w.e.tomcat.TomcatWebServer : Tomcat initialized with port(s): 8086 (http) 
2022-04-16 19:45:59.742 [main] INFO  o.a.catalina.core.StandardService : Starting service [Tomcat] 
2022-04-16 19:45:59.742 [main] INFO  o.a.catalina.core.StandardEngine : Starting Servlet engine: [Apache Tomcat/9.0.54] 
2022-04-16 19:45:59.800 [main] INFO  o.a.c.c.C.[Tomcat].[localhost].[/] : Initializing Spring embedded WebApplicationContext 
2022-04-16 19:45:59.801 [main] INFO  o.s.b.w.s.c.ServletWebServerApplicationContext : Root WebApplicationContext: initialization completed in 889 ms 
2022-04-16 19:45:59.918 [main] INFO  com.zaxxer.hikari.HikariDataSource : HikariPool-1 - Starting... 
2022-04-16 19:46:00.019 [main] INFO  com.zaxxer.hikari.HikariDataSource : HikariPool-1 - Start completed. 
2022-04-16 19:46:00.102 [main] INFO  liquibase.database : Set default schema name to public 
2022-04-16 19:46:00.147 [main] INFO  liquibase.lockservice : Successfully acquired change log lock 
2022-04-16 19:46:00.369 [main] INFO  liquibase.changelog : Reading from public.databasechangelog 
2022-04-16 19:46:00.401 [main] INFO  liquibase.lockservice : Successfully released change log lock 
2022-04-16 19:46:00.456 [main] INFO  o.h.jpa.internal.util.LogHelper : HHH000204: Processing PersistenceUnitInfo [name: default] 
2022-04-16 19:46:00.482 [main] INFO  org.hibernate.Version : HHH000412: Hibernate ORM core version 5.6.7.Final 
2022-04-16 19:46:00.546 [main] INFO  o.h.annotations.common.Version : HCANN000001: Hibernate Commons Annotations {5.1.2.Final} 
2022-04-16 19:46:00.605 [main] INFO  org.hibernate.dialect.Dialect : HHH000400: Using dialect: org.hibernate.dialect.PostgreSQL9Dialect 
2022-04-16 19:46:00.911 [main] INFO  o.h.e.t.j.p.i.JtaPlatformInitiator : HHH000490: Using JtaPlatform implementation: [org.hibernate.engine.transaction.jta.platform.internal.NoJtaPlatform] 
2022-04-16 19:46:00.916 [main] INFO  o.s.o.j.LocalContainerEntityManagerFactoryBean : Initialized JPA EntityManagerFactory for persistence unit 'default' 
2022-04-16 19:46:01.204 [main] WARN  o.s.b.a.o.j.JpaBaseConfiguration$JpaWebConfiguration : spring.jpa.open-in-view is enabled by default. Therefore, database queries may be performed during view rendering. Explicitly configure spring.jpa.open-in-view to disable this warning 
2022-04-16 19:46:01.669 [main] INFO  o.s.b.w.e.tomcat.TomcatWebServer : Tomcat started on port(s): 8086 (http) with context path '' 
2022-04-16 19:46:01.861 [main] INFO  com.qmis.Application : Started Application in 3.412 seconds (JVM running for 3.901) 
2022-04-16 19:46:07.502 [http-nio-8086-exec-1] INFO  o.a.c.c.C.[Tomcat].[localhost].[/] : Initializing Spring DispatcherServlet 'dispatcherServlet' 
2022-04-16 19:46:07.502 [http-nio-8086-exec-1] INFO  o.s.web.servlet.DispatcherServlet : Initializing Servlet 'dispatcherServlet' 
2022-04-16 19:46:07.503 [http-nio-8086-exec-1] INFO  o.s.web.servlet.DispatcherServlet : Completed initialization in 1 ms 
2022-04-16 19:46:08.035 [http-nio-8086-exec-5] INFO  o.s.api.AbstractOpenApiResource : Init duration for springdoc-openapi is: 236 ms 
2022-04-16 19:47:59.132 [SpringApplicationShutdownHook] INFO  o.s.o.j.LocalContainerEntityManagerFactoryBean : Closing JPA EntityManagerFactory for persistence unit 'default' 
2022-04-16 19:47:59.133 [SpringApplicationShutdownHook] INFO  com.zaxxer.hikari.HikariDataSource : HikariPool-1 - Shutdown initiated... 
2022-04-16 19:47:59.135 [SpringApplicationShutdownHook] INFO  com.zaxxer.hikari.HikariDataSource : HikariPool-1 - Shutdown completed. 
2022-04-16 19:48:03.402 [main] INFO  com.qmis.Application : Starting Application using Java 17.0.2 on QMIS with PID 18472 (K:\Project\HandbookDD\handbook\target\classes started by Kron Costa in K:\Project\HandbookDD) 
2022-04-16 19:48:03.403 [main] INFO  com.qmis.Application : No active profile set, falling back to default profiles: default 
2022-04-16 19:48:03.911 [main] INFO  o.s.d.r.c.RepositoryConfigurationDelegate : Bootstrapping Spring Data JPA repositories in DEFAULT mode. 
2022-04-16 19:48:03.942 [main] INFO  o.s.d.r.c.RepositoryConfigurationDelegate : Finished Spring Data repository scanning in 27 ms. Found 2 JPA repository interfaces. 
2022-04-16 19:48:04.038 [main] INFO  o.s.c.context.scope.GenericScope : BeanFactory id=f5f6e514-30e3-3c58-9083-16eca694271b 
2022-04-16 19:48:04.227 [main] INFO  o.s.b.w.e.tomcat.TomcatWebServer : Tomcat initialized with port(s): 8086 (http) 
2022-04-16 19:48:04.232 [main] INFO  o.a.catalina.core.StandardService : Starting service [Tomcat] 
2022-04-16 19:48:04.232 [main] INFO  o.a.catalina.core.StandardEngine : Starting Servlet engine: [Apache Tomcat/9.0.54] 
2022-04-16 19:48:04.289 [main] INFO  o.a.c.c.C.[Tomcat].[localhost].[/] : Initializing Spring embedded WebApplicationContext 
2022-04-16 19:48:04.290 [main] INFO  o.s.b.w.s.c.ServletWebServerApplicationContext : Root WebApplicationContext: initialization completed in 861 ms 
2022-04-16 19:48:04.407 [main] INFO  com.zaxxer.hikari.HikariDataSource : HikariPool-1 - Starting... 
2022-04-16 19:48:04.615 [main] INFO  com.zaxxer.hikari.HikariDataSource : HikariPool-1 - Start completed. 
2022-04-16 19:48:04.696 [main] INFO  liquibase.database : Set default schema name to public 
2022-04-16 19:48:04.738 [main] INFO  liquibase.lockservice : Successfully acquired change log lock 
2022-04-16 19:48:04.961 [main] INFO  liquibase.changelog : Reading from public.databasechangelog 
2022-04-16 19:48:04.993 [main] INFO  liquibase.lockservice : Successfully released change log lock 
2022-04-16 19:48:05.048 [main] INFO  o.h.jpa.internal.util.LogHelper : HHH000204: Processing PersistenceUnitInfo [name: default] 
2022-04-16 19:48:05.074 [main] INFO  org.hibernate.Version : HHH000412: Hibernate ORM core version 5.6.7.Final 
2022-04-16 19:48:05.139 [main] INFO  o.h.annotations.common.Version : HCANN000001: Hibernate Commons Annotations {5.1.2.Final} 
2022-04-16 19:48:05.198 [main] INFO  org.hibernate.dialect.Dialect : HHH000400: Using dialect: org.hibernate.dialect.PostgreSQL9Dialect 
2022-04-16 19:48:05.515 [main] INFO  o.h.e.t.j.p.i.JtaPlatformInitiator : HHH000490: Using JtaPlatform implementation: [org.hibernate.engine.transaction.jta.platform.internal.NoJtaPlatform] 
2022-04-16 19:48:05.520 [main] INFO  o.s.o.j.LocalContainerEntityManagerFactoryBean : Initialized JPA EntityManagerFactory for persistence unit 'default' 
2022-04-16 19:48:05.810 [main] WARN  o.s.b.a.o.j.JpaBaseConfiguration$JpaWebConfiguration : spring.jpa.open-in-view is enabled by default. Therefore, database queries may be performed during view rendering. Explicitly configure spring.jpa.open-in-view to disable this warning 
2022-04-16 19:48:06.304 [main] INFO  o.s.b.w.e.tomcat.TomcatWebServer : Tomcat started on port(s): 8086 (http) with context path '' 
2022-04-16 19:48:06.509 [main] INFO  com.qmis.Application : Started Application in 3.334 seconds (JVM running for 3.889) 
2022-04-16 19:48:10.472 [http-nio-8086-exec-1] INFO  o.a.c.c.C.[Tomcat].[localhost].[/] : Initializing Spring DispatcherServlet 'dispatcherServlet' 
2022-04-16 19:48:10.473 [http-nio-8086-exec-1] INFO  o.s.web.servlet.DispatcherServlet : Initializing Servlet 'dispatcherServlet' 
2022-04-16 19:48:10.474 [http-nio-8086-exec-1] INFO  o.s.web.servlet.DispatcherServlet : Completed initialization in 1 ms 
2022-04-16 20:33:39.856 [SpringApplicationShutdownHook] INFO  o.s.o.j.LocalContainerEntityManagerFactoryBean : Closing JPA EntityManagerFactory for persistence unit 'default' 
2022-04-16 20:33:39.858 [SpringApplicationShutdownHook] INFO  com.zaxxer.hikari.HikariDataSource : HikariPool-1 - Shutdown initiated... 
2022-04-16 20:33:39.860 [SpringApplicationShutdownHook] INFO  com.zaxxer.hikari.HikariDataSource : HikariPool-1 - Shutdown completed. 
