2022-04-13 15:50:20.722 [main] INFO  com.qmis.Application : Starting Application using Java 17.0.2 on QMIS with PID 30056 (K:\Project\HandbookDD\handbook\target\classes started by Kron Costa in K:\Project\HandbookDD) 
2022-04-13 15:50:20.726 [main] INFO  com.qmis.Application : No active profile set, falling back to default profiles: default 
2022-04-13 15:50:21.359 [main] INFO  o.s.d.r.c.RepositoryConfigurationDelegate : Bootstrapping Spring Data JPA repositories in DEFAULT mode. 
2022-04-13 15:50:21.395 [main] INFO  o.s.d.r.c.RepositoryConfigurationDelegate : Finished Spring Data repository scanning in 29 ms. Found 2 JPA repository interfaces. 
2022-04-13 15:50:21.501 [main] INFO  o.s.c.context.scope.GenericScope : BeanFactory id=312ffb9b-29b3-3c8a-a62e-6c535230fa3c 
2022-04-13 15:50:21.719 [main] INFO  o.s.b.w.e.tomcat.TomcatWebServer : Tomcat initialized with port(s): 8080 (http) 
2022-04-13 15:50:21.725 [main] INFO  o.a.catalina.core.StandardService : Starting service [Tomcat] 
2022-04-13 15:50:21.725 [main] INFO  o.a.catalina.core.StandardEngine : Starting Servlet engine: [Apache Tomcat/9.0.54] 
2022-04-13 15:50:21.780 [main] INFO  o.a.c.c.C.[Tomcat].[localhost].[/] : Initializing Spring embedded WebApplicationContext 
2022-04-13 15:50:21.781 [main] INFO  o.s.b.w.s.c.ServletWebServerApplicationContext : Root WebApplicationContext: initialization completed in 1014 ms 
2022-04-13 15:50:21.929 [main] INFO  com.zaxxer.hikari.HikariDataSource : HikariPool-1 - Starting... 
2022-04-13 15:50:22.061 [main] INFO  com.zaxxer.hikari.HikariDataSource : HikariPool-1 - Start completed. 
2022-04-13 15:50:22.164 [main] INFO  liquibase.database : Set default schema name to public 
2022-04-13 15:50:22.222 [main] INFO  liquibase.lockservice : Successfully acquired change log lock 
2022-04-13 15:50:22.492 [main] INFO  liquibase.changelog : Reading from public.databasechangelog 
2022-04-13 15:50:22.525 [main] INFO  liquibase.lockservice : Successfully released change log lock 
2022-04-13 15:50:22.591 [main] INFO  o.h.jpa.internal.util.LogHelper : HHH000204: Processing PersistenceUnitInfo [name: default] 
2022-04-13 15:50:22.628 [main] INFO  org.hibernate.Version : HHH000412: Hibernate ORM core version 5.6.7.Final 
2022-04-13 15:50:22.724 [main] INFO  o.h.annotations.common.Version : HCANN000001: Hibernate Commons Annotations {5.1.2.Final} 
2022-04-13 15:50:22.802 [main] INFO  org.hibernate.dialect.Dialect : HHH000400: Using dialect: org.hibernate.dialect.PostgreSQL9Dialect 
2022-04-13 15:50:23.197 [main] INFO  o.h.e.t.j.p.i.JtaPlatformInitiator : HHH000490: Using JtaPlatform implementation: [org.hibernate.engine.transaction.jta.platform.internal.NoJtaPlatform] 
2022-04-13 15:50:23.202 [main] INFO  o.s.o.j.LocalContainerEntityManagerFactoryBean : Initialized JPA EntityManagerFactory for persistence unit 'default' 
2022-04-13 15:50:23.469 [main] WARN  o.s.b.a.o.j.JpaBaseConfiguration$JpaWebConfiguration : spring.jpa.open-in-view is enabled by default. Therefore, database queries may be performed during view rendering. Explicitly configure spring.jpa.open-in-view to disable this warning 
2022-04-13 15:50:23.741 [main] INFO  o.s.b.w.e.tomcat.TomcatWebServer : Tomcat started on port(s): 8080 (http) with context path '' 
2022-04-13 15:50:23.900 [main] INFO  com.qmis.Application : Started Application in 3.445 seconds (JVM running for 4.929) 
2022-04-13 15:51:00.418 [http-nio-8080-exec-1] INFO  o.a.c.c.C.[Tomcat].[localhost].[/] : Initializing Spring DispatcherServlet 'dispatcherServlet' 
2022-04-13 15:51:00.418 [http-nio-8080-exec-1] INFO  o.s.web.servlet.DispatcherServlet : Initializing Servlet 'dispatcherServlet' 
2022-04-13 15:51:00.419 [http-nio-8080-exec-1] INFO  o.s.web.servlet.DispatcherServlet : Completed initialization in 0 ms 
2022-04-13 15:54:46.444 [SpringApplicationShutdownHook] INFO  o.s.o.j.LocalContainerEntityManagerFactoryBean : Closing JPA EntityManagerFactory for persistence unit 'default' 
2022-04-13 15:54:46.446 [SpringApplicationShutdownHook] INFO  com.zaxxer.hikari.HikariDataSource : HikariPool-1 - Shutdown initiated... 
2022-04-13 15:54:46.447 [SpringApplicationShutdownHook] INFO  com.zaxxer.hikari.HikariDataSource : HikariPool-1 - Shutdown completed. 
2022-04-13 16:04:30.897 [main] INFO  com.qmis.Application : Starting Application using Java 17.0.2 on QMIS with PID 5684 (K:\Project\HandbookDD\handbook\target\classes started by Kron Costa in K:\Project\HandbookDD) 
2022-04-13 16:04:30.898 [main] INFO  com.qmis.Application : No active profile set, falling back to default profiles: default 
2022-04-13 16:04:31.379 [main] INFO  o.s.d.r.c.RepositoryConfigurationDelegate : Bootstrapping Spring Data JPA repositories in DEFAULT mode. 
2022-04-13 16:04:31.410 [main] INFO  o.s.d.r.c.RepositoryConfigurationDelegate : Finished Spring Data repository scanning in 27 ms. Found 2 JPA repository interfaces. 
2022-04-13 16:04:31.505 [main] INFO  o.s.c.context.scope.GenericScope : BeanFactory id=ae61a284-dd48-3c0a-8639-822d08b63ceb 
2022-04-13 16:04:31.691 [main] INFO  o.s.b.w.e.tomcat.TomcatWebServer : Tomcat initialized with port(s): 8080 (http) 
2022-04-13 16:04:31.696 [main] INFO  o.a.catalina.core.StandardService : Starting service [Tomcat] 
2022-04-13 16:04:31.696 [main] INFO  o.a.catalina.core.StandardEngine : Starting Servlet engine: [Apache Tomcat/9.0.54] 
2022-04-13 16:04:31.747 [main] INFO  o.a.c.c.C.[Tomcat].[localhost].[/] : Initializing Spring embedded WebApplicationContext 
2022-04-13 16:04:31.747 [main] INFO  o.s.b.w.s.c.ServletWebServerApplicationContext : Root WebApplicationContext: initialization completed in 822 ms 
2022-04-13 16:04:31.868 [main] INFO  com.zaxxer.hikari.HikariDataSource : HikariPool-1 - Starting... 
2022-04-13 16:04:31.964 [main] INFO  com.zaxxer.hikari.HikariDataSource : HikariPool-1 - Start completed. 
2022-04-13 16:04:32.045 [main] INFO  liquibase.database : Set default schema name to public 
2022-04-13 16:04:32.094 [main] INFO  liquibase.lockservice : Successfully acquired change log lock 
2022-04-13 16:04:32.323 [main] INFO  liquibase.changelog : Reading from public.databasechangelog 
2022-04-13 16:04:32.355 [main] INFO  liquibase.lockservice : Successfully released change log lock 
2022-04-13 16:04:32.412 [main] INFO  o.h.jpa.internal.util.LogHelper : HHH000204: Processing PersistenceUnitInfo [name: default] 
2022-04-13 16:04:32.439 [main] INFO  org.hibernate.Version : HHH000412: Hibernate ORM core version 5.6.7.Final 
2022-04-13 16:04:32.507 [main] INFO  o.h.annotations.common.Version : HCANN000001: Hibernate Commons Annotations {5.1.2.Final} 
2022-04-13 16:04:32.563 [main] INFO  org.hibernate.dialect.Dialect : HHH000400: Using dialect: org.hibernate.dialect.PostgreSQL9Dialect 
2022-04-13 16:04:32.875 [main] INFO  o.h.e.t.j.p.i.JtaPlatformInitiator : HHH000490: Using JtaPlatform implementation: [org.hibernate.engine.transaction.jta.platform.internal.NoJtaPlatform] 
2022-04-13 16:04:32.880 [main] INFO  o.s.o.j.LocalContainerEntityManagerFactoryBean : Initialized JPA EntityManagerFactory for persistence unit 'default' 
2022-04-13 16:04:33.142 [main] WARN  o.s.b.a.o.j.JpaBaseConfiguration$JpaWebConfiguration : spring.jpa.open-in-view is enabled by default. Therefore, database queries may be performed during view rendering. Explicitly configure spring.jpa.open-in-view to disable this warning 
2022-04-13 16:04:33.450 [main] INFO  o.s.b.w.e.tomcat.TomcatWebServer : Tomcat started on port(s): 8080 (http) with context path '' 
2022-04-13 16:04:33.644 [main] INFO  com.qmis.Application : Started Application in 2.988 seconds (JVM running for 3.433) 
2022-04-13 16:04:43.308 [http-nio-8080-exec-1] INFO  o.a.c.c.C.[Tomcat].[localhost].[/] : Initializing Spring DispatcherServlet 'dispatcherServlet' 
2022-04-13 16:04:43.308 [http-nio-8080-exec-1] INFO  o.s.web.servlet.DispatcherServlet : Initializing Servlet 'dispatcherServlet' 
2022-04-13 16:04:43.309 [http-nio-8080-exec-1] INFO  o.s.web.servlet.DispatcherServlet : Completed initialization in 1 ms 
2022-04-13 16:05:36.771 [SpringApplicationShutdownHook] INFO  o.s.o.j.LocalContainerEntityManagerFactoryBean : Closing JPA EntityManagerFactory for persistence unit 'default' 
2022-04-13 16:05:36.773 [SpringApplicationShutdownHook] INFO  com.zaxxer.hikari.HikariDataSource : HikariPool-1 - Shutdown initiated... 
2022-04-13 16:05:36.775 [SpringApplicationShutdownHook] INFO  com.zaxxer.hikari.HikariDataSource : HikariPool-1 - Shutdown completed. 
2022-04-13 16:05:40.336 [main] INFO  com.qmis.Application : Starting Application using Java 17.0.2 on QMIS with PID 15356 (K:\Project\HandbookDD\handbook\target\classes started by Kron Costa in K:\Project\HandbookDD) 
2022-04-13 16:05:40.338 [main] INFO  com.qmis.Application : No active profile set, falling back to default profiles: default 
2022-04-13 16:05:40.829 [main] INFO  o.s.d.r.c.RepositoryConfigurationDelegate : Bootstrapping Spring Data JPA repositories in DEFAULT mode. 
2022-04-13 16:05:40.862 [main] INFO  o.s.d.r.c.RepositoryConfigurationDelegate : Finished Spring Data repository scanning in 26 ms. Found 2 JPA repository interfaces. 
2022-04-13 16:05:40.959 [main] INFO  o.s.c.context.scope.GenericScope : BeanFactory id=ae61a284-dd48-3c0a-8639-822d08b63ceb 
2022-04-13 16:05:41.207 [main] INFO  o.s.b.w.e.tomcat.TomcatWebServer : Tomcat initialized with port(s): 8080 (http) 
2022-04-13 16:05:41.214 [main] INFO  o.a.catalina.core.StandardService : Starting service [Tomcat] 
2022-04-13 16:05:41.214 [main] INFO  o.a.catalina.core.StandardEngine : Starting Servlet engine: [Apache Tomcat/9.0.54] 
2022-04-13 16:05:41.271 [main] INFO  o.a.c.c.C.[Tomcat].[localhost].[/] : Initializing Spring embedded WebApplicationContext 
2022-04-13 16:05:41.272 [main] INFO  o.s.b.w.s.c.ServletWebServerApplicationContext : Root WebApplicationContext: initialization completed in 906 ms 
2022-04-13 16:05:41.393 [main] INFO  com.zaxxer.hikari.HikariDataSource : HikariPool-1 - Starting... 
2022-04-13 16:05:41.488 [main] INFO  com.zaxxer.hikari.HikariDataSource : HikariPool-1 - Start completed. 
2022-04-13 16:05:41.573 [main] INFO  liquibase.database : Set default schema name to public 
2022-04-13 16:05:41.616 [main] INFO  liquibase.lockservice : Successfully acquired change log lock 
2022-04-13 16:05:41.844 [main] INFO  liquibase.changelog : Reading from public.databasechangelog 
2022-04-13 16:05:41.877 [main] INFO  liquibase.lockservice : Successfully released change log lock 
2022-04-13 16:05:41.931 [main] INFO  o.h.jpa.internal.util.LogHelper : HHH000204: Processing PersistenceUnitInfo [name: default] 
2022-04-13 16:05:41.956 [main] INFO  org.hibernate.Version : HHH000412: Hibernate ORM core version 5.6.7.Final 
2022-04-13 16:05:42.020 [main] INFO  o.h.annotations.common.Version : HCANN000001: Hibernate Commons Annotations {5.1.2.Final} 
2022-04-13 16:05:42.075 [main] INFO  org.hibernate.dialect.Dialect : HHH000400: Using dialect: org.hibernate.dialect.PostgreSQL9Dialect 
2022-04-13 16:05:42.393 [main] INFO  o.h.e.t.j.p.i.JtaPlatformInitiator : HHH000490: Using JtaPlatform implementation: [org.hibernate.engine.transaction.jta.platform.internal.NoJtaPlatform] 
2022-04-13 16:05:42.398 [main] INFO  o.s.o.j.LocalContainerEntityManagerFactoryBean : Initialized JPA EntityManagerFactory for persistence unit 'default' 
2022-04-13 16:05:42.695 [main] WARN  o.s.b.a.o.j.JpaBaseConfiguration$JpaWebConfiguration : spring.jpa.open-in-view is enabled by default. Therefore, database queries may be performed during view rendering. Explicitly configure spring.jpa.open-in-view to disable this warning 
2022-04-13 16:05:43.056 [main] INFO  o.s.b.w.e.tomcat.TomcatWebServer : Tomcat started on port(s): 8080 (http) with context path '' 
2022-04-13 16:05:43.244 [main] INFO  com.qmis.Application : Started Application in 3.175 seconds (JVM running for 3.68) 
2022-04-13 16:05:44.562 [http-nio-8080-exec-1] INFO  o.a.c.c.C.[Tomcat].[localhost].[/] : Initializing Spring DispatcherServlet 'dispatcherServlet' 
2022-04-13 16:05:44.562 [http-nio-8080-exec-1] INFO  o.s.web.servlet.DispatcherServlet : Initializing Servlet 'dispatcherServlet' 
2022-04-13 16:05:44.563 [http-nio-8080-exec-1] INFO  o.s.web.servlet.DispatcherServlet : Completed initialization in 1 ms 
2022-04-13 16:05:44.646 [http-nio-8080-exec-1] WARN  o.s.w.s.m.s.DefaultHandlerExceptionResolver : Resolved [org.springframework.http.converter.HttpMessageNotWritableException: Could not write JSON: Unable to find com.qmis.entity.Employee with id 1; nested exception is com.fasterxml.jackson.databind.JsonMappingException: Unable to find com.qmis.entity.Employee with id 1 (through reference chain: com.qmis.entity.Employee$HibernateProxy$cHM6mlmM["firstName"])]
2022-04-13 16:05:49.520 [http-nio-8080-exec-2] WARN  o.s.w.s.m.s.DefaultHandlerExceptionResolver : Resolved [org.springframework.http.converter.HttpMessageNotWritableException: Could not write JSON: Unable to find com.qmis.entity.Employee with id 1; nested exception is com.fasterxml.jackson.databind.JsonMappingException: Unable to find com.qmis.entity.Employee with id 1 (through reference chain: com.qmis.entity.Employee$HibernateProxy$cHM6mlmM["firstName"])]
2022-04-13 16:05:58.269 [http-nio-8080-exec-3] INFO  o.a.coyote.http11.Http11Processor : Error parsing HTTP request header
 Note: further occurrences of HTTP request parsing errors will be logged at DEBUG level. 
java.lang.IllegalArgumentException: Invalid character found in method name [0x160x030x010x020x000x010x000x010xfc0x030x030x9a0xd00xc80x0fX0xf60xaa0xadr0xff0xd2~x>V0x9d0xbcS0xed0x9dX0xc2hm.*PN#0xee<! ]. HTTP method names must be tokens
	at org.apache.coyote.http11.Http11InputBuffer.parseRequestLine(Http11InputBuffer.java:419)
	at org.apache.coyote.http11.Http11Processor.service(Http11Processor.java:269)
	at org.apache.coyote.AbstractProcessorLight.process(AbstractProcessorLight.java:65)
	at org.apache.coyote.AbstractProtocol$ConnectionHandler.process(AbstractProtocol.java:895)
	at org.apache.tomcat.util.net.NioEndpoint$SocketProcessor.doRun(NioEndpoint.java:1722)
	at org.apache.tomcat.util.net.SocketProcessorBase.run(SocketProcessorBase.java:49)
	at org.apache.tomcat.util.threads.ThreadPoolExecutor.runWorker(ThreadPoolExecutor.java:1191)
	at org.apache.tomcat.util.threads.ThreadPoolExecutor$Worker.run(ThreadPoolExecutor.java:659)
	at org.apache.tomcat.util.threads.TaskThread$WrappingRunnable.run(TaskThread.java:61)
	at java.base/java.lang.Thread.run(Thread.java:833)
2022-04-13 16:06:11.588 [http-nio-8080-exec-6] WARN  o.s.w.s.m.s.DefaultHandlerExceptionResolver : Resolved [org.springframework.http.converter.HttpMessageNotWritableException: Could not write JSON: Unable to find com.qmis.entity.Employee with id 1; nested exception is com.fasterxml.jackson.databind.JsonMappingException: Unable to find com.qmis.entity.Employee with id 1 (through reference chain: com.qmis.entity.Employee$HibernateProxy$cHM6mlmM["firstName"])]
2022-04-13 18:26:29.226 [SpringApplicationShutdownHook] INFO  o.s.o.j.LocalContainerEntityManagerFactoryBean : Closing JPA EntityManagerFactory for persistence unit 'default' 
2022-04-13 18:26:29.227 [SpringApplicationShutdownHook] INFO  com.zaxxer.hikari.HikariDataSource : HikariPool-1 - Shutdown initiated... 
2022-04-13 18:26:29.229 [SpringApplicationShutdownHook] INFO  com.zaxxer.hikari.HikariDataSource : HikariPool-1 - Shutdown completed. 
2022-04-13 19:09:23.605 [main] INFO  com.qmis.Application : Starting Application using Java 17.0.2 on QMIS with PID 22372 (K:\Project\HandbookDD\handbook\target\classes started by Kron Costa in K:\Project\HandbookDD) 
2022-04-13 19:09:23.607 [main] INFO  com.qmis.Application : No active profile set, falling back to default profiles: default 
2022-04-13 19:09:24.155 [main] INFO  o.s.d.r.c.RepositoryConfigurationDelegate : Bootstrapping Spring Data JPA repositories in DEFAULT mode. 
2022-04-13 19:09:24.193 [main] INFO  o.s.d.r.c.RepositoryConfigurationDelegate : Finished Spring Data repository scanning in 31 ms. Found 2 JPA repository interfaces. 
2022-04-13 19:09:24.311 [main] INFO  o.s.c.context.scope.GenericScope : BeanFactory id=d67d3181-c06c-33bf-b4ed-410fd944c32c 
2022-04-13 19:09:24.527 [main] INFO  o.s.b.w.e.tomcat.TomcatWebServer : Tomcat initialized with port(s): 8080 (http) 
2022-04-13 19:09:24.533 [main] INFO  o.a.catalina.core.StandardService : Starting service [Tomcat] 
2022-04-13 19:09:24.533 [main] INFO  o.a.catalina.core.StandardEngine : Starting Servlet engine: [Apache Tomcat/9.0.54] 
2022-04-13 19:09:24.586 [main] INFO  o.a.c.c.C.[Tomcat].[localhost].[/] : Initializing Spring embedded WebApplicationContext 
2022-04-13 19:09:24.586 [main] INFO  o.s.b.w.s.c.ServletWebServerApplicationContext : Root WebApplicationContext: initialization completed in 951 ms 
2022-04-13 19:09:24.708 [main] INFO  com.zaxxer.hikari.HikariDataSource : HikariPool-1 - Starting... 
2022-04-13 19:09:24.807 [main] INFO  com.zaxxer.hikari.HikariDataSource : HikariPool-1 - Start completed. 
2022-04-13 19:09:24.894 [main] INFO  liquibase.database : Set default schema name to public 
2022-04-13 19:09:24.940 [main] INFO  liquibase.lockservice : Successfully acquired change log lock 
2022-04-13 19:09:25.226 [main] INFO  liquibase.changelog : Reading from public.databasechangelog 
2022-04-13 19:09:25.280 [main] INFO  liquibase.changelog : Table user created 
2022-04-13 19:09:25.281 [main] INFO  liquibase.changelog : ChangeSet db/changelog/03-2022/30-03-changelog.xml::addUserTable::QMIS ran successfully in 13ms 
2022-04-13 19:09:25.286 [main] INFO  liquibase.lockservice : Successfully released change log lock 
2022-04-13 19:09:25.342 [main] INFO  o.h.jpa.internal.util.LogHelper : HHH000204: Processing PersistenceUnitInfo [name: default] 
2022-04-13 19:09:25.369 [main] INFO  org.hibernate.Version : HHH000412: Hibernate ORM core version 5.6.7.Final 
2022-04-13 19:09:25.437 [main] INFO  o.h.annotations.common.Version : HCANN000001: Hibernate Commons Annotations {5.1.2.Final} 
2022-04-13 19:09:25.494 [main] INFO  org.hibernate.dialect.Dialect : HHH000400: Using dialect: org.hibernate.dialect.PostgreSQL9Dialect 
2022-04-13 19:09:25.809 [main] INFO  o.h.e.t.j.p.i.JtaPlatformInitiator : HHH000490: Using JtaPlatform implementation: [org.hibernate.engine.transaction.jta.platform.internal.NoJtaPlatform] 
2022-04-13 19:09:25.814 [main] INFO  o.s.o.j.LocalContainerEntityManagerFactoryBean : Initialized JPA EntityManagerFactory for persistence unit 'default' 
2022-04-13 19:09:26.068 [main] WARN  o.s.b.a.o.j.JpaBaseConfiguration$JpaWebConfiguration : spring.jpa.open-in-view is enabled by default. Therefore, database queries may be performed during view rendering. Explicitly configure spring.jpa.open-in-view to disable this warning 
2022-04-13 19:09:26.337 [main] INFO  o.s.b.w.e.tomcat.TomcatWebServer : Tomcat started on port(s): 8080 (http) with context path '' 
2022-04-13 19:09:26.503 [main] INFO  com.qmis.Application : Started Application in 3.14 seconds (JVM running for 3.631) 
2022-04-13 19:09:31.494 [http-nio-8080-exec-1] INFO  o.a.c.c.C.[Tomcat].[localhost].[/] : Initializing Spring DispatcherServlet 'dispatcherServlet' 
2022-04-13 19:09:31.494 [http-nio-8080-exec-1] INFO  o.s.web.servlet.DispatcherServlet : Initializing Servlet 'dispatcherServlet' 
2022-04-13 19:09:31.495 [http-nio-8080-exec-1] INFO  o.s.web.servlet.DispatcherServlet : Completed initialization in 1 ms 
2022-04-13 19:09:42.178 [http-nio-8080-exec-2] WARN  o.s.w.s.m.s.DefaultHandlerExceptionResolver : Resolved [org.springframework.http.converter.HttpMessageNotWritableException: Could not write JSON: Unable to find com.qmis.entity.Employee with id 2; nested exception is com.fasterxml.jackson.databind.JsonMappingException: Unable to find com.qmis.entity.Employee with id 2 (through reference chain: com.qmis.entity.Employee$HibernateProxy$EQPQA8Qd["firstName"])]
2022-04-13 19:12:09.631 [SpringApplicationShutdownHook] INFO  o.s.o.j.LocalContainerEntityManagerFactoryBean : Closing JPA EntityManagerFactory for persistence unit 'default' 
2022-04-13 19:12:09.633 [SpringApplicationShutdownHook] INFO  com.zaxxer.hikari.HikariDataSource : HikariPool-1 - Shutdown initiated... 
2022-04-13 19:12:09.634 [SpringApplicationShutdownHook] INFO  com.zaxxer.hikari.HikariDataSource : HikariPool-1 - Shutdown completed. 
2022-04-13 19:12:13.183 [main] INFO  com.qmis.Application : Starting Application using Java 17.0.2 on QMIS with PID 5772 (K:\Project\HandbookDD\handbook\target\classes started by Kron Costa in K:\Project\HandbookDD) 
2022-04-13 19:12:13.185 [main] INFO  com.qmis.Application : No active profile set, falling back to default profiles: default 
2022-04-13 19:12:13.682 [main] INFO  o.s.d.r.c.RepositoryConfigurationDelegate : Bootstrapping Spring Data JPA repositories in DEFAULT mode. 
2022-04-13 19:12:13.715 [main] INFO  o.s.d.r.c.RepositoryConfigurationDelegate : Finished Spring Data repository scanning in 28 ms. Found 2 JPA repository interfaces. 
2022-04-13 19:12:13.813 [main] INFO  o.s.c.context.scope.GenericScope : BeanFactory id=d67d3181-c06c-33bf-b4ed-410fd944c32c 
2022-04-13 19:12:14.009 [main] INFO  o.s.b.w.e.tomcat.TomcatWebServer : Tomcat initialized with port(s): 8080 (http) 
2022-04-13 19:12:14.014 [main] INFO  o.a.catalina.core.StandardService : Starting service [Tomcat] 
2022-04-13 19:12:14.014 [main] INFO  o.a.catalina.core.StandardEngine : Starting Servlet engine: [Apache Tomcat/9.0.54] 
2022-04-13 19:12:14.064 [main] INFO  o.a.c.c.C.[Tomcat].[localhost].[/] : Initializing Spring embedded WebApplicationContext 
2022-04-13 19:12:14.064 [main] INFO  o.s.b.w.s.c.ServletWebServerApplicationContext : Root WebApplicationContext: initialization completed in 853 ms 
2022-04-13 19:12:14.184 [main] INFO  com.zaxxer.hikari.HikariDataSource : HikariPool-1 - Starting... 
2022-04-13 19:12:14.284 [main] INFO  com.zaxxer.hikari.HikariDataSource : HikariPool-1 - Start completed. 
2022-04-13 19:12:14.368 [main] INFO  liquibase.database : Set default schema name to public 
2022-04-13 19:12:14.409 [main] INFO  liquibase.lockservice : Successfully acquired change log lock 
2022-04-13 19:12:14.637 [main] INFO  liquibase.changelog : Reading from public.databasechangelog 
2022-04-13 19:12:14.672 [main] INFO  liquibase.lockservice : Successfully released change log lock 
2022-04-13 19:12:14.729 [main] INFO  o.h.jpa.internal.util.LogHelper : HHH000204: Processing PersistenceUnitInfo [name: default] 
2022-04-13 19:12:14.758 [main] INFO  org.hibernate.Version : HHH000412: Hibernate ORM core version 5.6.7.Final 
2022-04-13 19:12:14.823 [main] INFO  o.h.annotations.common.Version : HCANN000001: Hibernate Commons Annotations {5.1.2.Final} 
2022-04-13 19:12:14.878 [main] INFO  org.hibernate.dialect.Dialect : HHH000400: Using dialect: org.hibernate.dialect.PostgreSQL9Dialect 
2022-04-13 19:12:15.195 [main] INFO  o.h.e.t.j.p.i.JtaPlatformInitiator : HHH000490: Using JtaPlatform implementation: [org.hibernate.engine.transaction.jta.platform.internal.NoJtaPlatform] 
2022-04-13 19:12:15.201 [main] INFO  o.s.o.j.LocalContainerEntityManagerFactoryBean : Initialized JPA EntityManagerFactory for persistence unit 'default' 
2022-04-13 19:12:15.464 [main] WARN  o.s.b.a.o.j.JpaBaseConfiguration$JpaWebConfiguration : spring.jpa.open-in-view is enabled by default. Therefore, database queries may be performed during view rendering. Explicitly configure spring.jpa.open-in-view to disable this warning 
2022-04-13 19:12:15.722 [main] INFO  o.s.b.w.e.tomcat.TomcatWebServer : Tomcat started on port(s): 8080 (http) with context path '' 
2022-04-13 19:12:15.898 [main] INFO  com.qmis.Application : Started Application in 2.956 seconds (JVM running for 3.503) 
2022-04-13 19:12:26.297 [http-nio-8080-exec-1] INFO  o.a.c.c.C.[Tomcat].[localhost].[/] : Initializing Spring DispatcherServlet 'dispatcherServlet' 
2022-04-13 19:12:26.297 [http-nio-8080-exec-1] INFO  o.s.web.servlet.DispatcherServlet : Initializing Servlet 'dispatcherServlet' 
2022-04-13 19:12:26.299 [http-nio-8080-exec-1] INFO  o.s.web.servlet.DispatcherServlet : Completed initialization in 2 ms 
2022-04-13 19:12:41.551 [http-nio-8080-exec-2] WARN  o.s.w.s.m.s.DefaultHandlerExceptionResolver : Resolved [org.springframework.web.bind.MissingServletRequestParameterException: Required request parameter 'id' for method parameter type int is not present] 
2022-04-13 19:14:35.668 [SpringApplicationShutdownHook] INFO  o.s.o.j.LocalContainerEntityManagerFactoryBean : Closing JPA EntityManagerFactory for persistence unit 'default' 
2022-04-13 19:14:35.671 [SpringApplicationShutdownHook] INFO  com.zaxxer.hikari.HikariDataSource : HikariPool-1 - Shutdown initiated... 
2022-04-13 19:14:35.672 [SpringApplicationShutdownHook] INFO  com.zaxxer.hikari.HikariDataSource : HikariPool-1 - Shutdown completed. 
2022-04-13 19:14:39.293 [main] INFO  com.qmis.Application : Starting Application using Java 17.0.2 on QMIS with PID 27024 (K:\Project\HandbookDD\handbook\target\classes started by Kron Costa in K:\Project\HandbookDD) 
2022-04-13 19:14:39.295 [main] INFO  com.qmis.Application : No active profile set, falling back to default profiles: default 
2022-04-13 19:14:39.783 [main] INFO  o.s.d.r.c.RepositoryConfigurationDelegate : Bootstrapping Spring Data JPA repositories in DEFAULT mode. 
2022-04-13 19:14:39.815 [main] INFO  o.s.d.r.c.RepositoryConfigurationDelegate : Finished Spring Data repository scanning in 27 ms. Found 2 JPA repository interfaces. 
2022-04-13 19:14:39.914 [main] INFO  o.s.c.context.scope.GenericScope : BeanFactory id=d67d3181-c06c-33bf-b4ed-410fd944c32c 
2022-04-13 19:14:40.108 [main] INFO  o.s.b.w.e.tomcat.TomcatWebServer : Tomcat initialized with port(s): 8080 (http) 
2022-04-13 19:14:40.113 [main] INFO  o.a.catalina.core.StandardService : Starting service [Tomcat] 
2022-04-13 19:14:40.114 [main] INFO  o.a.catalina.core.StandardEngine : Starting Servlet engine: [Apache Tomcat/9.0.54] 
2022-04-13 19:14:40.165 [main] INFO  o.a.c.c.C.[Tomcat].[localhost].[/] : Initializing Spring embedded WebApplicationContext 
2022-04-13 19:14:40.165 [main] INFO  o.s.b.w.s.c.ServletWebServerApplicationContext : Root WebApplicationContext: initialization completed in 844 ms 
2022-04-13 19:14:40.289 [main] INFO  com.zaxxer.hikari.HikariDataSource : HikariPool-1 - Starting... 
2022-04-13 19:14:40.388 [main] INFO  com.zaxxer.hikari.HikariDataSource : HikariPool-1 - Start completed. 
2022-04-13 19:14:40.467 [main] INFO  liquibase.database : Set default schema name to public 
2022-04-13 19:14:40.514 [main] INFO  liquibase.lockservice : Successfully acquired change log lock 
2022-04-13 19:14:40.740 [main] INFO  liquibase.changelog : Reading from public.databasechangelog 
2022-04-13 19:14:40.773 [main] INFO  liquibase.lockservice : Successfully released change log lock 
2022-04-13 19:14:40.837 [main] INFO  o.h.jpa.internal.util.LogHelper : HHH000204: Processing PersistenceUnitInfo [name: default] 
2022-04-13 19:14:40.867 [main] INFO  org.hibernate.Version : HHH000412: Hibernate ORM core version 5.6.7.Final 
2022-04-13 19:14:40.942 [main] INFO  o.h.annotations.common.Version : HCANN000001: Hibernate Commons Annotations {5.1.2.Final} 
2022-04-13 19:14:41.029 [main] INFO  org.hibernate.dialect.Dialect : HHH000400: Using dialect: org.hibernate.dialect.PostgreSQL9Dialect 
2022-04-13 19:14:41.375 [main] INFO  o.h.e.t.j.p.i.JtaPlatformInitiator : HHH000490: Using JtaPlatform implementation: [org.hibernate.engine.transaction.jta.platform.internal.NoJtaPlatform] 
2022-04-13 19:14:41.380 [main] INFO  o.s.o.j.LocalContainerEntityManagerFactoryBean : Initialized JPA EntityManagerFactory for persistence unit 'default' 
2022-04-13 19:14:41.656 [main] WARN  o.s.b.a.o.j.JpaBaseConfiguration$JpaWebConfiguration : spring.jpa.open-in-view is enabled by default. Therefore, database queries may be performed during view rendering. Explicitly configure spring.jpa.open-in-view to disable this warning 
2022-04-13 19:14:41.956 [main] INFO  o.s.b.w.e.tomcat.TomcatWebServer : Tomcat started on port(s): 8080 (http) with context path '' 
2022-04-13 19:14:42.127 [main] INFO  com.qmis.Application : Started Application in 3.069 seconds (JVM running for 3.538) 
2022-04-13 19:14:47.910 [http-nio-8080-exec-1] INFO  o.a.c.c.C.[Tomcat].[localhost].[/] : Initializing Spring DispatcherServlet 'dispatcherServlet' 
2022-04-13 19:14:47.910 [http-nio-8080-exec-1] INFO  o.s.web.servlet.DispatcherServlet : Initializing Servlet 'dispatcherServlet' 
2022-04-13 19:14:47.911 [http-nio-8080-exec-1] INFO  o.s.web.servlet.DispatcherServlet : Completed initialization in 1 ms 
2022-04-13 19:14:47.987 [http-nio-8080-exec-1] WARN  o.s.w.s.m.s.DefaultHandlerExceptionResolver : Resolved [org.springframework.http.converter.HttpMessageNotWritableException: Could not write JSON: Unable to find com.qmis.entity.Employee with id 1; nested exception is com.fasterxml.jackson.databind.JsonMappingException: Unable to find com.qmis.entity.Employee with id 1 (through reference chain: com.qmis.entity.Employee$HibernateProxy$cLJFVzBn["firstName"])]
2022-04-13 19:14:55.827 [http-nio-8080-exec-3] WARN  o.s.w.s.m.s.DefaultHandlerExceptionResolver : Resolved [org.springframework.http.converter.HttpMessageNotWritableException: Could not write JSON: Unable to find com.qmis.entity.Employee with id 1; nested exception is com.fasterxml.jackson.databind.JsonMappingException: Unable to find com.qmis.entity.Employee with id 1 (through reference chain: com.qmis.entity.Employee$HibernateProxy$cLJFVzBn["firstName"])]
2022-04-13 19:15:58.257 [http-nio-8080-exec-5] INFO  o.a.coyote.http11.Http11Processor : Error parsing HTTP request header
 Note: further occurrences of HTTP request parsing errors will be logged at DEBUG level. 
java.lang.IllegalArgumentException: Invalid character found in method name [0x160x030x010x020x000x010x000x010xfc0x030x030x840x8a0xb3`0xe1$0xebv{a0xd8t0xf80xbe0x1800x0d0x160xa00xb9=0xd00xa2sg0x9d)k{0xa40xab3 ]. HTTP method names must be tokens
	at org.apache.coyote.http11.Http11InputBuffer.parseRequestLine(Http11InputBuffer.java:419)
	at org.apache.coyote.http11.Http11Processor.service(Http11Processor.java:269)
	at org.apache.coyote.AbstractProcessorLight.process(AbstractProcessorLight.java:65)
	at org.apache.coyote.AbstractProtocol$ConnectionHandler.process(AbstractProtocol.java:895)
	at org.apache.tomcat.util.net.NioEndpoint$SocketProcessor.doRun(NioEndpoint.java:1722)
	at org.apache.tomcat.util.net.SocketProcessorBase.run(SocketProcessorBase.java:49)
	at org.apache.tomcat.util.threads.ThreadPoolExecutor.runWorker(ThreadPoolExecutor.java:1191)
	at org.apache.tomcat.util.threads.ThreadPoolExecutor$Worker.run(ThreadPoolExecutor.java:659)
	at org.apache.tomcat.util.threads.TaskThread$WrappingRunnable.run(TaskThread.java:61)
	at java.base/java.lang.Thread.run(Thread.java:833)
2022-04-13 19:16:41.262 [SpringApplicationShutdownHook] INFO  o.s.o.j.LocalContainerEntityManagerFactoryBean : Closing JPA EntityManagerFactory for persistence unit 'default' 
2022-04-13 19:16:41.263 [SpringApplicationShutdownHook] INFO  com.zaxxer.hikari.HikariDataSource : HikariPool-1 - Shutdown initiated... 
2022-04-13 19:16:41.265 [SpringApplicationShutdownHook] INFO  com.zaxxer.hikari.HikariDataSource : HikariPool-1 - Shutdown completed. 
2022-04-13 19:16:44.936 [main] INFO  com.qmis.Application : Starting Application using Java 17.0.2 on QMIS with PID 13908 (K:\Project\HandbookDD\handbook\target\classes started by Kron Costa in K:\Project\HandbookDD) 
2022-04-13 19:16:44.939 [main] INFO  com.qmis.Application : No active profile set, falling back to default profiles: default 
2022-04-13 19:16:45.454 [main] INFO  o.s.d.r.c.RepositoryConfigurationDelegate : Bootstrapping Spring Data JPA repositories in DEFAULT mode. 
2022-04-13 19:16:45.486 [main] INFO  o.s.d.r.c.RepositoryConfigurationDelegate : Finished Spring Data repository scanning in 27 ms. Found 2 JPA repository interfaces. 
2022-04-13 19:16:45.588 [main] INFO  o.s.c.context.scope.GenericScope : BeanFactory id=d67d3181-c06c-33bf-b4ed-410fd944c32c 
2022-04-13 19:16:45.791 [main] INFO  o.s.b.w.e.tomcat.TomcatWebServer : Tomcat initialized with port(s): 8080 (http) 
2022-04-13 19:16:45.796 [main] INFO  o.a.catalina.core.StandardService : Starting service [Tomcat] 
2022-04-13 19:16:45.796 [main] INFO  o.a.catalina.core.StandardEngine : Starting Servlet engine: [Apache Tomcat/9.0.54] 
2022-04-13 19:16:45.848 [main] INFO  o.a.c.c.C.[Tomcat].[localhost].[/] : Initializing Spring embedded WebApplicationContext 
2022-04-13 19:16:45.848 [main] INFO  o.s.b.w.s.c.ServletWebServerApplicationContext : Root WebApplicationContext: initialization completed in 880 ms 
2022-04-13 19:16:45.979 [main] INFO  com.zaxxer.hikari.HikariDataSource : HikariPool-1 - Starting... 
2022-04-13 19:16:46.081 [main] INFO  com.zaxxer.hikari.HikariDataSource : HikariPool-1 - Start completed. 
2022-04-13 19:16:46.167 [main] INFO  liquibase.database : Set default schema name to public 
2022-04-13 19:16:46.212 [main] INFO  liquibase.lockservice : Successfully acquired change log lock 
2022-04-13 19:16:46.441 [main] INFO  liquibase.changelog : Reading from public.databasechangelog 
2022-04-13 19:16:46.475 [main] INFO  liquibase.lockservice : Successfully released change log lock 
2022-04-13 19:16:46.530 [main] INFO  o.h.jpa.internal.util.LogHelper : HHH000204: Processing PersistenceUnitInfo [name: default] 
2022-04-13 19:16:46.555 [main] INFO  org.hibernate.Version : HHH000412: Hibernate ORM core version 5.6.7.Final 
2022-04-13 19:16:46.620 [main] INFO  o.h.annotations.common.Version : HCANN000001: Hibernate Commons Annotations {5.1.2.Final} 
2022-04-13 19:16:46.677 [main] INFO  org.hibernate.dialect.Dialect : HHH000400: Using dialect: org.hibernate.dialect.PostgreSQL9Dialect 
2022-04-13 19:16:46.994 [main] INFO  o.h.e.t.j.p.i.JtaPlatformInitiator : HHH000490: Using JtaPlatform implementation: [org.hibernate.engine.transaction.jta.platform.internal.NoJtaPlatform] 
2022-04-13 19:16:47.000 [main] INFO  o.s.o.j.LocalContainerEntityManagerFactoryBean : Initialized JPA EntityManagerFactory for persistence unit 'default' 
2022-04-13 19:16:47.256 [main] WARN  o.s.b.a.o.j.JpaBaseConfiguration$JpaWebConfiguration : spring.jpa.open-in-view is enabled by default. Therefore, database queries may be performed during view rendering. Explicitly configure spring.jpa.open-in-view to disable this warning 
2022-04-13 19:16:47.523 [main] INFO  o.s.b.w.e.tomcat.TomcatWebServer : Tomcat started on port(s): 8080 (http) with context path '' 
2022-04-13 19:16:47.715 [main] INFO  com.qmis.Application : Started Application in 3.107 seconds (JVM running for 3.629) 
2022-04-13 19:16:53.084 [http-nio-8080-exec-1] INFO  o.a.c.c.C.[Tomcat].[localhost].[/] : Initializing Spring DispatcherServlet 'dispatcherServlet' 
2022-04-13 19:16:53.084 [http-nio-8080-exec-1] INFO  o.s.web.servlet.DispatcherServlet : Initializing Servlet 'dispatcherServlet' 
2022-04-13 19:16:53.085 [http-nio-8080-exec-1] INFO  o.s.web.servlet.DispatcherServlet : Completed initialization in 1 ms 
2022-04-13 19:16:53.144 [http-nio-8080-exec-1] ERROR o.a.c.c.C.[.[.[.[dispatcherServlet] : Servlet.service() for servlet [dispatcherServlet] in context with path [] threw exception [Request processing failed; nested exception is java.util.NoSuchElementException: No value present] with root cause 
java.util.NoSuchElementException: No value present
	at java.base/java.util.Optional.get(Optional.java:143)
	at com.qmis.service.EmployeeServiceImpl.getEmployeeById(EmployeeService.java:21)
	at com.qmis.controller.EmployeeController.getEmployeeById(EmployeeController.java:32)
	at java.base/jdk.internal.reflect.NativeMethodAccessorImpl.invoke0(Native Method)
	at java.base/jdk.internal.reflect.NativeMethodAccessorImpl.invoke(NativeMethodAccessorImpl.java:77)
	at java.base/jdk.internal.reflect.DelegatingMethodAccessorImpl.invoke(DelegatingMethodAccessorImpl.java:43)
	at java.base/java.lang.reflect.Method.invoke(Method.java:568)
	at org.springframework.web.method.support.InvocableHandlerMethod.doInvoke(InvocableHandlerMethod.java:205)
	at org.springframework.web.method.support.InvocableHandlerMethod.invokeForRequest(InvocableHandlerMethod.java:150)
	at org.springframework.web.servlet.mvc.method.annotation.ServletInvocableHandlerMethod.invokeAndHandle(ServletInvocableHandlerMethod.java:117)
	at org.springframework.web.servlet.mvc.method.annotation.RequestMappingHandlerAdapter.invokeHandlerMethod(RequestMappingHandlerAdapter.java:895)
	at org.springframework.web.servlet.mvc.method.annotation.RequestMappingHandlerAdapter.handleInternal(RequestMappingHandlerAdapter.java:808)
	at org.springframework.web.servlet.mvc.method.AbstractHandlerMethodAdapter.handle(AbstractHandlerMethodAdapter.java:87)
	at org.springframework.web.servlet.DispatcherServlet.doDispatch(DispatcherServlet.java:1067)
	at org.springframework.web.servlet.DispatcherServlet.doService(DispatcherServlet.java:963)
	at org.springframework.web.servlet.FrameworkServlet.processRequest(FrameworkServlet.java:1006)
	at org.springframework.web.servlet.FrameworkServlet.doGet(FrameworkServlet.java:898)
	at javax.servlet.http.HttpServlet.service(HttpServlet.java:655)
	at org.springframework.web.servlet.FrameworkServlet.service(FrameworkServlet.java:883)
	at javax.servlet.http.HttpServlet.service(HttpServlet.java:764)
	at org.apache.catalina.core.ApplicationFilterChain.internalDoFilter(ApplicationFilterChain.java:227)
	at org.apache.catalina.core.ApplicationFilterChain.doFilter(ApplicationFilterChain.java:162)
	at org.apache.tomcat.websocket.server.WsFilter.doFilter(WsFilter.java:53)
	at org.apache.catalina.core.ApplicationFilterChain.internalDoFilter(ApplicationFilterChain.java:189)
	at org.apache.catalina.core.ApplicationFilterChain.doFilter(ApplicationFilterChain.java:162)
	at org.springframework.web.filter.RequestContextFilter.doFilterInternal(RequestContextFilter.java:100)
	at org.springframework.web.filter.OncePerRequestFilter.doFilter(OncePerRequestFilter.java:119)
	at org.apache.catalina.core.ApplicationFilterChain.internalDoFilter(ApplicationFilterChain.java:189)
	at org.apache.catalina.core.ApplicationFilterChain.doFilter(ApplicationFilterChain.java:162)
	at org.springframework.web.filter.FormContentFilter.doFilterInternal(FormContentFilter.java:93)
	at org.springframework.web.filter.OncePerRequestFilter.doFilter(OncePerRequestFilter.java:119)
	at org.apache.catalina.core.ApplicationFilterChain.internalDoFilter(ApplicationFilterChain.java:189)
	at org.apache.catalina.core.ApplicationFilterChain.doFilter(ApplicationFilterChain.java:162)
	at org.springframework.web.filter.CharacterEncodingFilter.doFilterInternal(CharacterEncodingFilter.java:201)
	at org.springframework.web.filter.OncePerRequestFilter.doFilter(OncePerRequestFilter.java:119)
	at org.apache.catalina.core.ApplicationFilterChain.internalDoFilter(ApplicationFilterChain.java:189)
	at org.apache.catalina.core.ApplicationFilterChain.doFilter(ApplicationFilterChain.java:162)
	at org.apache.catalina.core.StandardWrapperValve.invoke(StandardWrapperValve.java:197)
	at org.apache.catalina.core.StandardContextValve.invoke(StandardContextValve.java:97)
	at org.apache.catalina.authenticator.AuthenticatorBase.invoke(AuthenticatorBase.java:540)
	at org.apache.catalina.core.StandardHostValve.invoke(StandardHostValve.java:135)
	at org.apache.catalina.valves.ErrorReportValve.invoke(ErrorReportValve.java:92)
	at org.apache.catalina.core.StandardEngineValve.invoke(StandardEngineValve.java:78)
	at org.apache.catalina.connector.CoyoteAdapter.service(CoyoteAdapter.java:357)
	at org.apache.coyote.http11.Http11Processor.service(Http11Processor.java:382)
	at org.apache.coyote.AbstractProcessorLight.process(AbstractProcessorLight.java:65)
	at org.apache.coyote.AbstractProtocol$ConnectionHandler.process(AbstractProtocol.java:895)
	at org.apache.tomcat.util.net.NioEndpoint$SocketProcessor.doRun(NioEndpoint.java:1722)
	at org.apache.tomcat.util.net.SocketProcessorBase.run(SocketProcessorBase.java:49)
	at org.apache.tomcat.util.threads.ThreadPoolExecutor.runWorker(ThreadPoolExecutor.java:1191)
	at org.apache.tomcat.util.threads.ThreadPoolExecutor$Worker.run(ThreadPoolExecutor.java:659)
	at org.apache.tomcat.util.threads.TaskThread$WrappingRunnable.run(TaskThread.java:61)
	at java.base/java.lang.Thread.run(Thread.java:833)
2022-04-13 19:17:01.524 [http-nio-8080-exec-3] ERROR o.a.c.c.C.[.[.[.[dispatcherServlet] : Servlet.service() for servlet [dispatcherServlet] in context with path [] threw exception [Request processing failed; nested exception is java.util.NoSuchElementException: No value present] with root cause 
java.util.NoSuchElementException: No value present
	at java.base/java.util.Optional.get(Optional.java:143)
	at com.qmis.service.EmployeeServiceImpl.getEmployeeById(EmployeeService.java:21)
	at com.qmis.controller.EmployeeController.getEmployeeById(EmployeeController.java:32)
	at java.base/jdk.internal.reflect.NativeMethodAccessorImpl.invoke0(Native Method)
	at java.base/jdk.internal.reflect.NativeMethodAccessorImpl.invoke(NativeMethodAccessorImpl.java:77)
	at java.base/jdk.internal.reflect.DelegatingMethodAccessorImpl.invoke(DelegatingMethodAccessorImpl.java:43)
	at java.base/java.lang.reflect.Method.invoke(Method.java:568)
	at org.springframework.web.method.support.InvocableHandlerMethod.doInvoke(InvocableHandlerMethod.java:205)
	at org.springframework.web.method.support.InvocableHandlerMethod.invokeForRequest(InvocableHandlerMethod.java:150)
	at org.springframework.web.servlet.mvc.method.annotation.ServletInvocableHandlerMethod.invokeAndHandle(ServletInvocableHandlerMethod.java:117)
	at org.springframework.web.servlet.mvc.method.annotation.RequestMappingHandlerAdapter.invokeHandlerMethod(RequestMappingHandlerAdapter.java:895)
	at org.springframework.web.servlet.mvc.method.annotation.RequestMappingHandlerAdapter.handleInternal(RequestMappingHandlerAdapter.java:808)
	at org.springframework.web.servlet.mvc.method.AbstractHandlerMethodAdapter.handle(AbstractHandlerMethodAdapter.java:87)
	at org.springframework.web.servlet.DispatcherServlet.doDispatch(DispatcherServlet.java:1067)
	at org.springframework.web.servlet.DispatcherServlet.doService(DispatcherServlet.java:963)
	at org.springframework.web.servlet.FrameworkServlet.processRequest(FrameworkServlet.java:1006)
	at org.springframework.web.servlet.FrameworkServlet.doGet(FrameworkServlet.java:898)
	at javax.servlet.http.HttpServlet.service(HttpServlet.java:655)
	at org.springframework.web.servlet.FrameworkServlet.service(FrameworkServlet.java:883)
	at javax.servlet.http.HttpServlet.service(HttpServlet.java:764)
	at org.apache.catalina.core.ApplicationFilterChain.internalDoFilter(ApplicationFilterChain.java:227)
	at org.apache.catalina.core.ApplicationFilterChain.doFilter(ApplicationFilterChain.java:162)
	at org.apache.tomcat.websocket.server.WsFilter.doFilter(WsFilter.java:53)
	at org.apache.catalina.core.ApplicationFilterChain.internalDoFilter(ApplicationFilterChain.java:189)
	at org.apache.catalina.core.ApplicationFilterChain.doFilter(ApplicationFilterChain.java:162)
	at org.springframework.web.filter.RequestContextFilter.doFilterInternal(RequestContextFilter.java:100)
	at org.springframework.web.filter.OncePerRequestFilter.doFilter(OncePerRequestFilter.java:119)
	at org.apache.catalina.core.ApplicationFilterChain.internalDoFilter(ApplicationFilterChain.java:189)
	at org.apache.catalina.core.ApplicationFilterChain.doFilter(ApplicationFilterChain.java:162)
	at org.springframework.web.filter.FormContentFilter.doFilterInternal(FormContentFilter.java:93)
	at org.springframework.web.filter.OncePerRequestFilter.doFilter(OncePerRequestFilter.java:119)
	at org.apache.catalina.core.ApplicationFilterChain.internalDoFilter(ApplicationFilterChain.java:189)
	at org.apache.catalina.core.ApplicationFilterChain.doFilter(ApplicationFilterChain.java:162)
	at org.springframework.web.filter.CharacterEncodingFilter.doFilterInternal(CharacterEncodingFilter.java:201)
	at org.springframework.web.filter.OncePerRequestFilter.doFilter(OncePerRequestFilter.java:119)
	at org.apache.catalina.core.ApplicationFilterChain.internalDoFilter(ApplicationFilterChain.java:189)
	at org.apache.catalina.core.ApplicationFilterChain.doFilter(ApplicationFilterChain.java:162)
	at org.apache.catalina.core.StandardWrapperValve.invoke(StandardWrapperValve.java:197)
	at org.apache.catalina.core.StandardContextValve.invoke(StandardContextValve.java:97)
	at org.apache.catalina.authenticator.AuthenticatorBase.invoke(AuthenticatorBase.java:540)
	at org.apache.catalina.core.StandardHostValve.invoke(StandardHostValve.java:135)
	at org.apache.catalina.valves.ErrorReportValve.invoke(ErrorReportValve.java:92)
	at org.apache.catalina.core.StandardEngineValve.invoke(StandardEngineValve.java:78)
	at org.apache.catalina.connector.CoyoteAdapter.service(CoyoteAdapter.java:357)
	at org.apache.coyote.http11.Http11Processor.service(Http11Processor.java:382)
	at org.apache.coyote.AbstractProcessorLight.process(AbstractProcessorLight.java:65)
	at org.apache.coyote.AbstractProtocol$ConnectionHandler.process(AbstractProtocol.java:895)
	at org.apache.tomcat.util.net.NioEndpoint$SocketProcessor.doRun(NioEndpoint.java:1722)
	at org.apache.tomcat.util.net.SocketProcessorBase.run(SocketProcessorBase.java:49)
	at org.apache.tomcat.util.threads.ThreadPoolExecutor.runWorker(ThreadPoolExecutor.java:1191)
	at org.apache.tomcat.util.threads.ThreadPoolExecutor$Worker.run(ThreadPoolExecutor.java:659)
	at org.apache.tomcat.util.threads.TaskThread$WrappingRunnable.run(TaskThread.java:61)
	at java.base/java.lang.Thread.run(Thread.java:833)
2022-04-13 19:25:58.264 [http-nio-8080-exec-5] INFO  o.a.coyote.http11.Http11Processor : Error parsing HTTP request header
 Note: further occurrences of HTTP request parsing errors will be logged at DEBUG level. 
java.lang.IllegalArgumentException: Invalid character found in method name [0x160x030x010x020x000x010x000x010xfc0x030x030xfe0xc0p0x890xcbHO0xdbw4V0xd8_0x950x8afc0xab0x830xa40x050xe7JAc&0xcc0x1e;n0x950xff ]. HTTP method names must be tokens
	at org.apache.coyote.http11.Http11InputBuffer.parseRequestLine(Http11InputBuffer.java:419)
	at org.apache.coyote.http11.Http11Processor.service(Http11Processor.java:269)
	at org.apache.coyote.AbstractProcessorLight.process(AbstractProcessorLight.java:65)
	at org.apache.coyote.AbstractProtocol$ConnectionHandler.process(AbstractProtocol.java:895)
	at org.apache.tomcat.util.net.NioEndpoint$SocketProcessor.doRun(NioEndpoint.java:1722)
	at org.apache.tomcat.util.net.SocketProcessorBase.run(SocketProcessorBase.java:49)
	at org.apache.tomcat.util.threads.ThreadPoolExecutor.runWorker(ThreadPoolExecutor.java:1191)
	at org.apache.tomcat.util.threads.ThreadPoolExecutor$Worker.run(ThreadPoolExecutor.java:659)
	at org.apache.tomcat.util.threads.TaskThread$WrappingRunnable.run(TaskThread.java:61)
	at java.base/java.lang.Thread.run(Thread.java:833)
2022-04-13 19:27:09.444 [http-nio-8080-exec-8] ERROR o.a.c.c.C.[.[.[.[dispatcherServlet] : Servlet.service() for servlet [dispatcherServlet] in context with path [] threw exception [Request processing failed; nested exception is java.util.NoSuchElementException: No value present] with root cause 
java.util.NoSuchElementException: No value present
	at java.base/java.util.Optional.get(Optional.java:143)
	at com.qmis.service.EmployeeServiceImpl.getEmployeeById(EmployeeService.java:21)
	at com.qmis.controller.EmployeeController.getEmployeeById(EmployeeController.java:32)
	at java.base/jdk.internal.reflect.NativeMethodAccessorImpl.invoke0(Native Method)
	at java.base/jdk.internal.reflect.NativeMethodAccessorImpl.invoke(NativeMethodAccessorImpl.java:77)
	at java.base/jdk.internal.reflect.DelegatingMethodAccessorImpl.invoke(DelegatingMethodAccessorImpl.java:43)
	at java.base/java.lang.reflect.Method.invoke(Method.java:568)
	at org.springframework.web.method.support.InvocableHandlerMethod.doInvoke(InvocableHandlerMethod.java:205)
	at org.springframework.web.method.support.InvocableHandlerMethod.invokeForRequest(InvocableHandlerMethod.java:150)
	at org.springframework.web.servlet.mvc.method.annotation.ServletInvocableHandlerMethod.invokeAndHandle(ServletInvocableHandlerMethod.java:117)
	at org.springframework.web.servlet.mvc.method.annotation.RequestMappingHandlerAdapter.invokeHandlerMethod(RequestMappingHandlerAdapter.java:895)
	at org.springframework.web.servlet.mvc.method.annotation.RequestMappingHandlerAdapter.handleInternal(RequestMappingHandlerAdapter.java:808)
	at org.springframework.web.servlet.mvc.method.AbstractHandlerMethodAdapter.handle(AbstractHandlerMethodAdapter.java:87)
	at org.springframework.web.servlet.DispatcherServlet.doDispatch(DispatcherServlet.java:1067)
	at org.springframework.web.servlet.DispatcherServlet.doService(DispatcherServlet.java:963)
	at org.springframework.web.servlet.FrameworkServlet.processRequest(FrameworkServlet.java:1006)
	at org.springframework.web.servlet.FrameworkServlet.doGet(FrameworkServlet.java:898)
	at javax.servlet.http.HttpServlet.service(HttpServlet.java:655)
	at org.springframework.web.servlet.FrameworkServlet.service(FrameworkServlet.java:883)
	at javax.servlet.http.HttpServlet.service(HttpServlet.java:764)
	at org.apache.catalina.core.ApplicationFilterChain.internalDoFilter(ApplicationFilterChain.java:227)
	at org.apache.catalina.core.ApplicationFilterChain.doFilter(ApplicationFilterChain.java:162)
	at org.apache.tomcat.websocket.server.WsFilter.doFilter(WsFilter.java:53)
	at org.apache.catalina.core.ApplicationFilterChain.internalDoFilter(ApplicationFilterChain.java:189)
	at org.apache.catalina.core.ApplicationFilterChain.doFilter(ApplicationFilterChain.java:162)
	at org.springframework.web.filter.RequestContextFilter.doFilterInternal(RequestContextFilter.java:100)
	at org.springframework.web.filter.OncePerRequestFilter.doFilter(OncePerRequestFilter.java:119)
	at org.apache.catalina.core.ApplicationFilterChain.internalDoFilter(ApplicationFilterChain.java:189)
	at org.apache.catalina.core.ApplicationFilterChain.doFilter(ApplicationFilterChain.java:162)
	at org.springframework.web.filter.FormContentFilter.doFilterInternal(FormContentFilter.java:93)
	at org.springframework.web.filter.OncePerRequestFilter.doFilter(OncePerRequestFilter.java:119)
	at org.apache.catalina.core.ApplicationFilterChain.internalDoFilter(ApplicationFilterChain.java:189)
	at org.apache.catalina.core.ApplicationFilterChain.doFilter(ApplicationFilterChain.java:162)
	at org.springframework.web.filter.CharacterEncodingFilter.doFilterInternal(CharacterEncodingFilter.java:201)
	at org.springframework.web.filter.OncePerRequestFilter.doFilter(OncePerRequestFilter.java:119)
	at org.apache.catalina.core.ApplicationFilterChain.internalDoFilter(ApplicationFilterChain.java:189)
	at org.apache.catalina.core.ApplicationFilterChain.doFilter(ApplicationFilterChain.java:162)
	at org.apache.catalina.core.StandardWrapperValve.invoke(StandardWrapperValve.java:197)
	at org.apache.catalina.core.StandardContextValve.invoke(StandardContextValve.java:97)
	at org.apache.catalina.authenticator.AuthenticatorBase.invoke(AuthenticatorBase.java:540)
	at org.apache.catalina.core.StandardHostValve.invoke(StandardHostValve.java:135)
	at org.apache.catalina.valves.ErrorReportValve.invoke(ErrorReportValve.java:92)
	at org.apache.catalina.core.StandardEngineValve.invoke(StandardEngineValve.java:78)
	at org.apache.catalina.connector.CoyoteAdapter.service(CoyoteAdapter.java:357)
	at org.apache.coyote.http11.Http11Processor.service(Http11Processor.java:382)
	at org.apache.coyote.AbstractProcessorLight.process(AbstractProcessorLight.java:65)
	at org.apache.coyote.AbstractProtocol$ConnectionHandler.process(AbstractProtocol.java:895)
	at org.apache.tomcat.util.net.NioEndpoint$SocketProcessor.doRun(NioEndpoint.java:1722)
	at org.apache.tomcat.util.net.SocketProcessorBase.run(SocketProcessorBase.java:49)
	at org.apache.tomcat.util.threads.ThreadPoolExecutor.runWorker(ThreadPoolExecutor.java:1191)
	at org.apache.tomcat.util.threads.ThreadPoolExecutor$Worker.run(ThreadPoolExecutor.java:659)
	at org.apache.tomcat.util.threads.TaskThread$WrappingRunnable.run(TaskThread.java:61)
	at java.base/java.lang.Thread.run(Thread.java:833)
2022-04-13 19:27:36.107 [http-nio-8080-exec-1] ERROR o.a.c.c.C.[.[.[.[dispatcherServlet] : Servlet.service() for servlet [dispatcherServlet] in context with path [] threw exception [Request processing failed; nested exception is java.util.NoSuchElementException: No value present] with root cause 
java.util.NoSuchElementException: No value present
	at java.base/java.util.Optional.get(Optional.java:143)
	at com.qmis.service.EmployeeServiceImpl.getEmployeeById(EmployeeService.java:21)
	at com.qmis.controller.EmployeeController.getEmployeeById(EmployeeController.java:32)
	at java.base/jdk.internal.reflect.NativeMethodAccessorImpl.invoke0(Native Method)
	at java.base/jdk.internal.reflect.NativeMethodAccessorImpl.invoke(NativeMethodAccessorImpl.java:77)
	at java.base/jdk.internal.reflect.DelegatingMethodAccessorImpl.invoke(DelegatingMethodAccessorImpl.java:43)
	at java.base/java.lang.reflect.Method.invoke(Method.java:568)
	at org.springframework.web.method.support.InvocableHandlerMethod.doInvoke(InvocableHandlerMethod.java:205)
	at org.springframework.web.method.support.InvocableHandlerMethod.invokeForRequest(InvocableHandlerMethod.java:150)
	at org.springframework.web.servlet.mvc.method.annotation.ServletInvocableHandlerMethod.invokeAndHandle(ServletInvocableHandlerMethod.java:117)
	at org.springframework.web.servlet.mvc.method.annotation.RequestMappingHandlerAdapter.invokeHandlerMethod(RequestMappingHandlerAdapter.java:895)
	at org.springframework.web.servlet.mvc.method.annotation.RequestMappingHandlerAdapter.handleInternal(RequestMappingHandlerAdapter.java:808)
	at org.springframework.web.servlet.mvc.method.AbstractHandlerMethodAdapter.handle(AbstractHandlerMethodAdapter.java:87)
	at org.springframework.web.servlet.DispatcherServlet.doDispatch(DispatcherServlet.java:1067)
	at org.springframework.web.servlet.DispatcherServlet.doService(DispatcherServlet.java:963)
	at org.springframework.web.servlet.FrameworkServlet.processRequest(FrameworkServlet.java:1006)
	at org.springframework.web.servlet.FrameworkServlet.doGet(FrameworkServlet.java:898)
	at javax.servlet.http.HttpServlet.service(HttpServlet.java:655)
	at org.springframework.web.servlet.FrameworkServlet.service(FrameworkServlet.java:883)
	at javax.servlet.http.HttpServlet.service(HttpServlet.java:764)
	at org.apache.catalina.core.ApplicationFilterChain.internalDoFilter(ApplicationFilterChain.java:227)
	at org.apache.catalina.core.ApplicationFilterChain.doFilter(ApplicationFilterChain.java:162)
	at org.apache.tomcat.websocket.server.WsFilter.doFilter(WsFilter.java:53)
	at org.apache.catalina.core.ApplicationFilterChain.internalDoFilter(ApplicationFilterChain.java:189)
	at org.apache.catalina.core.ApplicationFilterChain.doFilter(ApplicationFilterChain.java:162)
	at org.springframework.web.filter.RequestContextFilter.doFilterInternal(RequestContextFilter.java:100)
	at org.springframework.web.filter.OncePerRequestFilter.doFilter(OncePerRequestFilter.java:119)
	at org.apache.catalina.core.ApplicationFilterChain.internalDoFilter(ApplicationFilterChain.java:189)
	at org.apache.catalina.core.ApplicationFilterChain.doFilter(ApplicationFilterChain.java:162)
	at org.springframework.web.filter.FormContentFilter.doFilterInternal(FormContentFilter.java:93)
	at org.springframework.web.filter.OncePerRequestFilter.doFilter(OncePerRequestFilter.java:119)
	at org.apache.catalina.core.ApplicationFilterChain.internalDoFilter(ApplicationFilterChain.java:189)
	at org.apache.catalina.core.ApplicationFilterChain.doFilter(ApplicationFilterChain.java:162)
	at org.springframework.web.filter.CharacterEncodingFilter.doFilterInternal(CharacterEncodingFilter.java:201)
	at org.springframework.web.filter.OncePerRequestFilter.doFilter(OncePerRequestFilter.java:119)
	at org.apache.catalina.core.ApplicationFilterChain.internalDoFilter(ApplicationFilterChain.java:189)
	at org.apache.catalina.core.ApplicationFilterChain.doFilter(ApplicationFilterChain.java:162)
	at org.apache.catalina.core.StandardWrapperValve.invoke(StandardWrapperValve.java:197)
	at org.apache.catalina.core.StandardContextValve.invoke(StandardContextValve.java:97)
	at org.apache.catalina.authenticator.AuthenticatorBase.invoke(AuthenticatorBase.java:540)
	at org.apache.catalina.core.StandardHostValve.invoke(StandardHostValve.java:135)
	at org.apache.catalina.valves.ErrorReportValve.invoke(ErrorReportValve.java:92)
	at org.apache.catalina.core.StandardEngineValve.invoke(StandardEngineValve.java:78)
	at org.apache.catalina.connector.CoyoteAdapter.service(CoyoteAdapter.java:357)
	at org.apache.coyote.http11.Http11Processor.service(Http11Processor.java:382)
	at org.apache.coyote.AbstractProcessorLight.process(AbstractProcessorLight.java:65)
	at org.apache.coyote.AbstractProtocol$ConnectionHandler.process(AbstractProtocol.java:895)
	at org.apache.tomcat.util.net.NioEndpoint$SocketProcessor.doRun(NioEndpoint.java:1722)
	at org.apache.tomcat.util.net.SocketProcessorBase.run(SocketProcessorBase.java:49)
	at org.apache.tomcat.util.threads.ThreadPoolExecutor.runWorker(ThreadPoolExecutor.java:1191)
	at org.apache.tomcat.util.threads.ThreadPoolExecutor$Worker.run(ThreadPoolExecutor.java:659)
	at org.apache.tomcat.util.threads.TaskThread$WrappingRunnable.run(TaskThread.java:61)
	at java.base/java.lang.Thread.run(Thread.java:833)
2022-04-13 21:11:26.294 [SpringApplicationShutdownHook] INFO  o.s.o.j.LocalContainerEntityManagerFactoryBean : Closing JPA EntityManagerFactory for persistence unit 'default' 
2022-04-13 21:11:26.296 [SpringApplicationShutdownHook] INFO  com.zaxxer.hikari.HikariDataSource : HikariPool-1 - Shutdown initiated... 
2022-04-13 21:11:26.298 [SpringApplicationShutdownHook] INFO  com.zaxxer.hikari.HikariDataSource : HikariPool-1 - Shutdown completed. 
