2022-04-22 17:14:29.143 [main] INFO  com.qmis.Application : Starting Application using Java 17.0.2 on QMIS with PID 18032 (K:\Project\HandbookDD\handbook\target\classes started by Kron Costa in K:\Project\HandbookDD) 
2022-04-22 17:14:29.151 [main] INFO  com.qmis.Application : No active profile set, falling back to default profiles: default 
2022-04-22 17:14:30.798 [main] INFO  o.s.d.r.c.RepositoryConfigurationDelegate : Bootstrapping Spring Data JPA repositories in DEFAULT mode. 
2022-04-22 17:14:30.854 [main] INFO  o.s.d.r.c.RepositoryConfigurationDelegate : Finished Spring Data repository scanning in 48 ms. Found 2 JPA repository interfaces. 
2022-04-22 17:14:31.239 [main] INFO  o.s.c.context.scope.GenericScope : BeanFactory id=f5f6e514-30e3-3c58-9083-16eca694271b 
2022-04-22 17:14:31.815 [main] INFO  o.s.b.w.e.tomcat.TomcatWebServer : Tomcat initialized with port(s): 8086 (http) 
2022-04-22 17:14:31.823 [main] INFO  o.a.catalina.core.StandardService : Starting service [Tomcat] 
2022-04-22 17:14:31.823 [main] INFO  o.a.catalina.core.StandardEngine : Starting Servlet engine: [Apache Tomcat/9.0.54] 
2022-04-22 17:14:31.976 [main] INFO  o.a.c.c.C.[Tomcat].[localhost].[/] : Initializing Spring embedded WebApplicationContext 
2022-04-22 17:14:31.976 [main] INFO  o.s.b.w.s.c.ServletWebServerApplicationContext : Root WebApplicationContext: initialization completed in 2746 ms 
2022-04-22 17:14:32.376 [main] INFO  com.zaxxer.hikari.HikariDataSource : HikariPool-1 - Starting... 
2022-04-22 17:14:32.832 [main] INFO  com.zaxxer.hikari.HikariDataSource : HikariPool-1 - Start completed. 
2022-04-22 17:14:33.328 [main] INFO  liquibase.lockservice : Successfully acquired change log lock 
2022-04-22 17:14:33.777 [main] INFO  liquibase.changelog : Reading from public.databasechangelog 
2022-04-22 17:14:33.833 [main] INFO  liquibase.lockservice : Successfully released change log lock 
2022-04-22 17:14:33.937 [main] INFO  o.h.jpa.internal.util.LogHelper : HHH000204: Processing PersistenceUnitInfo [name: default] 
2022-04-22 17:14:34.001 [main] INFO  org.hibernate.Version : HHH000412: Hibernate ORM core version 5.6.7.Final 
2022-04-22 17:14:34.153 [main] INFO  o.h.annotations.common.Version : HCANN000001: Hibernate Commons Annotations {5.1.2.Final} 
2022-04-22 17:14:34.273 [main] INFO  org.hibernate.dialect.Dialect : HHH000400: Using dialect: org.hibernate.dialect.PostgreSQL9Dialect 
2022-04-22 17:14:34.945 [main] INFO  o.h.e.t.j.p.i.JtaPlatformInitiator : HHH000490: Using JtaPlatform implementation: [org.hibernate.engine.transaction.jta.platform.internal.NoJtaPlatform] 
2022-04-22 17:14:34.953 [main] INFO  o.s.o.j.LocalContainerEntityManagerFactoryBean : Initialized JPA EntityManagerFactory for persistence unit 'default' 
2022-04-22 17:14:35.521 [main] WARN  o.s.b.a.o.j.JpaBaseConfiguration$JpaWebConfiguration : spring.jpa.open-in-view is enabled by default. Therefore, database queries may be performed during view rendering. Explicitly configure spring.jpa.open-in-view to disable this warning 
2022-04-22 17:14:36.407 [main] INFO  o.s.b.w.e.tomcat.TomcatWebServer : Tomcat started on port(s): 8086 (http) with context path '' 
2022-04-22 17:14:36.703 [main] INFO  com.qmis.Application : Started Application in 8.179 seconds (JVM running for 13.21) 
2022-04-22 17:14:56.076 [http-nio-8086-exec-1] INFO  o.a.c.c.C.[Tomcat].[localhost].[/] : Initializing Spring DispatcherServlet 'dispatcherServlet' 
2022-04-22 17:14:56.076 [http-nio-8086-exec-1] INFO  o.s.web.servlet.DispatcherServlet : Initializing Servlet 'dispatcherServlet' 
2022-04-22 17:14:56.076 [http-nio-8086-exec-1] INFO  o.s.web.servlet.DispatcherServlet : Completed initialization in 0 ms 
2022-04-22 17:15:04.182 [SpringApplicationShutdownHook] INFO  o.s.o.j.LocalContainerEntityManagerFactoryBean : Closing JPA EntityManagerFactory for persistence unit 'default' 
2022-04-22 17:15:04.190 [SpringApplicationShutdownHook] INFO  com.zaxxer.hikari.HikariDataSource : HikariPool-1 - Shutdown initiated... 
2022-04-22 17:15:04.198 [SpringApplicationShutdownHook] INFO  com.zaxxer.hikari.HikariDataSource : HikariPool-1 - Shutdown completed. 
