2022-04-15 10:26:52.778 [main] INFO  com.qmis.Application : Starting Application using Java 17.0.2 on QMIS with PID 3912 (K:\Project\HandbookDD\handbook\target\classes started by Kron Costa in K:\Project\HandbookDD) 
2022-04-15 10:26:52.782 [main] INFO  com.qmis.Application : No active profile set, falling back to default profiles: default 
2022-04-15 10:26:53.429 [main] INFO  o.s.d.r.c.RepositoryConfigurationDelegate : Bootstrapping Spring Data JPA repositories in DEFAULT mode. 
2022-04-15 10:26:53.473 [main] INFO  o.s.d.r.c.RepositoryConfigurationDelegate : Finished Spring Data repository scanning in 37 ms. Found 2 JPA repository interfaces. 
2022-04-15 10:26:53.570 [main] INFO  o.s.c.context.scope.GenericScope : BeanFactory id=e9b59e8c-3f84-31fd-8e89-bdf183ef93bd 
2022-04-15 10:26:53.794 [main] INFO  o.s.b.w.e.tomcat.TomcatWebServer : Tomcat initialized with port(s): 8080 (http) 
2022-04-15 10:26:53.801 [main] INFO  o.a.catalina.core.StandardService : Starting service [Tomcat] 
2022-04-15 10:26:53.801 [main] INFO  o.a.catalina.core.StandardEngine : Starting Servlet engine: [Apache Tomcat/9.0.54] 
2022-04-15 10:26:53.865 [main] INFO  o.a.c.c.C.[Tomcat].[localhost].[/] : Initializing Spring embedded WebApplicationContext 
2022-04-15 10:26:53.865 [main] INFO  o.s.b.w.s.c.ServletWebServerApplicationContext : Root WebApplicationContext: initialization completed in 1053 ms 
2022-04-15 10:26:54.003 [main] INFO  com.zaxxer.hikari.HikariDataSource : HikariPool-1 - Starting... 
2022-04-15 10:26:54.123 [main] INFO  com.zaxxer.hikari.HikariDataSource : HikariPool-1 - Start completed. 
2022-04-15 10:26:54.238 [main] INFO  liquibase.database : Set default schema name to public 
2022-04-15 10:26:54.294 [main] INFO  liquibase.lockservice : Successfully acquired change log lock 
2022-04-15 10:26:54.573 [main] INFO  liquibase.changelog : Reading from public.databasechangelog 
2022-04-15 10:26:54.607 [main] INFO  liquibase.lockservice : Successfully released change log lock 
2022-04-15 10:26:54.669 [main] INFO  o.h.jpa.internal.util.LogHelper : HHH000204: Processing PersistenceUnitInfo [name: default] 
2022-04-15 10:26:54.707 [main] INFO  org.hibernate.Version : HHH000412: Hibernate ORM core version 5.6.7.Final 
2022-04-15 10:26:54.805 [main] INFO  o.h.annotations.common.Version : HCANN000001: Hibernate Commons Annotations {5.1.2.Final} 
2022-04-15 10:26:54.879 [main] INFO  org.hibernate.dialect.Dialect : HHH000400: Using dialect: org.hibernate.dialect.PostgreSQL9Dialect 
2022-04-15 10:26:55.269 [main] INFO  o.h.e.t.j.p.i.JtaPlatformInitiator : HHH000490: Using JtaPlatform implementation: [org.hibernate.engine.transaction.jta.platform.internal.NoJtaPlatform] 
2022-04-15 10:26:55.275 [main] INFO  o.s.o.j.LocalContainerEntityManagerFactoryBean : Initialized JPA EntityManagerFactory for persistence unit 'default' 
2022-04-15 10:26:55.615 [main] WARN  o.s.b.a.o.j.JpaBaseConfiguration$JpaWebConfiguration : spring.jpa.open-in-view is enabled by default. Therefore, database queries may be performed during view rendering. Explicitly configure spring.jpa.open-in-view to disable this warning 
2022-04-15 10:26:56.162 [main] INFO  o.s.b.w.e.tomcat.TomcatWebServer : Tomcat started on port(s): 8080 (http) with context path '' 
2022-04-15 10:26:56.359 [main] INFO  com.qmis.Application : Started Application in 3.837 seconds (JVM running for 4.512) 
2022-04-15 10:27:00.981 [http-nio-8080-exec-1] INFO  o.a.c.c.C.[Tomcat].[localhost].[/] : Initializing Spring DispatcherServlet 'dispatcherServlet' 
2022-04-15 10:27:00.981 [http-nio-8080-exec-1] INFO  o.s.web.servlet.DispatcherServlet : Initializing Servlet 'dispatcherServlet' 
2022-04-15 10:27:00.982 [http-nio-8080-exec-1] INFO  o.s.web.servlet.DispatcherServlet : Completed initialization in 1 ms 
2022-04-15 10:27:26.224 [http-nio-8080-exec-1] INFO  o.s.api.AbstractOpenApiResource : Init duration for springdoc-openapi is: 212 ms 
2022-04-15 10:28:04.396 [SpringApplicationShutdownHook] INFO  o.s.o.j.LocalContainerEntityManagerFactoryBean : Closing JPA EntityManagerFactory for persistence unit 'default' 
2022-04-15 10:28:04.399 [SpringApplicationShutdownHook] INFO  com.zaxxer.hikari.HikariDataSource : HikariPool-1 - Shutdown initiated... 
2022-04-15 10:28:04.401 [SpringApplicationShutdownHook] INFO  com.zaxxer.hikari.HikariDataSource : HikariPool-1 - Shutdown completed. 
2022-04-15 10:28:08.206 [main] INFO  com.qmis.Application : Starting Application using Java 17.0.2 on QMIS with PID 13368 (K:\Project\HandbookDD\handbook\target\classes started by Kron Costa in K:\Project\HandbookDD) 
2022-04-15 10:28:08.208 [main] INFO  com.qmis.Application : No active profile set, falling back to default profiles: default 
2022-04-15 10:28:08.747 [main] INFO  o.s.d.r.c.RepositoryConfigurationDelegate : Bootstrapping Spring Data JPA repositories in DEFAULT mode. 
2022-04-15 10:28:08.779 [main] INFO  o.s.d.r.c.RepositoryConfigurationDelegate : Finished Spring Data repository scanning in 26 ms. Found 2 JPA repository interfaces. 
2022-04-15 10:28:08.876 [main] INFO  o.s.c.context.scope.GenericScope : BeanFactory id=f5f6e514-30e3-3c58-9083-16eca694271b 
2022-04-15 10:28:09.086 [main] INFO  o.s.b.w.e.tomcat.TomcatWebServer : Tomcat initialized with port(s): 8080 (http) 
2022-04-15 10:28:09.092 [main] INFO  o.a.catalina.core.StandardService : Starting service [Tomcat] 
2022-04-15 10:28:09.092 [main] INFO  o.a.catalina.core.StandardEngine : Starting Servlet engine: [Apache Tomcat/9.0.54] 
2022-04-15 10:28:09.151 [main] INFO  o.a.c.c.C.[Tomcat].[localhost].[/] : Initializing Spring embedded WebApplicationContext 
2022-04-15 10:28:09.151 [main] INFO  o.s.b.w.s.c.ServletWebServerApplicationContext : Root WebApplicationContext: initialization completed in 917 ms 
2022-04-15 10:28:09.268 [main] INFO  com.zaxxer.hikari.HikariDataSource : HikariPool-1 - Starting... 
2022-04-15 10:28:09.371 [main] INFO  com.zaxxer.hikari.HikariDataSource : HikariPool-1 - Start completed. 
2022-04-15 10:28:09.451 [main] INFO  liquibase.database : Set default schema name to public 
2022-04-15 10:28:09.496 [main] INFO  liquibase.lockservice : Successfully acquired change log lock 
2022-04-15 10:28:09.725 [main] INFO  liquibase.changelog : Reading from public.databasechangelog 
2022-04-15 10:28:09.757 [main] INFO  liquibase.lockservice : Successfully released change log lock 
2022-04-15 10:28:09.813 [main] INFO  o.h.jpa.internal.util.LogHelper : HHH000204: Processing PersistenceUnitInfo [name: default] 
2022-04-15 10:28:09.839 [main] INFO  org.hibernate.Version : HHH000412: Hibernate ORM core version 5.6.7.Final 
2022-04-15 10:28:09.908 [main] INFO  o.h.annotations.common.Version : HCANN000001: Hibernate Commons Annotations {5.1.2.Final} 
2022-04-15 10:28:09.967 [main] INFO  org.hibernate.dialect.Dialect : HHH000400: Using dialect: org.hibernate.dialect.PostgreSQL9Dialect 
2022-04-15 10:28:10.279 [main] INFO  o.h.e.t.j.p.i.JtaPlatformInitiator : HHH000490: Using JtaPlatform implementation: [org.hibernate.engine.transaction.jta.platform.internal.NoJtaPlatform] 
2022-04-15 10:28:10.285 [main] INFO  o.s.o.j.LocalContainerEntityManagerFactoryBean : Initialized JPA EntityManagerFactory for persistence unit 'default' 
2022-04-15 10:28:10.616 [main] WARN  o.s.b.a.o.j.JpaBaseConfiguration$JpaWebConfiguration : spring.jpa.open-in-view is enabled by default. Therefore, database queries may be performed during view rendering. Explicitly configure spring.jpa.open-in-view to disable this warning 
2022-04-15 10:28:11.111 [main] INFO  o.s.b.w.e.tomcat.TomcatWebServer : Tomcat started on port(s): 8080 (http) with context path '' 
2022-04-15 10:28:11.303 [main] INFO  com.qmis.Application : Started Application in 3.405 seconds (JVM running for 3.994) 
2022-04-15 10:28:12.979 [http-nio-8080-exec-1] INFO  o.a.c.c.C.[Tomcat].[localhost].[/] : Initializing Spring DispatcherServlet 'dispatcherServlet' 
2022-04-15 10:28:12.979 [http-nio-8080-exec-1] INFO  o.s.web.servlet.DispatcherServlet : Initializing Servlet 'dispatcherServlet' 
2022-04-15 10:28:12.980 [http-nio-8080-exec-1] INFO  o.s.web.servlet.DispatcherServlet : Completed initialization in 1 ms 
2022-04-15 10:28:13.512 [http-nio-8080-exec-3] INFO  o.s.api.AbstractOpenApiResource : Init duration for springdoc-openapi is: 224 ms 
2022-04-15 10:28:34.335 [SpringApplicationShutdownHook] INFO  o.s.o.j.LocalContainerEntityManagerFactoryBean : Closing JPA EntityManagerFactory for persistence unit 'default' 
2022-04-15 10:28:34.337 [SpringApplicationShutdownHook] INFO  com.zaxxer.hikari.HikariDataSource : HikariPool-1 - Shutdown initiated... 
2022-04-15 10:28:34.338 [SpringApplicationShutdownHook] INFO  com.zaxxer.hikari.HikariDataSource : HikariPool-1 - Shutdown completed. 
2022-04-15 10:28:37.978 [main] INFO  com.qmis.Application : Starting Application using Java 17.0.2 on QMIS with PID 17072 (K:\Project\HandbookDD\handbook\target\classes started by Kron Costa in K:\Project\HandbookDD) 
2022-04-15 10:28:37.979 [main] INFO  com.qmis.Application : No active profile set, falling back to default profiles: default 
2022-04-15 10:28:38.498 [main] INFO  o.s.d.r.c.RepositoryConfigurationDelegate : Bootstrapping Spring Data JPA repositories in DEFAULT mode. 
2022-04-15 10:28:38.532 [main] INFO  o.s.d.r.c.RepositoryConfigurationDelegate : Finished Spring Data repository scanning in 29 ms. Found 2 JPA repository interfaces. 
2022-04-15 10:28:38.640 [main] INFO  o.s.c.context.scope.GenericScope : BeanFactory id=f5f6e514-30e3-3c58-9083-16eca694271b 
2022-04-15 10:28:38.837 [main] INFO  o.s.b.w.e.tomcat.TomcatWebServer : Tomcat initialized with port(s): 8080 (http) 
2022-04-15 10:28:38.842 [main] INFO  o.a.catalina.core.StandardService : Starting service [Tomcat] 
2022-04-15 10:28:38.842 [main] INFO  o.a.catalina.core.StandardEngine : Starting Servlet engine: [Apache Tomcat/9.0.54] 
2022-04-15 10:28:38.900 [main] INFO  o.a.c.c.C.[Tomcat].[localhost].[/] : Initializing Spring embedded WebApplicationContext 
2022-04-15 10:28:38.901 [main] INFO  o.s.b.w.s.c.ServletWebServerApplicationContext : Root WebApplicationContext: initialization completed in 895 ms 
2022-04-15 10:28:39.029 [main] INFO  com.zaxxer.hikari.HikariDataSource : HikariPool-1 - Starting... 
2022-04-15 10:28:39.137 [main] INFO  com.zaxxer.hikari.HikariDataSource : HikariPool-1 - Start completed. 
2022-04-15 10:28:39.239 [main] INFO  liquibase.database : Set default schema name to public 
2022-04-15 10:28:39.284 [main] INFO  liquibase.lockservice : Successfully acquired change log lock 
2022-04-15 10:28:39.513 [main] INFO  liquibase.changelog : Reading from public.databasechangelog 
2022-04-15 10:28:39.558 [main] INFO  liquibase.lockservice : Successfully released change log lock 
2022-04-15 10:28:39.633 [main] INFO  o.h.jpa.internal.util.LogHelper : HHH000204: Processing PersistenceUnitInfo [name: default] 
2022-04-15 10:28:39.674 [main] INFO  org.hibernate.Version : HHH000412: Hibernate ORM core version 5.6.7.Final 
2022-04-15 10:28:39.763 [main] INFO  o.h.annotations.common.Version : HCANN000001: Hibernate Commons Annotations {5.1.2.Final} 
2022-04-15 10:28:39.826 [main] INFO  org.hibernate.dialect.Dialect : HHH000400: Using dialect: org.hibernate.dialect.PostgreSQL9Dialect 
2022-04-15 10:28:40.168 [main] INFO  o.h.e.t.j.p.i.JtaPlatformInitiator : HHH000490: Using JtaPlatform implementation: [org.hibernate.engine.transaction.jta.platform.internal.NoJtaPlatform] 
2022-04-15 10:28:40.173 [main] INFO  o.s.o.j.LocalContainerEntityManagerFactoryBean : Initialized JPA EntityManagerFactory for persistence unit 'default' 
2022-04-15 10:28:40.497 [main] WARN  o.s.b.a.o.j.JpaBaseConfiguration$JpaWebConfiguration : spring.jpa.open-in-view is enabled by default. Therefore, database queries may be performed during view rendering. Explicitly configure spring.jpa.open-in-view to disable this warning 
2022-04-15 10:28:40.972 [main] INFO  o.s.b.w.e.tomcat.TomcatWebServer : Tomcat started on port(s): 8080 (http) with context path '' 
2022-04-15 10:28:41.160 [main] INFO  com.qmis.Application : Started Application in 3.431 seconds (JVM running for 3.964) 
2022-04-15 10:28:42.909 [http-nio-8080-exec-1] INFO  o.a.c.c.C.[Tomcat].[localhost].[/] : Initializing Spring DispatcherServlet 'dispatcherServlet' 
2022-04-15 10:28:42.911 [http-nio-8080-exec-1] INFO  o.s.web.servlet.DispatcherServlet : Initializing Servlet 'dispatcherServlet' 
2022-04-15 10:28:42.912 [http-nio-8080-exec-1] INFO  o.s.web.servlet.DispatcherServlet : Completed initialization in 1 ms 
2022-04-15 10:28:43.356 [http-nio-8080-exec-3] INFO  o.s.api.AbstractOpenApiResource : Init duration for springdoc-openapi is: 215 ms 
2022-04-15 10:33:56.379 [http-nio-8080-exec-8] INFO  o.a.coyote.http11.Http11Processor : Error parsing HTTP request header
 Note: further occurrences of HTTP request parsing errors will be logged at DEBUG level. 
java.lang.IllegalArgumentException: Invalid character found in method name [0x160x030x010x020x000x010x000x010xfc0x030x03=O0x09Le0xc780x030xe30xb7<0x0b0xe0L80xfdV0xdb0x140x0f0x8fp}0x020x1c0xdb0xa70x15~y0xbd0xde ]. HTTP method names must be tokens
	at org.apache.coyote.http11.Http11InputBuffer.parseRequestLine(Http11InputBuffer.java:419)
	at org.apache.coyote.http11.Http11Processor.service(Http11Processor.java:269)
	at org.apache.coyote.AbstractProcessorLight.process(AbstractProcessorLight.java:65)
	at org.apache.coyote.AbstractProtocol$ConnectionHandler.process(AbstractProtocol.java:895)
	at org.apache.tomcat.util.net.NioEndpoint$SocketProcessor.doRun(NioEndpoint.java:1722)
	at org.apache.tomcat.util.net.SocketProcessorBase.run(SocketProcessorBase.java:49)
	at org.apache.tomcat.util.threads.ThreadPoolExecutor.runWorker(ThreadPoolExecutor.java:1191)
	at org.apache.tomcat.util.threads.ThreadPoolExecutor$Worker.run(ThreadPoolExecutor.java:659)
	at org.apache.tomcat.util.threads.TaskThread$WrappingRunnable.run(TaskThread.java:61)
	at java.base/java.lang.Thread.run(Thread.java:833)
2022-04-15 10:34:13.522 [SpringApplicationShutdownHook] INFO  o.s.o.j.LocalContainerEntityManagerFactoryBean : Closing JPA EntityManagerFactory for persistence unit 'default' 
2022-04-15 10:34:13.523 [SpringApplicationShutdownHook] INFO  com.zaxxer.hikari.HikariDataSource : HikariPool-1 - Shutdown initiated... 
2022-04-15 10:34:13.525 [SpringApplicationShutdownHook] INFO  com.zaxxer.hikari.HikariDataSource : HikariPool-1 - Shutdown completed. 
2022-04-15 10:39:00.456 [main] INFO  com.qmis.Application : Starting Application using Java 17.0.2 on QMIS with PID 23340 (K:\Project\HandbookDD\handbook\target\classes started by Kron Costa in K:\Project\HandbookDD) 
2022-04-15 10:39:00.458 [main] INFO  com.qmis.Application : No active profile set, falling back to default profiles: default 
2022-04-15 10:39:00.995 [main] INFO  o.s.d.r.c.RepositoryConfigurationDelegate : Bootstrapping Spring Data JPA repositories in DEFAULT mode. 
2022-04-15 10:39:01.028 [main] INFO  o.s.d.r.c.RepositoryConfigurationDelegate : Finished Spring Data repository scanning in 27 ms. Found 2 JPA repository interfaces. 
2022-04-15 10:39:01.125 [main] INFO  o.s.c.context.scope.GenericScope : BeanFactory id=f5f6e514-30e3-3c58-9083-16eca694271b 
2022-04-15 10:39:01.324 [main] INFO  o.s.b.w.e.tomcat.TomcatWebServer : Tomcat initialized with port(s): 8080 (http) 
2022-04-15 10:39:01.330 [main] INFO  o.a.catalina.core.StandardService : Starting service [Tomcat] 
2022-04-15 10:39:01.330 [main] INFO  o.a.catalina.core.StandardEngine : Starting Servlet engine: [Apache Tomcat/9.0.54] 
2022-04-15 10:39:01.391 [main] INFO  o.a.c.c.C.[Tomcat].[localhost].[/] : Initializing Spring embedded WebApplicationContext 
2022-04-15 10:39:01.391 [main] INFO  o.s.b.w.s.c.ServletWebServerApplicationContext : Root WebApplicationContext: initialization completed in 906 ms 
2022-04-15 10:39:01.510 [main] INFO  com.zaxxer.hikari.HikariDataSource : HikariPool-1 - Starting... 
2022-04-15 10:39:01.619 [main] INFO  com.zaxxer.hikari.HikariDataSource : HikariPool-1 - Start completed. 
2022-04-15 10:39:01.701 [main] INFO  liquibase.database : Set default schema name to public 
2022-04-15 10:39:01.746 [main] INFO  liquibase.lockservice : Successfully acquired change log lock 
2022-04-15 10:39:01.983 [main] INFO  liquibase.changelog : Reading from public.databasechangelog 
2022-04-15 10:39:02.016 [main] INFO  liquibase.lockservice : Successfully released change log lock 
2022-04-15 10:39:02.068 [main] INFO  o.h.jpa.internal.util.LogHelper : HHH000204: Processing PersistenceUnitInfo [name: default] 
2022-04-15 10:39:02.094 [main] INFO  org.hibernate.Version : HHH000412: Hibernate ORM core version 5.6.7.Final 
2022-04-15 10:39:02.163 [main] INFO  o.h.annotations.common.Version : HCANN000001: Hibernate Commons Annotations {5.1.2.Final} 
2022-04-15 10:39:02.222 [main] INFO  org.hibernate.dialect.Dialect : HHH000400: Using dialect: org.hibernate.dialect.PostgreSQL9Dialect 
2022-04-15 10:39:02.550 [main] INFO  o.h.e.t.j.p.i.JtaPlatformInitiator : HHH000490: Using JtaPlatform implementation: [org.hibernate.engine.transaction.jta.platform.internal.NoJtaPlatform] 
2022-04-15 10:39:02.555 [main] INFO  o.s.o.j.LocalContainerEntityManagerFactoryBean : Initialized JPA EntityManagerFactory for persistence unit 'default' 
2022-04-15 10:39:02.856 [main] WARN  o.s.b.a.o.j.JpaBaseConfiguration$JpaWebConfiguration : spring.jpa.open-in-view is enabled by default. Therefore, database queries may be performed during view rendering. Explicitly configure spring.jpa.open-in-view to disable this warning 
2022-04-15 10:39:03.344 [main] INFO  o.s.b.w.e.tomcat.TomcatWebServer : Tomcat started on port(s): 8080 (http) with context path '' 
2022-04-15 10:39:03.538 [main] INFO  com.qmis.Application : Started Application in 3.314 seconds (JVM running for 3.871) 
2022-04-15 10:39:09.722 [http-nio-8080-exec-1] INFO  o.a.c.c.C.[Tomcat].[localhost].[/] : Initializing Spring DispatcherServlet 'dispatcherServlet' 
2022-04-15 10:39:09.723 [http-nio-8080-exec-1] INFO  o.s.web.servlet.DispatcherServlet : Initializing Servlet 'dispatcherServlet' 
2022-04-15 10:39:09.724 [http-nio-8080-exec-1] INFO  o.s.web.servlet.DispatcherServlet : Completed initialization in 1 ms 
2022-04-15 10:39:10.173 [http-nio-8080-exec-3] INFO  o.s.api.AbstractOpenApiResource : Init duration for springdoc-openapi is: 239 ms 
2022-04-15 10:43:55.396 [http-nio-8080-exec-9] INFO  o.a.coyote.http11.Http11Processor : Error parsing HTTP request header
 Note: further occurrences of HTTP request parsing errors will be logged at DEBUG level. 
java.lang.IllegalArgumentException: Invalid character found in method name [0x160x030x010x020x000x010x000x010xfc0x030x030xdb0xc80x160xceb0xb30x890xefVe0xf0]0x950x170x810x7f0x940xce0x9d0xe3Sn(0x11oOZ0xda0xeeK0xe10x0b ]. HTTP method names must be tokens
	at org.apache.coyote.http11.Http11InputBuffer.parseRequestLine(Http11InputBuffer.java:419)
	at org.apache.coyote.http11.Http11Processor.service(Http11Processor.java:269)
	at org.apache.coyote.AbstractProcessorLight.process(AbstractProcessorLight.java:65)
	at org.apache.coyote.AbstractProtocol$ConnectionHandler.process(AbstractProtocol.java:895)
	at org.apache.tomcat.util.net.NioEndpoint$SocketProcessor.doRun(NioEndpoint.java:1722)
	at org.apache.tomcat.util.net.SocketProcessorBase.run(SocketProcessorBase.java:49)
	at org.apache.tomcat.util.threads.ThreadPoolExecutor.runWorker(ThreadPoolExecutor.java:1191)
	at org.apache.tomcat.util.threads.ThreadPoolExecutor$Worker.run(ThreadPoolExecutor.java:659)
	at org.apache.tomcat.util.threads.TaskThread$WrappingRunnable.run(TaskThread.java:61)
	at java.base/java.lang.Thread.run(Thread.java:833)
2022-04-15 10:47:21.812 [SpringApplicationShutdownHook] INFO  o.s.o.j.LocalContainerEntityManagerFactoryBean : Closing JPA EntityManagerFactory for persistence unit 'default' 
2022-04-15 10:47:21.814 [SpringApplicationShutdownHook] INFO  com.zaxxer.hikari.HikariDataSource : HikariPool-1 - Shutdown initiated... 
2022-04-15 10:47:21.816 [SpringApplicationShutdownHook] INFO  com.zaxxer.hikari.HikariDataSource : HikariPool-1 - Shutdown completed. 
2022-04-15 10:47:26.104 [main] INFO  com.qmis.Application : Starting Application using Java 17.0.2 on QMIS with PID 24564 (K:\Project\HandbookDD\handbook\target\classes started by Kron Costa in K:\Project\HandbookDD) 
2022-04-15 10:47:26.105 [main] INFO  com.qmis.Application : No active profile set, falling back to default profiles: default 
2022-04-15 10:47:26.713 [main] INFO  o.s.d.r.c.RepositoryConfigurationDelegate : Bootstrapping Spring Data JPA repositories in DEFAULT mode. 
2022-04-15 10:47:26.751 [main] INFO  o.s.d.r.c.RepositoryConfigurationDelegate : Finished Spring Data repository scanning in 31 ms. Found 2 JPA repository interfaces. 
2022-04-15 10:47:26.859 [main] INFO  o.s.c.context.scope.GenericScope : BeanFactory id=f5f6e514-30e3-3c58-9083-16eca694271b 
2022-04-15 10:47:27.065 [main] INFO  o.s.b.w.e.tomcat.TomcatWebServer : Tomcat initialized with port(s): 8080 (http) 
2022-04-15 10:47:27.071 [main] INFO  o.a.catalina.core.StandardService : Starting service [Tomcat] 
2022-04-15 10:47:27.071 [main] INFO  o.a.catalina.core.StandardEngine : Starting Servlet engine: [Apache Tomcat/9.0.54] 
2022-04-15 10:47:27.128 [main] INFO  o.a.c.c.C.[Tomcat].[localhost].[/] : Initializing Spring embedded WebApplicationContext 
2022-04-15 10:47:27.128 [main] INFO  o.s.b.w.s.c.ServletWebServerApplicationContext : Root WebApplicationContext: initialization completed in 996 ms 
2022-04-15 10:47:27.249 [main] INFO  com.zaxxer.hikari.HikariDataSource : HikariPool-1 - Starting... 
2022-04-15 10:47:27.358 [main] INFO  com.zaxxer.hikari.HikariDataSource : HikariPool-1 - Start completed. 
2022-04-15 10:47:27.443 [main] INFO  liquibase.database : Set default schema name to public 
2022-04-15 10:47:27.491 [main] INFO  liquibase.lockservice : Successfully acquired change log lock 
2022-04-15 10:47:27.732 [main] INFO  liquibase.changelog : Reading from public.databasechangelog 
2022-04-15 10:47:27.779 [main] INFO  liquibase.lockservice : Successfully released change log lock 
2022-04-15 10:47:27.852 [main] INFO  o.h.jpa.internal.util.LogHelper : HHH000204: Processing PersistenceUnitInfo [name: default] 
2022-04-15 10:47:27.883 [main] INFO  org.hibernate.Version : HHH000412: Hibernate ORM core version 5.6.7.Final 
2022-04-15 10:47:27.971 [main] INFO  o.h.annotations.common.Version : HCANN000001: Hibernate Commons Annotations {5.1.2.Final} 
2022-04-15 10:47:28.033 [main] INFO  org.hibernate.dialect.Dialect : HHH000400: Using dialect: org.hibernate.dialect.PostgreSQL9Dialect 
2022-04-15 10:47:28.361 [main] INFO  o.h.e.t.j.p.i.JtaPlatformInitiator : HHH000490: Using JtaPlatform implementation: [org.hibernate.engine.transaction.jta.platform.internal.NoJtaPlatform] 
2022-04-15 10:47:28.367 [main] INFO  o.s.o.j.LocalContainerEntityManagerFactoryBean : Initialized JPA EntityManagerFactory for persistence unit 'default' 
2022-04-15 10:47:28.666 [main] WARN  o.s.b.a.o.j.JpaBaseConfiguration$JpaWebConfiguration : spring.jpa.open-in-view is enabled by default. Therefore, database queries may be performed during view rendering. Explicitly configure spring.jpa.open-in-view to disable this warning 
2022-04-15 10:47:29.134 [main] INFO  o.s.b.w.e.tomcat.TomcatWebServer : Tomcat started on port(s): 8080 (http) with context path '' 
2022-04-15 10:47:29.329 [main] INFO  com.qmis.Application : Started Application in 3.478 seconds (JVM running for 3.966) 
2022-04-15 10:47:35.613 [http-nio-8080-exec-1] INFO  o.a.c.c.C.[Tomcat].[localhost].[/] : Initializing Spring DispatcherServlet 'dispatcherServlet' 
2022-04-15 10:47:35.613 [http-nio-8080-exec-1] INFO  o.s.web.servlet.DispatcherServlet : Initializing Servlet 'dispatcherServlet' 
2022-04-15 10:47:35.615 [http-nio-8080-exec-1] INFO  o.s.web.servlet.DispatcherServlet : Completed initialization in 1 ms 
2022-04-15 10:47:39.827 [http-nio-8080-exec-4] INFO  o.s.api.AbstractOpenApiResource : Init duration for springdoc-openapi is: 268 ms 
2022-04-15 10:49:05.840 [SpringApplicationShutdownHook] INFO  o.s.o.j.LocalContainerEntityManagerFactoryBean : Closing JPA EntityManagerFactory for persistence unit 'default' 
2022-04-15 10:49:05.842 [SpringApplicationShutdownHook] INFO  com.zaxxer.hikari.HikariDataSource : HikariPool-1 - Shutdown initiated... 
2022-04-15 10:49:05.845 [SpringApplicationShutdownHook] INFO  com.zaxxer.hikari.HikariDataSource : HikariPool-1 - Shutdown completed. 
2022-04-15 10:49:09.554 [main] INFO  com.qmis.Application : Starting Application using Java 17.0.2 on QMIS with PID 16064 (K:\Project\HandbookDD\handbook\target\classes started by Kron Costa in K:\Project\HandbookDD) 
2022-04-15 10:49:09.555 [main] INFO  com.qmis.Application : No active profile set, falling back to default profiles: default 
2022-04-15 10:49:10.078 [main] INFO  o.s.d.r.c.RepositoryConfigurationDelegate : Bootstrapping Spring Data JPA repositories in DEFAULT mode. 
2022-04-15 10:49:10.109 [main] INFO  o.s.d.r.c.RepositoryConfigurationDelegate : Finished Spring Data repository scanning in 26 ms. Found 2 JPA repository interfaces. 
2022-04-15 10:49:10.208 [main] INFO  o.s.c.context.scope.GenericScope : BeanFactory id=f5f6e514-30e3-3c58-9083-16eca694271b 
2022-04-15 10:49:10.411 [main] INFO  o.s.b.w.e.tomcat.TomcatWebServer : Tomcat initialized with port(s): 8080 (http) 
2022-04-15 10:49:10.416 [main] INFO  o.a.catalina.core.StandardService : Starting service [Tomcat] 
2022-04-15 10:49:10.416 [main] INFO  o.a.catalina.core.StandardEngine : Starting Servlet engine: [Apache Tomcat/9.0.54] 
2022-04-15 10:49:10.474 [main] INFO  o.a.c.c.C.[Tomcat].[localhost].[/] : Initializing Spring embedded WebApplicationContext 
2022-04-15 10:49:10.475 [main] INFO  o.s.b.w.s.c.ServletWebServerApplicationContext : Root WebApplicationContext: initialization completed in 890 ms 
2022-04-15 10:49:10.591 [main] INFO  com.zaxxer.hikari.HikariDataSource : HikariPool-1 - Starting... 
2022-04-15 10:49:10.698 [main] INFO  com.zaxxer.hikari.HikariDataSource : HikariPool-1 - Start completed. 
2022-04-15 10:49:10.778 [main] INFO  liquibase.database : Set default schema name to public 
2022-04-15 10:49:10.823 [main] INFO  liquibase.lockservice : Successfully acquired change log lock 
2022-04-15 10:49:11.058 [main] INFO  liquibase.changelog : Reading from public.databasechangelog 
2022-04-15 10:49:11.091 [main] INFO  liquibase.lockservice : Successfully released change log lock 
2022-04-15 10:49:11.144 [main] INFO  o.h.jpa.internal.util.LogHelper : HHH000204: Processing PersistenceUnitInfo [name: default] 
2022-04-15 10:49:11.168 [main] INFO  org.hibernate.Version : HHH000412: Hibernate ORM core version 5.6.7.Final 
2022-04-15 10:49:11.232 [main] INFO  o.h.annotations.common.Version : HCANN000001: Hibernate Commons Annotations {5.1.2.Final} 
2022-04-15 10:49:11.291 [main] INFO  org.hibernate.dialect.Dialect : HHH000400: Using dialect: org.hibernate.dialect.PostgreSQL9Dialect 
2022-04-15 10:49:11.651 [main] INFO  o.h.e.t.j.p.i.JtaPlatformInitiator : HHH000490: Using JtaPlatform implementation: [org.hibernate.engine.transaction.jta.platform.internal.NoJtaPlatform] 
2022-04-15 10:49:11.658 [main] INFO  o.s.o.j.LocalContainerEntityManagerFactoryBean : Initialized JPA EntityManagerFactory for persistence unit 'default' 
2022-04-15 10:49:11.971 [main] WARN  o.s.b.a.o.j.JpaBaseConfiguration$JpaWebConfiguration : spring.jpa.open-in-view is enabled by default. Therefore, database queries may be performed during view rendering. Explicitly configure spring.jpa.open-in-view to disable this warning 
2022-04-15 10:49:12.438 [main] INFO  o.s.b.w.e.tomcat.TomcatWebServer : Tomcat started on port(s): 8080 (http) with context path '' 
2022-04-15 10:49:12.634 [main] INFO  com.qmis.Application : Started Application in 3.327 seconds (JVM running for 3.879) 
2022-04-15 10:49:18.002 [http-nio-8080-exec-1] INFO  o.a.c.c.C.[Tomcat].[localhost].[/] : Initializing Spring DispatcherServlet 'dispatcherServlet' 
2022-04-15 10:49:18.002 [http-nio-8080-exec-1] INFO  o.s.web.servlet.DispatcherServlet : Initializing Servlet 'dispatcherServlet' 
2022-04-15 10:49:18.003 [http-nio-8080-exec-1] INFO  o.s.web.servlet.DispatcherServlet : Completed initialization in 1 ms 
2022-04-15 10:49:22.021 [http-nio-8080-exec-4] INFO  o.s.api.AbstractOpenApiResource : Init duration for springdoc-openapi is: 252 ms 
2022-04-15 10:53:56.362 [http-nio-8080-exec-5] INFO  o.a.coyote.http11.Http11Processor : Error parsing HTTP request header
 Note: further occurrences of HTTP request parsing errors will be logged at DEBUG level. 
java.lang.IllegalArgumentException: Invalid character found in method name [0x160x030x010x020x000x010x000x010xfc0x030x030xd30xee0xf40xcb0xd8qzWf<?>40x190xeb0xed0xc20x110xf90xdf0x13*0x7f0xe10x030x1c0xa65d0xa40xa10xca ]. HTTP method names must be tokens
	at org.apache.coyote.http11.Http11InputBuffer.parseRequestLine(Http11InputBuffer.java:419)
	at org.apache.coyote.http11.Http11Processor.service(Http11Processor.java:269)
	at org.apache.coyote.AbstractProcessorLight.process(AbstractProcessorLight.java:65)
	at org.apache.coyote.AbstractProtocol$ConnectionHandler.process(AbstractProtocol.java:895)
	at org.apache.tomcat.util.net.NioEndpoint$SocketProcessor.doRun(NioEndpoint.java:1722)
	at org.apache.tomcat.util.net.SocketProcessorBase.run(SocketProcessorBase.java:49)
	at org.apache.tomcat.util.threads.ThreadPoolExecutor.runWorker(ThreadPoolExecutor.java:1191)
	at org.apache.tomcat.util.threads.ThreadPoolExecutor$Worker.run(ThreadPoolExecutor.java:659)
	at org.apache.tomcat.util.threads.TaskThread$WrappingRunnable.run(TaskThread.java:61)
	at java.base/java.lang.Thread.run(Thread.java:833)
2022-04-15 10:53:59.824 [SpringApplicationShutdownHook] INFO  o.s.o.j.LocalContainerEntityManagerFactoryBean : Closing JPA EntityManagerFactory for persistence unit 'default' 
2022-04-15 10:53:59.826 [SpringApplicationShutdownHook] INFO  com.zaxxer.hikari.HikariDataSource : HikariPool-1 - Shutdown initiated... 
2022-04-15 10:53:59.827 [SpringApplicationShutdownHook] INFO  com.zaxxer.hikari.HikariDataSource : HikariPool-1 - Shutdown completed. 
2022-04-15 10:55:50.369 [main] INFO  com.qmis.Application : Starting Application using Java 17.0.2 on QMIS with PID 22256 (K:\Project\HandbookDD\handbook\target\classes started by Kron Costa in K:\Project\HandbookDD) 
2022-04-15 10:55:50.371 [main] INFO  com.qmis.Application : No active profile set, falling back to default profiles: default 
2022-04-15 10:55:50.906 [main] INFO  o.s.d.r.c.RepositoryConfigurationDelegate : Bootstrapping Spring Data JPA repositories in DEFAULT mode. 
2022-04-15 10:55:50.942 [main] INFO  o.s.d.r.c.RepositoryConfigurationDelegate : Finished Spring Data repository scanning in 30 ms. Found 2 JPA repository interfaces. 
2022-04-15 10:55:51.052 [main] INFO  o.s.c.context.scope.GenericScope : BeanFactory id=f5f6e514-30e3-3c58-9083-16eca694271b 
2022-04-15 10:55:51.257 [main] INFO  o.s.b.w.e.tomcat.TomcatWebServer : Tomcat initialized with port(s): 8080 (http) 
2022-04-15 10:55:51.263 [main] INFO  o.a.catalina.core.StandardService : Starting service [Tomcat] 
2022-04-15 10:55:51.263 [main] INFO  o.a.catalina.core.StandardEngine : Starting Servlet engine: [Apache Tomcat/9.0.54] 
2022-04-15 10:55:51.324 [main] INFO  o.a.c.c.C.[Tomcat].[localhost].[/] : Initializing Spring embedded WebApplicationContext 
2022-04-15 10:55:51.324 [main] INFO  o.s.b.w.s.c.ServletWebServerApplicationContext : Root WebApplicationContext: initialization completed in 927 ms 
2022-04-15 10:55:51.453 [main] INFO  com.zaxxer.hikari.HikariDataSource : HikariPool-1 - Starting... 
2022-04-15 10:55:51.561 [main] INFO  com.zaxxer.hikari.HikariDataSource : HikariPool-1 - Start completed. 
2022-04-15 10:55:51.646 [main] INFO  liquibase.database : Set default schema name to public 
2022-04-15 10:55:51.706 [main] INFO  liquibase.lockservice : Successfully acquired change log lock 
2022-04-15 10:55:51.983 [main] INFO  liquibase.changelog : Reading from public.databasechangelog 
2022-04-15 10:55:52.017 [main] INFO  liquibase.lockservice : Successfully released change log lock 
2022-04-15 10:55:52.074 [main] INFO  o.h.jpa.internal.util.LogHelper : HHH000204: Processing PersistenceUnitInfo [name: default] 
2022-04-15 10:55:52.099 [main] INFO  org.hibernate.Version : HHH000412: Hibernate ORM core version 5.6.7.Final 
2022-04-15 10:55:52.168 [main] INFO  o.h.annotations.common.Version : HCANN000001: Hibernate Commons Annotations {5.1.2.Final} 
2022-04-15 10:55:52.231 [main] INFO  org.hibernate.dialect.Dialect : HHH000400: Using dialect: org.hibernate.dialect.PostgreSQL9Dialect 
2022-04-15 10:55:52.571 [main] INFO  o.h.e.t.j.p.i.JtaPlatformInitiator : HHH000490: Using JtaPlatform implementation: [org.hibernate.engine.transaction.jta.platform.internal.NoJtaPlatform] 
2022-04-15 10:55:52.577 [main] INFO  o.s.o.j.LocalContainerEntityManagerFactoryBean : Initialized JPA EntityManagerFactory for persistence unit 'default' 
2022-04-15 10:55:52.883 [main] WARN  o.s.b.a.o.j.JpaBaseConfiguration$JpaWebConfiguration : spring.jpa.open-in-view is enabled by default. Therefore, database queries may be performed during view rendering. Explicitly configure spring.jpa.open-in-view to disable this warning 
2022-04-15 10:55:53.361 [main] INFO  o.s.b.w.e.tomcat.TomcatWebServer : Tomcat started on port(s): 8080 (http) with context path '' 
2022-04-15 10:55:53.562 [main] INFO  com.qmis.Application : Started Application in 3.444 seconds (JVM running for 3.951) 
2022-04-15 10:55:53.914 [http-nio-8080-exec-1] INFO  o.a.c.c.C.[Tomcat].[localhost].[/] : Initializing Spring DispatcherServlet 'dispatcherServlet' 
2022-04-15 10:55:53.915 [http-nio-8080-exec-1] INFO  o.s.web.servlet.DispatcherServlet : Initializing Servlet 'dispatcherServlet' 
2022-04-15 10:55:53.916 [http-nio-8080-exec-1] INFO  o.s.web.servlet.DispatcherServlet : Completed initialization in 1 ms 
2022-04-15 10:55:54.480 [http-nio-8080-exec-5] INFO  o.s.api.AbstractOpenApiResource : Init duration for springdoc-openapi is: 252 ms 
2022-04-15 11:03:56.362 [http-nio-8080-exec-4] INFO  o.a.coyote.http11.Http11Processor : Error parsing HTTP request header
 Note: further occurrences of HTTP request parsing errors will be logged at DEBUG level. 
java.lang.IllegalArgumentException: Invalid character found in method name [0x160x030x010x020x000x010x000x010xfc0x030x030xb60xfdt0x1b0xdd0xaf[0xf70xb0K#a0xcc0xc6g0xf4o0xf9L0x84r/R0x8a0x050x830xba.}P0xff0x8e ]. HTTP method names must be tokens
	at org.apache.coyote.http11.Http11InputBuffer.parseRequestLine(Http11InputBuffer.java:419)
	at org.apache.coyote.http11.Http11Processor.service(Http11Processor.java:269)
	at org.apache.coyote.AbstractProcessorLight.process(AbstractProcessorLight.java:65)
	at org.apache.coyote.AbstractProtocol$ConnectionHandler.process(AbstractProtocol.java:895)
	at org.apache.tomcat.util.net.NioEndpoint$SocketProcessor.doRun(NioEndpoint.java:1722)
	at org.apache.tomcat.util.net.SocketProcessorBase.run(SocketProcessorBase.java:49)
	at org.apache.tomcat.util.threads.ThreadPoolExecutor.runWorker(ThreadPoolExecutor.java:1191)
	at org.apache.tomcat.util.threads.ThreadPoolExecutor$Worker.run(ThreadPoolExecutor.java:659)
	at org.apache.tomcat.util.threads.TaskThread$WrappingRunnable.run(TaskThread.java:61)
	at java.base/java.lang.Thread.run(Thread.java:833)
2022-04-15 11:55:49.057 [SpringApplicationShutdownHook] INFO  o.s.o.j.LocalContainerEntityManagerFactoryBean : Closing JPA EntityManagerFactory for persistence unit 'default' 
2022-04-15 11:55:49.058 [SpringApplicationShutdownHook] INFO  com.zaxxer.hikari.HikariDataSource : HikariPool-1 - Shutdown initiated... 
2022-04-15 11:55:49.065 [SpringApplicationShutdownHook] INFO  com.zaxxer.hikari.HikariDataSource : HikariPool-1 - Shutdown completed. 
2022-04-15 11:55:52.644 [main] INFO  com.qmis.Application : Starting Application using Java 17.0.2 on QMIS with PID 24252 (K:\Project\HandbookDD\handbook\target\classes started by Kron Costa in K:\Project\HandbookDD) 
2022-04-15 11:55:52.645 [main] INFO  com.qmis.Application : No active profile set, falling back to default profiles: default 
2022-04-15 11:55:53.175 [main] INFO  o.s.d.r.c.RepositoryConfigurationDelegate : Bootstrapping Spring Data JPA repositories in DEFAULT mode. 
2022-04-15 11:55:53.210 [main] INFO  o.s.d.r.c.RepositoryConfigurationDelegate : Finished Spring Data repository scanning in 30 ms. Found 2 JPA repository interfaces. 
2022-04-15 11:55:53.310 [main] INFO  o.s.c.context.scope.GenericScope : BeanFactory id=f5f6e514-30e3-3c58-9083-16eca694271b 
2022-04-15 11:55:53.498 [main] INFO  o.s.b.w.e.tomcat.TomcatWebServer : Tomcat initialized with port(s): 8080 (http) 
2022-04-15 11:55:53.504 [main] INFO  o.a.catalina.core.StandardService : Starting service [Tomcat] 
2022-04-15 11:55:53.505 [main] INFO  o.a.catalina.core.StandardEngine : Starting Servlet engine: [Apache Tomcat/9.0.54] 
2022-04-15 11:55:53.563 [main] INFO  o.a.c.c.C.[Tomcat].[localhost].[/] : Initializing Spring embedded WebApplicationContext 
2022-04-15 11:55:53.563 [main] INFO  o.s.b.w.s.c.ServletWebServerApplicationContext : Root WebApplicationContext: initialization completed in 889 ms 
2022-04-15 11:55:53.683 [main] INFO  com.zaxxer.hikari.HikariDataSource : HikariPool-1 - Starting... 
2022-04-15 11:55:53.778 [main] INFO  com.zaxxer.hikari.HikariDataSource : HikariPool-1 - Start completed. 
2022-04-15 11:55:53.862 [main] INFO  liquibase.database : Set default schema name to public 
2022-04-15 11:55:53.907 [main] INFO  liquibase.lockservice : Successfully acquired change log lock 
2022-04-15 11:55:54.137 [main] INFO  liquibase.changelog : Reading from public.databasechangelog 
2022-04-15 11:55:54.169 [main] INFO  liquibase.lockservice : Successfully released change log lock 
2022-04-15 11:55:54.221 [main] INFO  o.h.jpa.internal.util.LogHelper : HHH000204: Processing PersistenceUnitInfo [name: default] 
2022-04-15 11:55:54.246 [main] INFO  org.hibernate.Version : HHH000412: Hibernate ORM core version 5.6.7.Final 
2022-04-15 11:55:54.310 [main] INFO  o.h.annotations.common.Version : HCANN000001: Hibernate Commons Annotations {5.1.2.Final} 
2022-04-15 11:55:54.370 [main] INFO  org.hibernate.dialect.Dialect : HHH000400: Using dialect: org.hibernate.dialect.PostgreSQL9Dialect 
2022-04-15 11:55:54.687 [main] INFO  o.h.e.t.j.p.i.JtaPlatformInitiator : HHH000490: Using JtaPlatform implementation: [org.hibernate.engine.transaction.jta.platform.internal.NoJtaPlatform] 
2022-04-15 11:55:54.692 [main] INFO  o.s.o.j.LocalContainerEntityManagerFactoryBean : Initialized JPA EntityManagerFactory for persistence unit 'default' 
2022-04-15 11:55:54.990 [main] WARN  o.s.b.a.o.j.JpaBaseConfiguration$JpaWebConfiguration : spring.jpa.open-in-view is enabled by default. Therefore, database queries may be performed during view rendering. Explicitly configure spring.jpa.open-in-view to disable this warning 
2022-04-15 11:55:55.481 [main] INFO  o.s.b.w.e.tomcat.TomcatWebServer : Tomcat started on port(s): 8080 (http) with context path '' 
2022-04-15 11:55:55.686 [main] INFO  com.qmis.Application : Started Application in 3.293 seconds (JVM running for 3.811) 
2022-04-15 11:56:09.405 [http-nio-8080-exec-1] INFO  o.a.c.c.C.[Tomcat].[localhost].[/] : Initializing Spring DispatcherServlet 'dispatcherServlet' 
2022-04-15 11:56:09.405 [http-nio-8080-exec-1] INFO  o.s.web.servlet.DispatcherServlet : Initializing Servlet 'dispatcherServlet' 
2022-04-15 11:56:09.406 [http-nio-8080-exec-1] INFO  o.s.web.servlet.DispatcherServlet : Completed initialization in 1 ms 
2022-04-15 11:56:09.974 [http-nio-8080-exec-5] INFO  o.s.api.AbstractOpenApiResource : Init duration for springdoc-openapi is: 264 ms 
2022-04-15 12:03:56.366 [http-nio-8080-exec-10] INFO  o.a.coyote.http11.Http11Processor : Error parsing HTTP request header
 Note: further occurrences of HTTP request parsing errors will be logged at DEBUG level. 
java.lang.IllegalArgumentException: Invalid character found in method name [0x160x030x010x020x000x010x000x010xfc0x030x030xbf.0xb80x7f0x060xb1J;0xba0xe8$x\0xcf0x8a0xcfnp0xdfn0xfbT0x070x8f0xaf0x830x0460x8f0x13H0xac ]. HTTP method names must be tokens
	at org.apache.coyote.http11.Http11InputBuffer.parseRequestLine(Http11InputBuffer.java:419)
	at org.apache.coyote.http11.Http11Processor.service(Http11Processor.java:269)
	at org.apache.coyote.AbstractProcessorLight.process(AbstractProcessorLight.java:65)
	at org.apache.coyote.AbstractProtocol$ConnectionHandler.process(AbstractProtocol.java:895)
	at org.apache.tomcat.util.net.NioEndpoint$SocketProcessor.doRun(NioEndpoint.java:1722)
	at org.apache.tomcat.util.net.SocketProcessorBase.run(SocketProcessorBase.java:49)
	at org.apache.tomcat.util.threads.ThreadPoolExecutor.runWorker(ThreadPoolExecutor.java:1191)
	at org.apache.tomcat.util.threads.ThreadPoolExecutor$Worker.run(ThreadPoolExecutor.java:659)
	at org.apache.tomcat.util.threads.TaskThread$WrappingRunnable.run(TaskThread.java:61)
	at java.base/java.lang.Thread.run(Thread.java:833)
2022-04-15 12:23:56.356 [http-nio-8080-exec-10] INFO  o.a.coyote.http11.Http11Processor : Error parsing HTTP request header
 Note: further occurrences of HTTP request parsing errors will be logged at DEBUG level. 
java.lang.IllegalArgumentException: Invalid character found in method name [0x160x030x010x020x000x010x000x010xfc0x030x030xb80xeep0xfe0x170x160xc8^0x9d0xa5=0x1a$20xea0x1aJ0xb2m0x89ne0x0dEg0xb2\0x8a?0xc90x9d0xa9 ]. HTTP method names must be tokens
	at org.apache.coyote.http11.Http11InputBuffer.parseRequestLine(Http11InputBuffer.java:419)
	at org.apache.coyote.http11.Http11Processor.service(Http11Processor.java:269)
	at org.apache.coyote.AbstractProcessorLight.process(AbstractProcessorLight.java:65)
	at org.apache.coyote.AbstractProtocol$ConnectionHandler.process(AbstractProtocol.java:895)
	at org.apache.tomcat.util.net.NioEndpoint$SocketProcessor.doRun(NioEndpoint.java:1722)
	at org.apache.tomcat.util.net.SocketProcessorBase.run(SocketProcessorBase.java:49)
	at org.apache.tomcat.util.threads.ThreadPoolExecutor.runWorker(ThreadPoolExecutor.java:1191)
	at org.apache.tomcat.util.threads.ThreadPoolExecutor$Worker.run(ThreadPoolExecutor.java:659)
	at org.apache.tomcat.util.threads.TaskThread$WrappingRunnable.run(TaskThread.java:61)
	at java.base/java.lang.Thread.run(Thread.java:833)
2022-04-15 12:41:01.027 [SpringApplicationShutdownHook] INFO  o.s.o.j.LocalContainerEntityManagerFactoryBean : Closing JPA EntityManagerFactory for persistence unit 'default' 
2022-04-15 12:41:01.029 [SpringApplicationShutdownHook] INFO  com.zaxxer.hikari.HikariDataSource : HikariPool-1 - Shutdown initiated... 
2022-04-15 12:41:01.030 [SpringApplicationShutdownHook] INFO  com.zaxxer.hikari.HikariDataSource : HikariPool-1 - Shutdown completed. 
2022-04-15 21:14:46.483 [main] INFO  com.qmis.Application : Starting Application using Java 17.0.2 on QMIS with PID 15676 (K:\Project\HandbookDD\handbook\target\classes started by Kron Costa in K:\Project\HandbookDD) 
2022-04-15 21:14:46.484 [main] INFO  com.qmis.Application : No active profile set, falling back to default profiles: default 
2022-04-15 21:14:47.010 [main] INFO  o.s.d.r.c.RepositoryConfigurationDelegate : Bootstrapping Spring Data JPA repositories in DEFAULT mode. 
2022-04-15 21:14:47.044 [main] INFO  o.s.d.r.c.RepositoryConfigurationDelegate : Finished Spring Data repository scanning in 29 ms. Found 2 JPA repository interfaces. 
2022-04-15 21:14:47.144 [main] INFO  o.s.c.context.scope.GenericScope : BeanFactory id=f5f6e514-30e3-3c58-9083-16eca694271b 
2022-04-15 21:14:47.344 [main] INFO  o.s.b.w.e.tomcat.TomcatWebServer : Tomcat initialized with port(s): 8086 (http) 
2022-04-15 21:14:47.350 [main] INFO  o.a.catalina.core.StandardService : Starting service [Tomcat] 
2022-04-15 21:14:47.351 [main] INFO  o.a.catalina.core.StandardEngine : Starting Servlet engine: [Apache Tomcat/9.0.54] 
2022-04-15 21:14:47.411 [main] INFO  o.a.c.c.C.[Tomcat].[localhost].[/] : Initializing Spring embedded WebApplicationContext 
2022-04-15 21:14:47.411 [main] INFO  o.s.b.w.s.c.ServletWebServerApplicationContext : Root WebApplicationContext: initialization completed in 901 ms 
2022-04-15 21:14:47.529 [main] INFO  com.zaxxer.hikari.HikariDataSource : HikariPool-1 - Starting... 
2022-04-15 21:14:47.626 [main] INFO  com.zaxxer.hikari.HikariDataSource : HikariPool-1 - Start completed. 
2022-04-15 21:14:47.714 [main] INFO  liquibase.database : Set default schema name to public 
2022-04-15 21:14:47.759 [main] INFO  liquibase.lockservice : Successfully acquired change log lock 
2022-04-15 21:14:47.992 [main] INFO  liquibase.changelog : Reading from public.databasechangelog 
2022-04-15 21:14:48.025 [main] INFO  liquibase.lockservice : Successfully released change log lock 
2022-04-15 21:14:48.082 [main] INFO  o.h.jpa.internal.util.LogHelper : HHH000204: Processing PersistenceUnitInfo [name: default] 
2022-04-15 21:14:48.109 [main] INFO  org.hibernate.Version : HHH000412: Hibernate ORM core version 5.6.7.Final 
2022-04-15 21:14:48.174 [main] INFO  o.h.annotations.common.Version : HCANN000001: Hibernate Commons Annotations {5.1.2.Final} 
2022-04-15 21:14:48.234 [main] INFO  org.hibernate.dialect.Dialect : HHH000400: Using dialect: org.hibernate.dialect.PostgreSQL9Dialect 
2022-04-15 21:14:48.560 [main] INFO  o.h.e.t.j.p.i.JtaPlatformInitiator : HHH000490: Using JtaPlatform implementation: [org.hibernate.engine.transaction.jta.platform.internal.NoJtaPlatform] 
2022-04-15 21:14:48.566 [main] INFO  o.s.o.j.LocalContainerEntityManagerFactoryBean : Initialized JPA EntityManagerFactory for persistence unit 'default' 
2022-04-15 21:14:48.871 [main] WARN  o.s.b.a.o.j.JpaBaseConfiguration$JpaWebConfiguration : spring.jpa.open-in-view is enabled by default. Therefore, database queries may be performed during view rendering. Explicitly configure spring.jpa.open-in-view to disable this warning 
2022-04-15 21:14:49.340 [main] INFO  o.s.b.w.e.tomcat.TomcatWebServer : Tomcat started on port(s): 8086 (http) with context path '' 
2022-04-15 21:14:49.543 [main] INFO  com.qmis.Application : Started Application in 3.295 seconds (JVM running for 3.744) 
2022-04-15 21:15:20.145 [http-nio-8086-exec-1] INFO  o.a.c.c.C.[Tomcat].[localhost].[/] : Initializing Spring DispatcherServlet 'dispatcherServlet' 
2022-04-15 21:15:20.146 [http-nio-8086-exec-1] INFO  o.s.web.servlet.DispatcherServlet : Initializing Servlet 'dispatcherServlet' 
2022-04-15 21:15:20.147 [http-nio-8086-exec-1] INFO  o.s.web.servlet.DispatcherServlet : Completed initialization in 1 ms 
2022-04-15 21:15:20.650 [http-nio-8086-exec-7] INFO  o.s.api.AbstractOpenApiResource : Init duration for springdoc-openapi is: 230 ms 
2022-04-15 21:15:37.857 [SpringApplicationShutdownHook] INFO  o.s.o.j.LocalContainerEntityManagerFactoryBean : Closing JPA EntityManagerFactory for persistence unit 'default' 
2022-04-15 21:15:37.858 [SpringApplicationShutdownHook] INFO  com.zaxxer.hikari.HikariDataSource : HikariPool-1 - Shutdown initiated... 
2022-04-15 21:15:37.860 [SpringApplicationShutdownHook] INFO  com.zaxxer.hikari.HikariDataSource : HikariPool-1 - Shutdown completed. 
