2022-04-05 12:00:02.327 [main] INFO  com.qmis.Application : Starting Application using Java 17.0.2 on QMIS with PID 25952 (K:\Project\HandbookDD\handbook\target\classes started by Kron Costa in K:\Project\HandbookDD) 
2022-04-05 12:00:02.332 [main] INFO  com.qmis.Application : No active profile set, falling back to default profiles: default 
2022-04-05 12:00:02.884 [main] INFO  o.s.d.r.c.RepositoryConfigurationDelegate : Bootstrapping Spring Data JPA repositories in DEFAULT mode. 
2022-04-05 12:00:02.892 [main] INFO  o.s.d.r.c.RepositoryConfigurationDelegate : Finished Spring Data com.qmis.repository scanning in 3 ms. Found 0 JPA com.qmis.repository interfaces.
2022-04-05 12:00:02.993 [main] INFO  o.s.c.context.scope.GenericScope : BeanFactory id=db919f8b-8a6a-3afc-ae56-c5f59c977aa2 
2022-04-05 12:00:03.194 [main] INFO  o.s.b.w.e.tomcat.TomcatWebServer : Tomcat initialized with port(s): 8080 (http) 
2022-04-05 12:00:03.200 [main] INFO  o.a.catalina.core.StandardService : Starting service [Tomcat] 
2022-04-05 12:00:03.200 [main] INFO  o.a.catalina.core.StandardEngine : Starting Servlet engine: [Apache Tomcat/9.0.54] 
2022-04-05 12:00:03.255 [main] INFO  o.a.c.c.C.[Tomcat].[localhost].[/] : Initializing Spring embedded WebApplicationContext 
2022-04-05 12:00:03.255 [main] INFO  o.s.b.w.s.c.ServletWebServerApplicationContext : Root WebApplicationContext: initialization completed in 892 ms 
2022-04-05 12:00:03.387 [main] INFO  com.zaxxer.hikari.HikariDataSource : HikariPool-1 - Starting... 
2022-04-05 12:00:03.488 [main] INFO  com.zaxxer.hikari.HikariDataSource : HikariPool-1 - Start completed. 
2022-04-05 12:00:03.569 [main] INFO  liquibase.database : Set default schema name to public 
2022-04-05 12:00:03.616 [main] INFO  liquibase.lockservice : Successfully acquired change log lock 
2022-04-05 12:00:03.850 [main] INFO  liquibase.changelog : Reading from public.databasechangelog 
2022-04-05 12:00:03.881 [main] INFO  liquibase.lockservice : Successfully released change log lock 
2022-04-05 12:00:03.944 [main] INFO  o.h.jpa.internal.util.LogHelper : HHH000204: Processing PersistenceUnitInfo [name: default] 
2022-04-05 12:00:03.972 [main] INFO  org.hibernate.Version : HHH000412: Hibernate ORM core version 5.6.7.Final 
2022-04-05 12:00:04.048 [main] INFO  o.h.annotations.common.Version : HCANN000001: Hibernate Commons Annotations {5.1.2.Final} 
2022-04-05 12:00:04.113 [main] INFO  org.hibernate.dialect.Dialect : HHH000400: Using dialect: org.hibernate.dialect.PostgreSQL9Dialect 
2022-04-05 12:00:04.226 [main] INFO  o.h.e.t.j.p.i.JtaPlatformInitiator : HHH000490: Using JtaPlatform implementation: [org.hibernate.engine.transaction.jta.platform.internal.NoJtaPlatform] 
2022-04-05 12:00:04.232 [main] INFO  o.s.o.j.LocalContainerEntityManagerFactoryBean : Initialized JPA EntityManagerFactory for persistence unit 'default' 
2022-04-05 12:00:04.397 [main] WARN  o.s.b.a.o.j.JpaBaseConfiguration$JpaWebConfiguration : spring.jpa.open-in-view is enabled by default. Therefore, database queries may be performed during view rendering. Explicitly configure spring.jpa.open-in-view to disable this warning 
2022-04-05 12:00:04.680 [main] INFO  o.s.b.w.e.tomcat.TomcatWebServer : Tomcat started on port(s): 8080 (http) with context path '' 
2022-04-05 12:00:04.794 [main] INFO  com.qmis.Application : Started Application in 2.927 seconds (JVM running for 3.588) 
2022-04-05 12:05:22.102 [SpringApplicationShutdownHook] INFO  o.s.o.j.LocalContainerEntityManagerFactoryBean : Closing JPA EntityManagerFactory for persistence unit 'default' 
2022-04-05 12:05:22.104 [SpringApplicationShutdownHook] INFO  com.zaxxer.hikari.HikariDataSource : HikariPool-1 - Shutdown initiated... 
2022-04-05 12:05:22.106 [SpringApplicationShutdownHook] INFO  com.zaxxer.hikari.HikariDataSource : HikariPool-1 - Shutdown completed. 
2022-04-05 12:05:27.089 [main] INFO  com.qmis.Application : Starting Application using Java 17.0.2 on QMIS with PID 30128 (K:\Project\HandbookDD\handbook\target\classes started by Kron Costa in K:\Project\HandbookDD) 
2022-04-05 12:05:27.091 [main] INFO  com.qmis.Application : No active profile set, falling back to default profiles: default 
2022-04-05 12:05:27.830 [main] INFO  o.s.d.r.c.RepositoryConfigurationDelegate : Bootstrapping Spring Data JPA repositories in DEFAULT mode. 
2022-04-05 12:05:27.838 [main] INFO  o.s.d.r.c.RepositoryConfigurationDelegate : Finished Spring Data com.qmis.repository scanning in 3 ms. Found 0 JPA com.qmis.repository interfaces.
2022-04-05 12:05:27.936 [main] INFO  o.s.c.context.scope.GenericScope : BeanFactory id=db919f8b-8a6a-3afc-ae56-c5f59c977aa2 
2022-04-05 12:05:28.137 [main] INFO  o.s.b.w.e.tomcat.TomcatWebServer : Tomcat initialized with port(s): 8080 (http) 
2022-04-05 12:05:28.142 [main] INFO  o.a.catalina.core.StandardService : Starting service [Tomcat] 
2022-04-05 12:05:28.142 [main] INFO  o.a.catalina.core.StandardEngine : Starting Servlet engine: [Apache Tomcat/9.0.54] 
2022-04-05 12:05:28.196 [main] INFO  o.a.c.c.C.[Tomcat].[localhost].[/] : Initializing Spring embedded WebApplicationContext 
2022-04-05 12:05:28.196 [main] INFO  o.s.b.w.s.c.ServletWebServerApplicationContext : Root WebApplicationContext: initialization completed in 1068 ms 
2022-04-05 12:05:28.323 [main] INFO  com.zaxxer.hikari.HikariDataSource : HikariPool-1 - Starting... 
2022-04-05 12:05:28.426 [main] INFO  com.zaxxer.hikari.HikariDataSource : HikariPool-1 - Start completed. 
2022-04-05 12:05:28.506 [main] INFO  liquibase.database : Set default schema name to public 
2022-04-05 12:05:28.551 [main] INFO  liquibase.lockservice : Successfully acquired change log lock 
2022-04-05 12:05:28.816 [main] INFO  liquibase.changelog : Reading from public.databasechangelog 
2022-04-05 12:05:28.851 [main] INFO  liquibase.lockservice : Successfully released change log lock 
2022-04-05 12:05:28.919 [main] INFO  o.h.jpa.internal.util.LogHelper : HHH000204: Processing PersistenceUnitInfo [name: default] 
2022-04-05 12:05:28.950 [main] INFO  org.hibernate.Version : HHH000412: Hibernate ORM core version 5.6.7.Final 
2022-04-05 12:05:29.018 [main] INFO  o.h.annotations.common.Version : HCANN000001: Hibernate Commons Annotations {5.1.2.Final} 
2022-04-05 12:05:29.078 [main] INFO  org.hibernate.dialect.Dialect : HHH000400: Using dialect: org.hibernate.dialect.PostgreSQL9Dialect 
2022-04-05 12:05:29.180 [main] INFO  o.h.e.t.j.p.i.JtaPlatformInitiator : HHH000490: Using JtaPlatform implementation: [org.hibernate.engine.transaction.jta.platform.internal.NoJtaPlatform] 
2022-04-05 12:05:29.185 [main] INFO  o.s.o.j.LocalContainerEntityManagerFactoryBean : Initialized JPA EntityManagerFactory for persistence unit 'default' 
2022-04-05 12:05:29.310 [main] WARN  o.s.b.a.o.j.JpaBaseConfiguration$JpaWebConfiguration : spring.jpa.open-in-view is enabled by default. Therefore, database queries may be performed during view rendering. Explicitly configure spring.jpa.open-in-view to disable this warning 
2022-04-05 12:05:29.606 [main] INFO  o.s.b.w.e.tomcat.TomcatWebServer : Tomcat started on port(s): 8080 (http) with context path '' 
2022-04-05 12:05:29.726 [main] INFO  com.qmis.Application : Started Application in 2.928 seconds (JVM running for 3.69) 
2022-04-05 12:05:47.909 [http-nio-8080-exec-1] INFO  o.a.coyote.http11.Http11Processor : Error parsing HTTP request header
 Note: further occurrences of HTTP request parsing errors will be logged at DEBUG level. 
java.lang.IllegalArgumentException: Invalid character found in method name [0x160x030x010x020x000x010x000x010xfc0x030x030xce0xfaMG0x8b0x150x8dQF+.0xcd0xeaUm=0xd90x9e0x070xc30x950xe310xe50xdeG0g0xf50xcf`p ]. HTTP method names must be tokens
	at org.apache.coyote.http11.Http11InputBuffer.parseRequestLine(Http11InputBuffer.java:419)
	at org.apache.coyote.http11.Http11Processor.service(Http11Processor.java:269)
	at org.apache.coyote.AbstractProcessorLight.process(AbstractProcessorLight.java:65)
	at org.apache.coyote.AbstractProtocol$ConnectionHandler.process(AbstractProtocol.java:895)
	at org.apache.tomcat.util.net.NioEndpoint$SocketProcessor.doRun(NioEndpoint.java:1722)
	at org.apache.tomcat.util.net.SocketProcessorBase.run(SocketProcessorBase.java:49)
	at org.apache.tomcat.util.threads.ThreadPoolExecutor.runWorker(ThreadPoolExecutor.java:1191)
	at org.apache.tomcat.util.threads.ThreadPoolExecutor$Worker.run(ThreadPoolExecutor.java:659)
	at org.apache.tomcat.util.threads.TaskThread$WrappingRunnable.run(TaskThread.java:61)
	at java.base/java.lang.Thread.run(Thread.java:833)
2022-04-05 12:06:34.925 [SpringApplicationShutdownHook] INFO  o.s.o.j.LocalContainerEntityManagerFactoryBean : Closing JPA EntityManagerFactory for persistence unit 'default' 
2022-04-05 12:06:34.926 [SpringApplicationShutdownHook] INFO  com.zaxxer.hikari.HikariDataSource : HikariPool-1 - Shutdown initiated... 
2022-04-05 12:06:34.928 [SpringApplicationShutdownHook] INFO  com.zaxxer.hikari.HikariDataSource : HikariPool-1 - Shutdown completed. 
2022-04-05 12:06:38.088 [main] INFO  com.qmis.Application : Starting Application using Java 17.0.2 on QMIS with PID 12344 (K:\Project\HandbookDD\handbook\target\classes started by Kron Costa in K:\Project\HandbookDD) 
2022-04-05 12:06:38.090 [main] INFO  com.qmis.Application : No active profile set, falling back to default profiles: default 
2022-04-05 12:06:38.717 [main] INFO  o.s.d.r.c.RepositoryConfigurationDelegate : Bootstrapping Spring Data JPA repositories in DEFAULT mode. 
2022-04-05 12:06:38.726 [main] INFO  o.s.d.r.c.RepositoryConfigurationDelegate : Finished Spring Data com.qmis.repository scanning in 3 ms. Found 0 JPA com.qmis.repository interfaces.
2022-04-05 12:06:38.829 [main] INFO  o.s.c.context.scope.GenericScope : BeanFactory id=db919f8b-8a6a-3afc-ae56-c5f59c977aa2 
2022-04-05 12:06:39.024 [main] INFO  o.s.b.w.e.tomcat.TomcatWebServer : Tomcat initialized with port(s): 8080 (http) 
2022-04-05 12:06:39.030 [main] INFO  o.a.catalina.core.StandardService : Starting service [Tomcat] 
2022-04-05 12:06:39.030 [main] INFO  o.a.catalina.core.StandardEngine : Starting Servlet engine: [Apache Tomcat/9.0.54] 
2022-04-05 12:06:39.082 [main] INFO  o.a.c.c.C.[Tomcat].[localhost].[/] : Initializing Spring embedded WebApplicationContext 
2022-04-05 12:06:39.082 [main] INFO  o.s.b.w.s.c.ServletWebServerApplicationContext : Root WebApplicationContext: initialization completed in 958 ms 
2022-04-05 12:06:39.209 [main] INFO  com.zaxxer.hikari.HikariDataSource : HikariPool-1 - Starting... 
2022-04-05 12:06:39.311 [main] INFO  com.zaxxer.hikari.HikariDataSource : HikariPool-1 - Start completed. 
2022-04-05 12:06:39.392 [main] INFO  liquibase.database : Set default schema name to public 
2022-04-05 12:06:39.446 [main] INFO  liquibase.lockservice : Successfully acquired change log lock 
2022-04-05 12:06:39.676 [main] INFO  liquibase.changelog : Reading from public.databasechangelog 
2022-04-05 12:06:39.706 [main] INFO  liquibase.lockservice : Successfully released change log lock 
2022-04-05 12:06:39.764 [main] INFO  o.h.jpa.internal.util.LogHelper : HHH000204: Processing PersistenceUnitInfo [name: default] 
2022-04-05 12:06:39.793 [main] INFO  org.hibernate.Version : HHH000412: Hibernate ORM core version 5.6.7.Final 
2022-04-05 12:06:39.861 [main] INFO  o.h.annotations.common.Version : HCANN000001: Hibernate Commons Annotations {5.1.2.Final} 
2022-04-05 12:06:39.920 [main] INFO  org.hibernate.dialect.Dialect : HHH000400: Using dialect: org.hibernate.dialect.PostgreSQL9Dialect 
2022-04-05 12:06:40.026 [main] INFO  o.h.e.t.j.p.i.JtaPlatformInitiator : HHH000490: Using JtaPlatform implementation: [org.hibernate.engine.transaction.jta.platform.internal.NoJtaPlatform] 
2022-04-05 12:06:40.032 [main] INFO  o.s.o.j.LocalContainerEntityManagerFactoryBean : Initialized JPA EntityManagerFactory for persistence unit 'default' 
2022-04-05 12:06:40.165 [main] WARN  o.s.b.a.o.j.JpaBaseConfiguration$JpaWebConfiguration : spring.jpa.open-in-view is enabled by default. Therefore, database queries may be performed during view rendering. Explicitly configure spring.jpa.open-in-view to disable this warning 
2022-04-05 12:06:40.439 [main] INFO  o.s.b.w.e.tomcat.TomcatWebServer : Tomcat started on port(s): 8080 (http) with context path '' 
2022-04-05 12:06:40.556 [main] INFO  com.qmis.Application : Started Application in 2.768 seconds (JVM running for 3.261) 
2022-04-05 12:06:57.771 [http-nio-8080-exec-1] INFO  o.a.c.c.C.[Tomcat].[localhost].[/] : Initializing Spring DispatcherServlet 'dispatcherServlet' 
2022-04-05 12:06:57.771 [http-nio-8080-exec-1] INFO  o.s.web.servlet.DispatcherServlet : Initializing Servlet 'dispatcherServlet' 
2022-04-05 12:06:57.772 [http-nio-8080-exec-1] INFO  o.s.web.servlet.DispatcherServlet : Completed initialization in 1 ms 
2022-04-05 12:12:46.605 [SpringApplicationShutdownHook] INFO  o.s.o.j.LocalContainerEntityManagerFactoryBean : Closing JPA EntityManagerFactory for persistence unit 'default' 
2022-04-05 12:12:46.607 [SpringApplicationShutdownHook] INFO  com.zaxxer.hikari.HikariDataSource : HikariPool-1 - Shutdown initiated... 
2022-04-05 12:12:46.609 [SpringApplicationShutdownHook] INFO  com.zaxxer.hikari.HikariDataSource : HikariPool-1 - Shutdown completed. 
2022-04-05 12:12:52.299 [main] INFO  com.qmis.Application : Starting Application using Java 17.0.2 on QMIS with PID 19336 (K:\Project\HandbookDD\handbook\target\classes started by Kron Costa in K:\Project\HandbookDD) 
2022-04-05 12:12:52.301 [main] INFO  com.qmis.Application : No active profile set, falling back to default profiles: default 
2022-04-05 12:12:53.117 [main] INFO  o.s.d.r.c.RepositoryConfigurationDelegate : Bootstrapping Spring Data JPA repositories in DEFAULT mode. 
2022-04-05 12:12:53.125 [main] INFO  o.s.d.r.c.RepositoryConfigurationDelegate : Finished Spring Data com.qmis.repository scanning in 3 ms. Found 0 JPA com.qmis.repository interfaces.
2022-04-05 12:12:53.225 [main] INFO  o.s.c.context.scope.GenericScope : BeanFactory id=db919f8b-8a6a-3afc-ae56-c5f59c977aa2 
2022-04-05 12:12:53.431 [main] INFO  o.s.b.w.e.tomcat.TomcatWebServer : Tomcat initialized with port(s): 8080 (http) 
2022-04-05 12:12:53.437 [main] INFO  o.a.catalina.core.StandardService : Starting service [Tomcat] 
2022-04-05 12:12:53.437 [main] INFO  o.a.catalina.core.StandardEngine : Starting Servlet engine: [Apache Tomcat/9.0.54] 
2022-04-05 12:12:53.490 [main] INFO  o.a.c.c.C.[Tomcat].[localhost].[/] : Initializing Spring embedded WebApplicationContext 
2022-04-05 12:12:53.491 [main] INFO  o.s.b.w.s.c.ServletWebServerApplicationContext : Root WebApplicationContext: initialization completed in 1162 ms 
2022-04-05 12:12:53.615 [main] INFO  com.zaxxer.hikari.HikariDataSource : HikariPool-1 - Starting... 
2022-04-05 12:12:53.718 [main] INFO  com.zaxxer.hikari.HikariDataSource : HikariPool-1 - Start completed. 
2022-04-05 12:12:53.800 [main] INFO  liquibase.database : Set default schema name to public 
2022-04-05 12:12:53.850 [main] INFO  liquibase.lockservice : Successfully acquired change log lock 
2022-04-05 12:12:54.075 [main] INFO  liquibase.changelog : Reading from public.databasechangelog 
2022-04-05 12:12:54.104 [main] INFO  liquibase.lockservice : Successfully released change log lock 
2022-04-05 12:12:54.161 [main] INFO  o.h.jpa.internal.util.LogHelper : HHH000204: Processing PersistenceUnitInfo [name: default] 
2022-04-05 12:12:54.192 [main] INFO  org.hibernate.Version : HHH000412: Hibernate ORM core version 5.6.7.Final 
2022-04-05 12:12:54.267 [main] INFO  o.h.annotations.common.Version : HCANN000001: Hibernate Commons Annotations {5.1.2.Final} 
2022-04-05 12:12:54.326 [main] INFO  org.hibernate.dialect.Dialect : HHH000400: Using dialect: org.hibernate.dialect.PostgreSQL9Dialect 
2022-04-05 12:12:54.427 [main] INFO  o.h.e.t.j.p.i.JtaPlatformInitiator : HHH000490: Using JtaPlatform implementation: [org.hibernate.engine.transaction.jta.platform.internal.NoJtaPlatform] 
2022-04-05 12:12:54.433 [main] INFO  o.s.o.j.LocalContainerEntityManagerFactoryBean : Initialized JPA EntityManagerFactory for persistence unit 'default' 
2022-04-05 12:12:54.562 [main] WARN  o.s.b.a.o.j.JpaBaseConfiguration$JpaWebConfiguration : spring.jpa.open-in-view is enabled by default. Therefore, database queries may be performed during view rendering. Explicitly configure spring.jpa.open-in-view to disable this warning 
2022-04-05 12:12:54.834 [main] INFO  o.s.b.w.e.tomcat.TomcatWebServer : Tomcat started on port(s): 8080 (http) with context path '' 
2022-04-05 12:12:54.948 [main] INFO  com.qmis.Application : Started Application in 2.923 seconds (JVM running for 3.615) 
2022-04-05 12:12:58.529 [http-nio-8080-exec-1] INFO  o.a.c.c.C.[Tomcat].[localhost].[/] : Initializing Spring DispatcherServlet 'dispatcherServlet' 
2022-04-05 12:12:58.529 [http-nio-8080-exec-1] INFO  o.s.web.servlet.DispatcherServlet : Initializing Servlet 'dispatcherServlet' 
2022-04-05 12:12:58.530 [http-nio-8080-exec-1] INFO  o.s.web.servlet.DispatcherServlet : Completed initialization in 1 ms 
2022-04-05 12:15:47.894 [http-nio-8080-exec-4] INFO  o.a.coyote.http11.Http11Processor : Error parsing HTTP request header
 Note: further occurrences of HTTP request parsing errors will be logged at DEBUG level. 
java.lang.IllegalArgumentException: Invalid character found in method name [0x160x030x010x020x000x010x000x010xfc0x030x038G0xfb70xc4U0xd90xcac0xcb*0x99n0xce0xb10xab0xed0xbe0xd00x15_0xa6k0xda0x0f0x80IA0xba0xc00x1a0x91 ]. HTTP method names must be tokens
	at org.apache.coyote.http11.Http11InputBuffer.parseRequestLine(Http11InputBuffer.java:419)
	at org.apache.coyote.http11.Http11Processor.service(Http11Processor.java:269)
	at org.apache.coyote.AbstractProcessorLight.process(AbstractProcessorLight.java:65)
	at org.apache.coyote.AbstractProtocol$ConnectionHandler.process(AbstractProtocol.java:895)
	at org.apache.tomcat.util.net.NioEndpoint$SocketProcessor.doRun(NioEndpoint.java:1722)
	at org.apache.tomcat.util.net.SocketProcessorBase.run(SocketProcessorBase.java:49)
	at org.apache.tomcat.util.threads.ThreadPoolExecutor.runWorker(ThreadPoolExecutor.java:1191)
	at org.apache.tomcat.util.threads.ThreadPoolExecutor$Worker.run(ThreadPoolExecutor.java:659)
	at org.apache.tomcat.util.threads.TaskThread$WrappingRunnable.run(TaskThread.java:61)
	at java.base/java.lang.Thread.run(Thread.java:833)
2022-04-05 12:35:52.952 [SpringApplicationShutdownHook] INFO  o.s.o.j.LocalContainerEntityManagerFactoryBean : Closing JPA EntityManagerFactory for persistence unit 'default' 
2022-04-05 12:35:52.954 [SpringApplicationShutdownHook] INFO  com.zaxxer.hikari.HikariDataSource : HikariPool-1 - Shutdown initiated... 
2022-04-05 12:35:52.956 [SpringApplicationShutdownHook] INFO  com.zaxxer.hikari.HikariDataSource : HikariPool-1 - Shutdown completed. 
2022-04-05 13:19:53.059 [main] INFO  com.qmis.Application : Starting Application using Java 17.0.2 on QMIS with PID 11504 (K:\Project\HandbookDD\handbook\target\classes started by Kron Costa in K:\Project\HandbookDD) 
2022-04-05 13:19:53.062 [main] INFO  com.qmis.Application : No active profile set, falling back to default profiles: default 
2022-04-05 13:19:53.568 [main] INFO  o.s.d.r.c.RepositoryConfigurationDelegate : Bootstrapping Spring Data JPA repositories in DEFAULT mode. 
2022-04-05 13:19:53.577 [main] INFO  o.s.d.r.c.RepositoryConfigurationDelegate : Finished Spring Data com.qmis.repository scanning in 3 ms. Found 0 JPA com.qmis.repository interfaces.
2022-04-05 13:19:53.670 [main] INFO  o.s.c.context.scope.GenericScope : BeanFactory id=db919f8b-8a6a-3afc-ae56-c5f59c977aa2 
2022-04-05 13:19:53.869 [main] INFO  o.s.b.w.e.tomcat.TomcatWebServer : Tomcat initialized with port(s): 8080 (http) 
2022-04-05 13:19:53.875 [main] INFO  o.a.catalina.core.StandardService : Starting service [Tomcat] 
2022-04-05 13:19:53.875 [main] INFO  o.a.catalina.core.StandardEngine : Starting Servlet engine: [Apache Tomcat/9.0.54] 
2022-04-05 13:19:53.927 [main] INFO  o.a.c.c.C.[Tomcat].[localhost].[/] : Initializing Spring embedded WebApplicationContext 
2022-04-05 13:19:53.928 [main] INFO  o.s.b.w.s.c.ServletWebServerApplicationContext : Root WebApplicationContext: initialization completed in 833 ms 
2022-04-05 13:19:54.060 [main] INFO  com.zaxxer.hikari.HikariDataSource : HikariPool-1 - Starting... 
2022-04-05 13:19:54.173 [main] INFO  com.zaxxer.hikari.HikariDataSource : HikariPool-1 - Start completed. 
2022-04-05 13:19:54.273 [main] INFO  liquibase.database : Set default schema name to public 
2022-04-05 13:19:54.327 [main] INFO  liquibase.lockservice : Successfully acquired change log lock 
2022-04-05 13:19:54.519 [main] INFO  liquibase.lockservice : Successfully released change log lock 
2022-04-05 13:19:54.524 [main] WARN  o.s.b.w.s.c.AnnotationConfigServletWebServerApplicationContext : Exception encountered during context initialization - cancelling refresh attempt: org.springframework.beans.factory.BeanCreationException: Error creating bean with name 'liquibase' defined in class path resource [org/springframework/boot/autoconfigure/liquibase/LiquibaseAutoConfiguration$LiquibaseConfiguration.class]: Invocation of init method failed; nested exception is liquibase.exception.ChangeLogParseException: Error parsing db/changelog/changelog.yml 
2022-04-05 13:19:54.524 [main] INFO  com.zaxxer.hikari.HikariDataSource : HikariPool-1 - Shutdown initiated... 
2022-04-05 13:19:54.551 [main] INFO  com.zaxxer.hikari.HikariDataSource : HikariPool-1 - Shutdown completed. 
2022-04-05 13:19:54.553 [main] INFO  o.a.catalina.core.StandardService : Stopping service [Tomcat] 
2022-04-05 13:19:54.561 [main] INFO  o.s.b.a.l.ConditionEvaluationReportLoggingListener : 

Error starting ApplicationContext. To display the conditions report re-run your application with 'debug' enabled. 
2022-04-05 13:19:54.573 [main] ERROR o.s.boot.SpringApplication : Application run failed 
org.springframework.beans.factory.BeanCreationException: Error creating bean with name 'liquibase' defined in class path resource [org/springframework/boot/autoconfigure/liquibase/LiquibaseAutoConfiguration$LiquibaseConfiguration.class]: Invocation of init method failed; nested exception is liquibase.exception.ChangeLogParseException: Error parsing db/changelog/changelog.yml
	at org.springframework.beans.factory.support.AbstractAutowireCapableBeanFactory.initializeBean(AbstractAutowireCapableBeanFactory.java:1804)
	at org.springframework.beans.factory.support.AbstractAutowireCapableBeanFactory.doCreateBean(AbstractAutowireCapableBeanFactory.java:620)
	at org.springframework.beans.factory.support.AbstractAutowireCapableBeanFactory.createBean(AbstractAutowireCapableBeanFactory.java:542)
	at org.springframework.beans.factory.support.AbstractBeanFactory.lambda$doGetBean$0(AbstractBeanFactory.java:335)
	at org.springframework.beans.factory.support.DefaultSingletonBeanRegistry.getSingleton(DefaultSingletonBeanRegistry.java:234)
	at org.springframework.beans.factory.support.AbstractBeanFactory.doGetBean(AbstractBeanFactory.java:333)
	at org.springframework.beans.factory.support.AbstractBeanFactory.getBean(AbstractBeanFactory.java:208)
	at org.springframework.beans.factory.support.AbstractBeanFactory.doGetBean(AbstractBeanFactory.java:322)
	at org.springframework.beans.factory.support.AbstractBeanFactory.getBean(AbstractBeanFactory.java:208)
	at org.springframework.context.support.AbstractApplicationContext.getBean(AbstractApplicationContext.java:1154)
	at org.springframework.context.support.AbstractApplicationContext.finishBeanFactoryInitialization(AbstractApplicationContext.java:908)
	at org.springframework.context.support.AbstractApplicationContext.refresh(AbstractApplicationContext.java:583)
	at org.springframework.boot.web.servlet.context.ServletWebServerApplicationContext.refresh(ServletWebServerApplicationContext.java:145)
	at org.springframework.boot.SpringApplication.refresh(SpringApplication.java:754)
	at org.springframework.boot.SpringApplication.refreshContext(SpringApplication.java:434)
	at org.springframework.boot.SpringApplication.run(SpringApplication.java:338)
	at org.springframework.boot.SpringApplication.run(SpringApplication.java:1343)
	at org.springframework.boot.SpringApplication.run(SpringApplication.java:1332)
	at com.qmis.Application.main(Application.java:12)
Caused by: liquibase.exception.ChangeLogParseException: Error parsing db/changelog/changelog.yml
	at liquibase.parser.core.yaml.YamlChangeLogParser.parse(YamlChangeLogParser.java:89)
	at liquibase.Liquibase.getDatabaseChangeLog(Liquibase.java:369)
	at liquibase.Liquibase.lambda$update$1(Liquibase.java:224)
	at liquibase.Scope.lambda$child$0(Scope.java:180)
	at liquibase.Scope.child(Scope.java:189)
	at liquibase.Scope.child(Scope.java:179)
	at liquibase.Scope.child(Scope.java:158)
	at liquibase.Liquibase.runInScope(Liquibase.java:2405)
	at liquibase.Liquibase.update(Liquibase.java:211)
	at liquibase.Liquibase.update(Liquibase.java:197)
	at liquibase.integration.spring.SpringLiquibase.performUpdate(SpringLiquibase.java:314)
	at liquibase.integration.spring.SpringLiquibase.afterPropertiesSet(SpringLiquibase.java:269)
	at org.springframework.beans.factory.support.AbstractAutowireCapableBeanFactory.invokeInitMethods(AbstractAutowireCapableBeanFactory.java:1863)
	at org.springframework.beans.factory.support.AbstractAutowireCapableBeanFactory.initializeBean(AbstractAutowireCapableBeanFactory.java:1800)
	... 18 common frames omitted
Caused by: liquibase.exception.SetupException: Syntax error in file db/changelog/04-2022/04-04-changelog.yml: while parsing a block mapping
 in 'reader', line 1, column 1:
    databaseChangeLog:
    ^
expected <block end>, but found '-'
 in 'reader', line 90, column 1:
    - insert:
    ^

	at liquibase.changelog.DatabaseChangeLog.handleChildNode(DatabaseChangeLog.java:371)
	at liquibase.changelog.DatabaseChangeLog.load(DatabaseChangeLog.java:318)
	at liquibase.parser.core.yaml.YamlChangeLogParser.parse(YamlChangeLogParser.java:83)
	... 31 common frames omitted
Caused by: liquibase.exception.ChangeLogParseException: Syntax error in file db/changelog/04-2022/04-04-changelog.yml: while parsing a block mapping
 in 'reader', line 1, column 1:
    databaseChangeLog:
    ^
expected <block end>, but found '-'
 in 'reader', line 90, column 1:
    - insert:
    ^

	at liquibase.parser.core.yaml.YamlChangeLogParser.parseYamlStream(YamlChangeLogParser.java:98)
	at liquibase.parser.core.yaml.YamlChangeLogParser.parse(YamlChangeLogParser.java:30)
	at liquibase.changelog.DatabaseChangeLog.include(DatabaseChangeLog.java:587)
	at liquibase.changelog.DatabaseChangeLog.handleChildNode(DatabaseChangeLog.java:363)
	... 33 common frames omitted
Caused by: org.yaml.snakeyaml.parser.ParserException: while parsing a block mapping
 in 'reader', line 1, column 1:
    databaseChangeLog:
    ^
expected <block end>, but found '-'
 in 'reader', line 90, column 1:
    - insert:
    ^

	at org.yaml.snakeyaml.parser.ParserImpl$ParseBlockMappingKey.produce(ParserImpl.java:644)
	at org.yaml.snakeyaml.parser.ParserImpl.peekEvent(ParserImpl.java:166)
	at org.yaml.snakeyaml.comments.CommentEventsCollector$1.peek(CommentEventsCollector.java:59)
	at org.yaml.snakeyaml.comments.CommentEventsCollector$1.peek(CommentEventsCollector.java:45)
	at org.yaml.snakeyaml.comments.CommentEventsCollector.collectEvents(CommentEventsCollector.java:140)
	at org.yaml.snakeyaml.comments.CommentEventsCollector.collectEvents(CommentEventsCollector.java:119)
	at org.yaml.snakeyaml.composer.Composer.composeSequenceNode(Composer.java:252)
	at org.yaml.snakeyaml.composer.Composer.composeNode(Composer.java:186)
	at org.yaml.snakeyaml.composer.Composer.composeValueNode(Composer.java:314)
	at org.yaml.snakeyaml.composer.Composer.composeMappingChildren(Composer.java:305)
	at org.yaml.snakeyaml.composer.Composer.composeMappingNode(Composer.java:286)
	at org.yaml.snakeyaml.composer.Composer.composeNode(Composer.java:188)
	at org.yaml.snakeyaml.composer.Composer.getNode(Composer.java:115)
	at org.yaml.snakeyaml.composer.Composer.getSingleNode(Composer.java:142)
	at org.yaml.snakeyaml.constructor.BaseConstructor.getSingleData(BaseConstructor.java:151)
	at org.yaml.snakeyaml.Yaml.loadFromReader(Yaml.java:491)
	at org.yaml.snakeyaml.Yaml.load(Yaml.java:429)
	at liquibase.parser.core.yaml.YamlChangeLogParser.parseYamlStream(YamlChangeLogParser.java:96)
	... 36 common frames omitted
2022-04-05 13:21:47.512 [main] INFO  com.qmis.Application : Starting Application using Java 17.0.2 on QMIS with PID 11432 (K:\Project\HandbookDD\handbook\target\classes started by Kron Costa in K:\Project\HandbookDD) 
2022-04-05 13:21:47.514 [main] INFO  com.qmis.Application : No active profile set, falling back to default profiles: default 
2022-04-05 13:21:48.179 [main] INFO  o.s.d.r.c.RepositoryConfigurationDelegate : Bootstrapping Spring Data JPA repositories in DEFAULT mode. 
2022-04-05 13:21:48.188 [main] INFO  o.s.d.r.c.RepositoryConfigurationDelegate : Finished Spring Data com.qmis.repository scanning in 3 ms. Found 0 JPA com.qmis.repository interfaces.
2022-04-05 13:21:48.287 [main] INFO  o.s.c.context.scope.GenericScope : BeanFactory id=db919f8b-8a6a-3afc-ae56-c5f59c977aa2 
2022-04-05 13:21:48.487 [main] INFO  o.s.b.w.e.tomcat.TomcatWebServer : Tomcat initialized with port(s): 8080 (http) 
2022-04-05 13:21:48.492 [main] INFO  o.a.catalina.core.StandardService : Starting service [Tomcat] 
2022-04-05 13:21:48.492 [main] INFO  o.a.catalina.core.StandardEngine : Starting Servlet engine: [Apache Tomcat/9.0.54] 
2022-04-05 13:21:48.544 [main] INFO  o.a.c.c.C.[Tomcat].[localhost].[/] : Initializing Spring embedded WebApplicationContext 
2022-04-05 13:21:48.544 [main] INFO  o.s.b.w.s.c.ServletWebServerApplicationContext : Root WebApplicationContext: initialization completed in 1001 ms 
2022-04-05 13:21:48.674 [main] INFO  com.zaxxer.hikari.HikariDataSource : HikariPool-1 - Starting... 
2022-04-05 13:21:48.774 [main] INFO  com.zaxxer.hikari.HikariDataSource : HikariPool-1 - Start completed. 
2022-04-05 13:21:48.856 [main] INFO  liquibase.database : Set default schema name to public 
2022-04-05 13:21:48.903 [main] INFO  liquibase.lockservice : Successfully acquired change log lock 
2022-04-05 13:21:49.142 [main] INFO  liquibase.changelog : Reading from public.databasechangelog 
2022-04-05 13:21:49.166 [main] INFO  liquibase.lockservice : Successfully released change log lock 
2022-04-05 13:21:49.169 [main] WARN  o.s.b.w.s.c.AnnotationConfigServletWebServerApplicationContext : Exception encountered during context initialization - cancelling refresh attempt: org.springframework.beans.factory.BeanCreationException: Error creating bean with name 'liquibase' defined in class path resource [org/springframework/boot/autoconfigure/liquibase/LiquibaseAutoConfiguration$LiquibaseConfiguration.class]: Invocation of init method failed; nested exception is liquibase.exception.ValidationFailedException: Validation Failed:
     2 change sets check sum
          db/changelog/03-2022/30-03-changelog.xml::30032022::QMIS was: 8:761626d9b3a9d387dc6e218c69da904d but is now: 8:a8b3477987c3cee6d4d73b11ac207e1c
          db/changelog/04-2022/04-04-changelog.yml::20220404::QMIS was: 8:babc5b8bd47453750765b8734720a4f0 but is now: 8:5605f1ca0e7ec73521260a32d3b3d46a
 
2022-04-05 13:21:49.169 [main] INFO  com.zaxxer.hikari.HikariDataSource : HikariPool-1 - Shutdown initiated... 
2022-04-05 13:21:49.171 [main] INFO  com.zaxxer.hikari.HikariDataSource : HikariPool-1 - Shutdown completed. 
2022-04-05 13:21:49.174 [main] INFO  o.a.catalina.core.StandardService : Stopping service [Tomcat] 
2022-04-05 13:21:49.182 [main] INFO  o.s.b.a.l.ConditionEvaluationReportLoggingListener : 

Error starting ApplicationContext. To display the conditions report re-run your application with 'debug' enabled. 
2022-04-05 13:21:49.194 [main] ERROR o.s.boot.SpringApplication : Application run failed 
org.springframework.beans.factory.BeanCreationException: Error creating bean with name 'liquibase' defined in class path resource [org/springframework/boot/autoconfigure/liquibase/LiquibaseAutoConfiguration$LiquibaseConfiguration.class]: Invocation of init method failed; nested exception is liquibase.exception.ValidationFailedException: Validation Failed:
     2 change sets check sum
          db/changelog/03-2022/30-03-changelog.xml::30032022::QMIS was: 8:761626d9b3a9d387dc6e218c69da904d but is now: 8:a8b3477987c3cee6d4d73b11ac207e1c
          db/changelog/04-2022/04-04-changelog.yml::20220404::QMIS was: 8:babc5b8bd47453750765b8734720a4f0 but is now: 8:5605f1ca0e7ec73521260a32d3b3d46a

	at org.springframework.beans.factory.support.AbstractAutowireCapableBeanFactory.initializeBean(AbstractAutowireCapableBeanFactory.java:1804)
	at org.springframework.beans.factory.support.AbstractAutowireCapableBeanFactory.doCreateBean(AbstractAutowireCapableBeanFactory.java:620)
	at org.springframework.beans.factory.support.AbstractAutowireCapableBeanFactory.createBean(AbstractAutowireCapableBeanFactory.java:542)
	at org.springframework.beans.factory.support.AbstractBeanFactory.lambda$doGetBean$0(AbstractBeanFactory.java:335)
	at org.springframework.beans.factory.support.DefaultSingletonBeanRegistry.getSingleton(DefaultSingletonBeanRegistry.java:234)
	at org.springframework.beans.factory.support.AbstractBeanFactory.doGetBean(AbstractBeanFactory.java:333)
	at org.springframework.beans.factory.support.AbstractBeanFactory.getBean(AbstractBeanFactory.java:208)
	at org.springframework.beans.factory.support.AbstractBeanFactory.doGetBean(AbstractBeanFactory.java:322)
	at org.springframework.beans.factory.support.AbstractBeanFactory.getBean(AbstractBeanFactory.java:208)
	at org.springframework.context.support.AbstractApplicationContext.getBean(AbstractApplicationContext.java:1154)
	at org.springframework.context.support.AbstractApplicationContext.finishBeanFactoryInitialization(AbstractApplicationContext.java:908)
	at org.springframework.context.support.AbstractApplicationContext.refresh(AbstractApplicationContext.java:583)
	at org.springframework.boot.web.servlet.context.ServletWebServerApplicationContext.refresh(ServletWebServerApplicationContext.java:145)
	at org.springframework.boot.SpringApplication.refresh(SpringApplication.java:754)
	at org.springframework.boot.SpringApplication.refreshContext(SpringApplication.java:434)
	at org.springframework.boot.SpringApplication.run(SpringApplication.java:338)
	at org.springframework.boot.SpringApplication.run(SpringApplication.java:1343)
	at org.springframework.boot.SpringApplication.run(SpringApplication.java:1332)
	at com.qmis.Application.main(Application.java:12)
Caused by: liquibase.exception.ValidationFailedException: Validation Failed:
     2 change sets check sum
          db/changelog/03-2022/30-03-changelog.xml::30032022::QMIS was: 8:761626d9b3a9d387dc6e218c69da904d but is now: 8:a8b3477987c3cee6d4d73b11ac207e1c
          db/changelog/04-2022/04-04-changelog.yml::20220404::QMIS was: 8:babc5b8bd47453750765b8734720a4f0 but is now: 8:5605f1ca0e7ec73521260a32d3b3d46a

	at liquibase.changelog.DatabaseChangeLog.validate(DatabaseChangeLog.java:296)
	at liquibase.Liquibase.lambda$update$1(Liquibase.java:231)
	at liquibase.Scope.lambda$child$0(Scope.java:180)
	at liquibase.Scope.child(Scope.java:189)
	at liquibase.Scope.child(Scope.java:179)
	at liquibase.Scope.child(Scope.java:158)
	at liquibase.Liquibase.runInScope(Liquibase.java:2405)
	at liquibase.Liquibase.update(Liquibase.java:211)
	at liquibase.Liquibase.update(Liquibase.java:197)
	at liquibase.integration.spring.SpringLiquibase.performUpdate(SpringLiquibase.java:314)
	at liquibase.integration.spring.SpringLiquibase.afterPropertiesSet(SpringLiquibase.java:269)
	at org.springframework.beans.factory.support.AbstractAutowireCapableBeanFactory.invokeInitMethods(AbstractAutowireCapableBeanFactory.java:1863)
	at org.springframework.beans.factory.support.AbstractAutowireCapableBeanFactory.initializeBean(AbstractAutowireCapableBeanFactory.java:1800)
	... 18 common frames omitted
2022-04-05 13:25:44.564 [main] INFO  com.qmis.Application : Starting Application using Java 17.0.2 on QMIS with PID 32300 (K:\Project\HandbookDD\handbook\target\classes started by Kron Costa in K:\Project\HandbookDD) 
2022-04-05 13:25:44.566 [main] INFO  com.qmis.Application : No active profile set, falling back to default profiles: default 
2022-04-05 13:25:45.050 [main] INFO  o.s.d.r.c.RepositoryConfigurationDelegate : Bootstrapping Spring Data JPA repositories in DEFAULT mode. 
2022-04-05 13:25:45.059 [main] INFO  o.s.d.r.c.RepositoryConfigurationDelegate : Finished Spring Data com.qmis.repository scanning in 3 ms. Found 0 JPA com.qmis.repository interfaces.
2022-04-05 13:25:45.154 [main] INFO  o.s.c.context.scope.GenericScope : BeanFactory id=db919f8b-8a6a-3afc-ae56-c5f59c977aa2 
2022-04-05 13:25:45.349 [main] INFO  o.s.b.w.e.tomcat.TomcatWebServer : Tomcat initialized with port(s): 8080 (http) 
2022-04-05 13:25:45.355 [main] INFO  o.a.catalina.core.StandardService : Starting service [Tomcat] 
2022-04-05 13:25:45.355 [main] INFO  o.a.catalina.core.StandardEngine : Starting Servlet engine: [Apache Tomcat/9.0.54] 
2022-04-05 13:25:45.409 [main] INFO  o.a.c.c.C.[Tomcat].[localhost].[/] : Initializing Spring embedded WebApplicationContext 
2022-04-05 13:25:45.409 [main] INFO  o.s.b.w.s.c.ServletWebServerApplicationContext : Root WebApplicationContext: initialization completed in 814 ms 
2022-04-05 13:25:45.538 [main] INFO  com.zaxxer.hikari.HikariDataSource : HikariPool-1 - Starting... 
2022-04-05 13:25:45.649 [main] INFO  com.zaxxer.hikari.HikariDataSource : HikariPool-1 - Start completed. 
2022-04-05 13:25:45.739 [main] INFO  liquibase.database : Set default schema name to public 
2022-04-05 13:25:45.793 [main] INFO  liquibase.lockservice : Successfully acquired change log lock 
2022-04-05 13:25:46.028 [main] INFO  liquibase.changelog : Reading from public.databasechangelog 
2022-04-05 13:25:46.060 [main] INFO  liquibase.lockservice : Successfully released change log lock 
2022-04-05 13:25:46.063 [main] WARN  o.s.b.w.s.c.AnnotationConfigServletWebServerApplicationContext : Exception encountered during context initialization - cancelling refresh attempt: org.springframework.beans.factory.BeanCreationException: Error creating bean with name 'liquibase' defined in class path resource [org/springframework/boot/autoconfigure/liquibase/LiquibaseAutoConfiguration$LiquibaseConfiguration.class]: Invocation of init method failed; nested exception is liquibase.exception.ValidationFailedException: Validation Failed:
     1 change sets check sum
          db/changelog/04-2022/04-04-changelog.yml::20220404::QMIS was: 8:babc5b8bd47453750765b8734720a4f0 but is now: 8:5605f1ca0e7ec73521260a32d3b3d46a
 
2022-04-05 13:25:46.063 [main] INFO  com.zaxxer.hikari.HikariDataSource : HikariPool-1 - Shutdown initiated... 
2022-04-05 13:25:46.089 [main] INFO  com.zaxxer.hikari.HikariDataSource : HikariPool-1 - Shutdown completed. 
2022-04-05 13:25:46.091 [main] INFO  o.a.catalina.core.StandardService : Stopping service [Tomcat] 
2022-04-05 13:25:46.097 [main] INFO  o.s.b.a.l.ConditionEvaluationReportLoggingListener : 

Error starting ApplicationContext. To display the conditions report re-run your application with 'debug' enabled. 
2022-04-05 13:25:46.110 [main] ERROR o.s.boot.SpringApplication : Application run failed 
org.springframework.beans.factory.BeanCreationException: Error creating bean with name 'liquibase' defined in class path resource [org/springframework/boot/autoconfigure/liquibase/LiquibaseAutoConfiguration$LiquibaseConfiguration.class]: Invocation of init method failed; nested exception is liquibase.exception.ValidationFailedException: Validation Failed:
     1 change sets check sum
          db/changelog/04-2022/04-04-changelog.yml::20220404::QMIS was: 8:babc5b8bd47453750765b8734720a4f0 but is now: 8:5605f1ca0e7ec73521260a32d3b3d46a

	at org.springframework.beans.factory.support.AbstractAutowireCapableBeanFactory.initializeBean(AbstractAutowireCapableBeanFactory.java:1804)
	at org.springframework.beans.factory.support.AbstractAutowireCapableBeanFactory.doCreateBean(AbstractAutowireCapableBeanFactory.java:620)
	at org.springframework.beans.factory.support.AbstractAutowireCapableBeanFactory.createBean(AbstractAutowireCapableBeanFactory.java:542)
	at org.springframework.beans.factory.support.AbstractBeanFactory.lambda$doGetBean$0(AbstractBeanFactory.java:335)
	at org.springframework.beans.factory.support.DefaultSingletonBeanRegistry.getSingleton(DefaultSingletonBeanRegistry.java:234)
	at org.springframework.beans.factory.support.AbstractBeanFactory.doGetBean(AbstractBeanFactory.java:333)
	at org.springframework.beans.factory.support.AbstractBeanFactory.getBean(AbstractBeanFactory.java:208)
	at org.springframework.beans.factory.support.AbstractBeanFactory.doGetBean(AbstractBeanFactory.java:322)
	at org.springframework.beans.factory.support.AbstractBeanFactory.getBean(AbstractBeanFactory.java:208)
	at org.springframework.context.support.AbstractApplicationContext.getBean(AbstractApplicationContext.java:1154)
	at org.springframework.context.support.AbstractApplicationContext.finishBeanFactoryInitialization(AbstractApplicationContext.java:908)
	at org.springframework.context.support.AbstractApplicationContext.refresh(AbstractApplicationContext.java:583)
	at org.springframework.boot.web.servlet.context.ServletWebServerApplicationContext.refresh(ServletWebServerApplicationContext.java:145)
	at org.springframework.boot.SpringApplication.refresh(SpringApplication.java:754)
	at org.springframework.boot.SpringApplication.refreshContext(SpringApplication.java:434)
	at org.springframework.boot.SpringApplication.run(SpringApplication.java:338)
	at org.springframework.boot.SpringApplication.run(SpringApplication.java:1343)
	at org.springframework.boot.SpringApplication.run(SpringApplication.java:1332)
	at com.qmis.Application.main(Application.java:12)
Caused by: liquibase.exception.ValidationFailedException: Validation Failed:
     1 change sets check sum
          db/changelog/04-2022/04-04-changelog.yml::20220404::QMIS was: 8:babc5b8bd47453750765b8734720a4f0 but is now: 8:5605f1ca0e7ec73521260a32d3b3d46a

	at liquibase.changelog.DatabaseChangeLog.validate(DatabaseChangeLog.java:296)
	at liquibase.Liquibase.lambda$update$1(Liquibase.java:231)
	at liquibase.Scope.lambda$child$0(Scope.java:180)
	at liquibase.Scope.child(Scope.java:189)
	at liquibase.Scope.child(Scope.java:179)
	at liquibase.Scope.child(Scope.java:158)
	at liquibase.Liquibase.runInScope(Liquibase.java:2405)
	at liquibase.Liquibase.update(Liquibase.java:211)
	at liquibase.Liquibase.update(Liquibase.java:197)
	at liquibase.integration.spring.SpringLiquibase.performUpdate(SpringLiquibase.java:314)
	at liquibase.integration.spring.SpringLiquibase.afterPropertiesSet(SpringLiquibase.java:269)
	at org.springframework.beans.factory.support.AbstractAutowireCapableBeanFactory.invokeInitMethods(AbstractAutowireCapableBeanFactory.java:1863)
	at org.springframework.beans.factory.support.AbstractAutowireCapableBeanFactory.initializeBean(AbstractAutowireCapableBeanFactory.java:1800)
	... 18 common frames omitted
2022-04-05 13:28:19.771 [main] INFO  com.qmis.Application : Starting Application using Java 17.0.2 on QMIS with PID 28100 (K:\Project\HandbookDD\handbook\target\classes started by Kron Costa in K:\Project\HandbookDD) 
2022-04-05 13:28:19.773 [main] INFO  com.qmis.Application : No active profile set, falling back to default profiles: default 
2022-04-05 13:28:20.304 [main] INFO  o.s.d.r.c.RepositoryConfigurationDelegate : Bootstrapping Spring Data JPA repositories in DEFAULT mode. 
2022-04-05 13:28:20.313 [main] INFO  o.s.d.r.c.RepositoryConfigurationDelegate : Finished Spring Data com.qmis.repository scanning in 4 ms. Found 0 JPA com.qmis.repository interfaces.
2022-04-05 13:28:20.417 [main] INFO  o.s.c.context.scope.GenericScope : BeanFactory id=db919f8b-8a6a-3afc-ae56-c5f59c977aa2 
2022-04-05 13:28:20.624 [main] INFO  o.s.b.w.e.tomcat.TomcatWebServer : Tomcat initialized with port(s): 8080 (http) 
2022-04-05 13:28:20.630 [main] INFO  o.a.catalina.core.StandardService : Starting service [Tomcat] 
2022-04-05 13:28:20.630 [main] INFO  o.a.catalina.core.StandardEngine : Starting Servlet engine: [Apache Tomcat/9.0.54] 
2022-04-05 13:28:20.683 [main] INFO  o.a.c.c.C.[Tomcat].[localhost].[/] : Initializing Spring embedded WebApplicationContext 
2022-04-05 13:28:20.683 [main] INFO  o.s.b.w.s.c.ServletWebServerApplicationContext : Root WebApplicationContext: initialization completed in 880 ms 
2022-04-05 13:28:20.815 [main] INFO  com.zaxxer.hikari.HikariDataSource : HikariPool-1 - Starting... 
2022-04-05 13:28:20.922 [main] INFO  com.zaxxer.hikari.HikariDataSource : HikariPool-1 - Start completed. 
2022-04-05 13:28:21.004 [main] INFO  liquibase.database : Set default schema name to public 
2022-04-05 13:28:21.055 [main] INFO  liquibase.lockservice : Successfully acquired change log lock 
2022-04-05 13:28:21.305 [main] INFO  liquibase.changelog : Reading from public.databasechangelog 
2022-04-05 13:28:21.337 [main] INFO  liquibase.lockservice : Successfully released change log lock 
2022-04-05 13:28:21.339 [main] WARN  o.s.b.w.s.c.AnnotationConfigServletWebServerApplicationContext : Exception encountered during context initialization - cancelling refresh attempt: org.springframework.beans.factory.BeanCreationException: Error creating bean with name 'liquibase' defined in class path resource [org/springframework/boot/autoconfigure/liquibase/LiquibaseAutoConfiguration$LiquibaseConfiguration.class]: Invocation of init method failed; nested exception is liquibase.exception.ValidationFailedException: Validation Failed:
     1 change sets check sum
          db/changelog/04-2022/04-04-changelog.yml::20220404::QMIS was: 8:babc5b8bd47453750765b8734720a4f0 but is now: 8:5605f1ca0e7ec73521260a32d3b3d46a
 
2022-04-05 13:28:21.340 [main] INFO  com.zaxxer.hikari.HikariDataSource : HikariPool-1 - Shutdown initiated... 
2022-04-05 13:28:21.341 [main] INFO  com.zaxxer.hikari.HikariDataSource : HikariPool-1 - Shutdown completed. 
2022-04-05 13:28:21.344 [main] INFO  o.a.catalina.core.StandardService : Stopping service [Tomcat] 
2022-04-05 13:28:21.354 [main] INFO  o.s.b.a.l.ConditionEvaluationReportLoggingListener : 

Error starting ApplicationContext. To display the conditions report re-run your application with 'debug' enabled. 
2022-04-05 13:28:21.369 [main] ERROR o.s.boot.SpringApplication : Application run failed 
org.springframework.beans.factory.BeanCreationException: Error creating bean with name 'liquibase' defined in class path resource [org/springframework/boot/autoconfigure/liquibase/LiquibaseAutoConfiguration$LiquibaseConfiguration.class]: Invocation of init method failed; nested exception is liquibase.exception.ValidationFailedException: Validation Failed:
     1 change sets check sum
          db/changelog/04-2022/04-04-changelog.yml::20220404::QMIS was: 8:babc5b8bd47453750765b8734720a4f0 but is now: 8:5605f1ca0e7ec73521260a32d3b3d46a

	at org.springframework.beans.factory.support.AbstractAutowireCapableBeanFactory.initializeBean(AbstractAutowireCapableBeanFactory.java:1804)
	at org.springframework.beans.factory.support.AbstractAutowireCapableBeanFactory.doCreateBean(AbstractAutowireCapableBeanFactory.java:620)
	at org.springframework.beans.factory.support.AbstractAutowireCapableBeanFactory.createBean(AbstractAutowireCapableBeanFactory.java:542)
	at org.springframework.beans.factory.support.AbstractBeanFactory.lambda$doGetBean$0(AbstractBeanFactory.java:335)
	at org.springframework.beans.factory.support.DefaultSingletonBeanRegistry.getSingleton(DefaultSingletonBeanRegistry.java:234)
	at org.springframework.beans.factory.support.AbstractBeanFactory.doGetBean(AbstractBeanFactory.java:333)
	at org.springframework.beans.factory.support.AbstractBeanFactory.getBean(AbstractBeanFactory.java:208)
	at org.springframework.beans.factory.support.AbstractBeanFactory.doGetBean(AbstractBeanFactory.java:322)
	at org.springframework.beans.factory.support.AbstractBeanFactory.getBean(AbstractBeanFactory.java:208)
	at org.springframework.context.support.AbstractApplicationContext.getBean(AbstractApplicationContext.java:1154)
	at org.springframework.context.support.AbstractApplicationContext.finishBeanFactoryInitialization(AbstractApplicationContext.java:908)
	at org.springframework.context.support.AbstractApplicationContext.refresh(AbstractApplicationContext.java:583)
	at org.springframework.boot.web.servlet.context.ServletWebServerApplicationContext.refresh(ServletWebServerApplicationContext.java:145)
	at org.springframework.boot.SpringApplication.refresh(SpringApplication.java:754)
	at org.springframework.boot.SpringApplication.refreshContext(SpringApplication.java:434)
	at org.springframework.boot.SpringApplication.run(SpringApplication.java:338)
	at org.springframework.boot.SpringApplication.run(SpringApplication.java:1343)
	at org.springframework.boot.SpringApplication.run(SpringApplication.java:1332)
	at com.qmis.Application.main(Application.java:12)
Caused by: liquibase.exception.ValidationFailedException: Validation Failed:
     1 change sets check sum
          db/changelog/04-2022/04-04-changelog.yml::20220404::QMIS was: 8:babc5b8bd47453750765b8734720a4f0 but is now: 8:5605f1ca0e7ec73521260a32d3b3d46a

	at liquibase.changelog.DatabaseChangeLog.validate(DatabaseChangeLog.java:296)
	at liquibase.Liquibase.lambda$update$1(Liquibase.java:231)
	at liquibase.Scope.lambda$child$0(Scope.java:180)
	at liquibase.Scope.child(Scope.java:189)
	at liquibase.Scope.child(Scope.java:179)
	at liquibase.Scope.child(Scope.java:158)
	at liquibase.Liquibase.runInScope(Liquibase.java:2405)
	at liquibase.Liquibase.update(Liquibase.java:211)
	at liquibase.Liquibase.update(Liquibase.java:197)
	at liquibase.integration.spring.SpringLiquibase.performUpdate(SpringLiquibase.java:314)
	at liquibase.integration.spring.SpringLiquibase.afterPropertiesSet(SpringLiquibase.java:269)
	at org.springframework.beans.factory.support.AbstractAutowireCapableBeanFactory.invokeInitMethods(AbstractAutowireCapableBeanFactory.java:1863)
	at org.springframework.beans.factory.support.AbstractAutowireCapableBeanFactory.initializeBean(AbstractAutowireCapableBeanFactory.java:1800)
	... 18 common frames omitted
2022-04-05 13:29:45.752 [main] INFO  com.qmis.Application : Starting Application using Java 17.0.2 on QMIS with PID 30112 (K:\Project\HandbookDD\handbook\target\classes started by Kron Costa in K:\Project\HandbookDD) 
2022-04-05 13:29:45.754 [main] INFO  com.qmis.Application : No active profile set, falling back to default profiles: default 
2022-04-05 13:29:46.249 [main] INFO  o.s.d.r.c.RepositoryConfigurationDelegate : Bootstrapping Spring Data JPA repositories in DEFAULT mode. 
2022-04-05 13:29:46.257 [main] INFO  o.s.d.r.c.RepositoryConfigurationDelegate : Finished Spring Data com.qmis.repository scanning in 3 ms. Found 0 JPA com.qmis.repository interfaces.
2022-04-05 13:29:46.351 [main] INFO  o.s.c.context.scope.GenericScope : BeanFactory id=db919f8b-8a6a-3afc-ae56-c5f59c977aa2 
2022-04-05 13:29:46.545 [main] INFO  o.s.b.w.e.tomcat.TomcatWebServer : Tomcat initialized with port(s): 8080 (http) 
2022-04-05 13:29:46.551 [main] INFO  o.a.catalina.core.StandardService : Starting service [Tomcat] 
2022-04-05 13:29:46.551 [main] INFO  o.a.catalina.core.StandardEngine : Starting Servlet engine: [Apache Tomcat/9.0.54] 
2022-04-05 13:29:46.602 [main] INFO  o.a.c.c.C.[Tomcat].[localhost].[/] : Initializing Spring embedded WebApplicationContext 
2022-04-05 13:29:46.603 [main] INFO  o.s.b.w.s.c.ServletWebServerApplicationContext : Root WebApplicationContext: initialization completed in 820 ms 
2022-04-05 13:29:46.732 [main] INFO  com.zaxxer.hikari.HikariDataSource : HikariPool-1 - Starting... 
2022-04-05 13:29:46.834 [main] INFO  com.zaxxer.hikari.HikariDataSource : HikariPool-1 - Start completed. 
2022-04-05 13:29:46.917 [main] INFO  liquibase.database : Set default schema name to public 
2022-04-05 13:29:46.977 [main] INFO  liquibase.lockservice : Successfully acquired change log lock 
2022-04-05 13:29:47.183 [main] INFO  liquibase.changelog : Creating database history table with name: public.databasechangelog 
2022-04-05 13:29:47.188 [main] INFO  liquibase.changelog : Reading from public.databasechangelog 
2022-04-05 13:29:47.244 [main] INFO  liquibase.changelog : Table employee created 
2022-04-05 13:29:47.249 [main] INFO  liquibase.changelog : Table department created 
2022-04-05 13:29:47.250 [main] INFO  liquibase.changelog : ChangeSet db/changelog/03-2022/30-03-changelog.xml::30032022::QMIS ran successfully in 12ms 
2022-04-05 13:29:47.255 [main] INFO  liquibase.changelog : New row inserted into employee 
2022-04-05 13:29:47.256 [main] INFO  liquibase.changelog : New row inserted into employee 
2022-04-05 13:29:47.257 [main] INFO  liquibase.changelog : New row inserted into employee 
2022-04-05 13:29:47.258 [main] INFO  liquibase.changelog : New row inserted into employee 
2022-04-05 13:29:47.261 [main] INFO  liquibase.lockservice : Successfully released change log lock 
2022-04-05 13:29:47.263 [main] WARN  o.s.b.w.s.c.AnnotationConfigServletWebServerApplicationContext : Exception encountered during context initialization - cancelling refresh attempt: org.springframework.beans.factory.BeanCreationException: Error creating bean with name 'liquibase' defined in class path resource [org/springframework/boot/autoconfigure/liquibase/LiquibaseAutoConfiguration$LiquibaseConfiguration.class]: Invocation of init method failed; nested exception is liquibase.exception.LiquibaseException: liquibase.exception.MigrationFailedException: Migration failed for change set db/changelog/04-2022/04-04-changelog.yml::20220404::QMIS:
     Reason: liquibase.exception.DatabaseException: :  "public.position_directory"  
  : 13 [Failed SQL: (0) INSERT INTO public.position_directory (rank, position) VALUES (NULL, ' ')] 
2022-04-05 13:29:47.264 [main] INFO  com.zaxxer.hikari.HikariDataSource : HikariPool-1 - Shutdown initiated... 
2022-04-05 13:29:47.340 [main] INFO  com.zaxxer.hikari.HikariDataSource : HikariPool-1 - Shutdown completed. 
2022-04-05 13:29:47.342 [main] INFO  o.a.catalina.core.StandardService : Stopping service [Tomcat] 
2022-04-05 13:29:47.350 [main] INFO  o.s.b.a.l.ConditionEvaluationReportLoggingListener : 

Error starting ApplicationContext. To display the conditions report re-run your application with 'debug' enabled. 
2022-04-05 13:29:47.363 [main] ERROR o.s.boot.SpringApplication : Application run failed 
org.springframework.beans.factory.BeanCreationException: Error creating bean with name 'liquibase' defined in class path resource [org/springframework/boot/autoconfigure/liquibase/LiquibaseAutoConfiguration$LiquibaseConfiguration.class]: Invocation of init method failed; nested exception is liquibase.exception.LiquibaseException: liquibase.exception.MigrationFailedException: Migration failed for change set db/changelog/04-2022/04-04-changelog.yml::20220404::QMIS:
     Reason: liquibase.exception.DatabaseException: :  "public.position_directory"  
  : 13 [Failed SQL: (0) INSERT INTO public.position_directory (rank, position) VALUES (NULL, ' ')]
	at org.springframework.beans.factory.support.AbstractAutowireCapableBeanFactory.initializeBean(AbstractAutowireCapableBeanFactory.java:1804)
	at org.springframework.beans.factory.support.AbstractAutowireCapableBeanFactory.doCreateBean(AbstractAutowireCapableBeanFactory.java:620)
	at org.springframework.beans.factory.support.AbstractAutowireCapableBeanFactory.createBean(AbstractAutowireCapableBeanFactory.java:542)
	at org.springframework.beans.factory.support.AbstractBeanFactory.lambda$doGetBean$0(AbstractBeanFactory.java:335)
	at org.springframework.beans.factory.support.DefaultSingletonBeanRegistry.getSingleton(DefaultSingletonBeanRegistry.java:234)
	at org.springframework.beans.factory.support.AbstractBeanFactory.doGetBean(AbstractBeanFactory.java:333)
	at org.springframework.beans.factory.support.AbstractBeanFactory.getBean(AbstractBeanFactory.java:208)
	at org.springframework.beans.factory.support.AbstractBeanFactory.doGetBean(AbstractBeanFactory.java:322)
	at org.springframework.beans.factory.support.AbstractBeanFactory.getBean(AbstractBeanFactory.java:208)
	at org.springframework.context.support.AbstractApplicationContext.getBean(AbstractApplicationContext.java:1154)
	at org.springframework.context.support.AbstractApplicationContext.finishBeanFactoryInitialization(AbstractApplicationContext.java:908)
	at org.springframework.context.support.AbstractApplicationContext.refresh(AbstractApplicationContext.java:583)
	at org.springframework.boot.web.servlet.context.ServletWebServerApplicationContext.refresh(ServletWebServerApplicationContext.java:145)
	at org.springframework.boot.SpringApplication.refresh(SpringApplication.java:754)
	at org.springframework.boot.SpringApplication.refreshContext(SpringApplication.java:434)
	at org.springframework.boot.SpringApplication.run(SpringApplication.java:338)
	at org.springframework.boot.SpringApplication.run(SpringApplication.java:1343)
	at org.springframework.boot.SpringApplication.run(SpringApplication.java:1332)
	at com.qmis.Application.main(Application.java:12)
Caused by: liquibase.exception.LiquibaseException: liquibase.exception.MigrationFailedException: Migration failed for change set db/changelog/04-2022/04-04-changelog.yml::20220404::QMIS:
     Reason: liquibase.exception.DatabaseException: :  "public.position_directory"  
  : 13 [Failed SQL: (0) INSERT INTO public.position_directory (rank, position) VALUES (NULL, ' ')]
	at liquibase.changelog.ChangeLogIterator.run(ChangeLogIterator.java:126)
	at liquibase.Liquibase.lambda$null$0(Liquibase.java:265)
	at liquibase.Scope.lambda$child$0(Scope.java:180)
	at liquibase.Scope.child(Scope.java:189)
	at liquibase.Scope.child(Scope.java:179)
	at liquibase.Scope.child(Scope.java:158)
	at liquibase.Scope.child(Scope.java:243)
	at liquibase.Liquibase.lambda$update$1(Liquibase.java:264)
	at liquibase.Scope.lambda$child$0(Scope.java:180)
	at liquibase.Scope.child(Scope.java:189)
	at liquibase.Scope.child(Scope.java:179)
	at liquibase.Scope.child(Scope.java:158)
	at liquibase.Liquibase.runInScope(Liquibase.java:2405)
	at liquibase.Liquibase.update(Liquibase.java:211)
	at liquibase.Liquibase.update(Liquibase.java:197)
	at liquibase.integration.spring.SpringLiquibase.performUpdate(SpringLiquibase.java:314)
	at liquibase.integration.spring.SpringLiquibase.afterPropertiesSet(SpringLiquibase.java:269)
	at org.springframework.beans.factory.support.AbstractAutowireCapableBeanFactory.invokeInitMethods(AbstractAutowireCapableBeanFactory.java:1863)
	at org.springframework.beans.factory.support.AbstractAutowireCapableBeanFactory.initializeBean(AbstractAutowireCapableBeanFactory.java:1800)
	... 18 common frames omitted
Caused by: liquibase.exception.MigrationFailedException: Migration failed for change set db/changelog/04-2022/04-04-changelog.yml::20220404::QMIS:
     Reason: liquibase.exception.DatabaseException: :  "public.position_directory"  
  : 13 [Failed SQL: (0) INSERT INTO public.position_directory (rank, position) VALUES (NULL, ' ')]
	at liquibase.changelog.ChangeSet.execute(ChangeSet.java:696)
	at liquibase.changelog.visitor.UpdateVisitor.visit(UpdateVisitor.java:56)
	at liquibase.changelog.ChangeLogIterator$2.lambda$null$0(ChangeLogIterator.java:113)
	at liquibase.Scope.lambda$child$0(Scope.java:180)
	at liquibase.Scope.child(Scope.java:189)
	at liquibase.Scope.child(Scope.java:179)
	at liquibase.Scope.child(Scope.java:158)
	at liquibase.changelog.ChangeLogIterator$2.lambda$run$1(ChangeLogIterator.java:112)
	at liquibase.Scope.lambda$child$0(Scope.java:180)
	at liquibase.Scope.child(Scope.java:189)
	at liquibase.Scope.child(Scope.java:179)
	at liquibase.Scope.child(Scope.java:158)
	at liquibase.Scope.child(Scope.java:243)
	at liquibase.changelog.ChangeLogIterator$2.run(ChangeLogIterator.java:93)
	at liquibase.Scope.lambda$child$0(Scope.java:180)
	at liquibase.Scope.child(Scope.java:189)
	at liquibase.Scope.child(Scope.java:179)
	at liquibase.Scope.child(Scope.java:158)
	at liquibase.Scope.child(Scope.java:243)
	at liquibase.Scope.child(Scope.java:247)
	at liquibase.changelog.ChangeLogIterator.run(ChangeLogIterator.java:65)
	... 36 common frames omitted
Caused by: liquibase.exception.DatabaseException: :  "public.position_directory"  
  : 13 [Failed SQL: (0) INSERT INTO public.position_directory (rank, position) VALUES (NULL, ' ')]
	at liquibase.executor.jvm.JdbcExecutor$ExecuteStatementCallback.doInStatement(JdbcExecutor.java:397)
	at liquibase.executor.jvm.JdbcExecutor.execute(JdbcExecutor.java:83)
	at liquibase.executor.jvm.JdbcExecutor.execute(JdbcExecutor.java:151)
	at liquibase.database.AbstractJdbcDatabase.execute(AbstractJdbcDatabase.java:1279)
	at liquibase.database.AbstractJdbcDatabase.executeStatements(AbstractJdbcDatabase.java:1261)
	at liquibase.changelog.ChangeSet.execute(ChangeSet.java:661)
	... 56 common frames omitted
Caused by: org.postgresql.util.PSQLException: :  "public.position_directory"  
  : 13
	at org.postgresql.core.v3.QueryExecutorImpl.receiveErrorResponse(QueryExecutorImpl.java:2675)
	at org.postgresql.core.v3.QueryExecutorImpl.processResults(QueryExecutorImpl.java:2365)
	at org.postgresql.core.v3.QueryExecutorImpl.execute(QueryExecutorImpl.java:355)
	at org.postgresql.jdbc.PgStatement.executeInternal(PgStatement.java:490)
	at org.postgresql.jdbc.PgStatement.execute(PgStatement.java:408)
	at org.postgresql.jdbc.PgStatement.executeWithFlags(PgStatement.java:329)
	at org.postgresql.jdbc.PgStatement.executeCachedSql(PgStatement.java:315)
	at org.postgresql.jdbc.PgStatement.executeWithFlags(PgStatement.java:291)
	at org.postgresql.jdbc.PgStatement.execute(PgStatement.java:286)
	at com.zaxxer.hikari.pool.ProxyStatement.execute(ProxyStatement.java:94)
	at com.zaxxer.hikari.pool.HikariProxyStatement.execute(HikariProxyStatement.java)
	at liquibase.executor.jvm.JdbcExecutor$ExecuteStatementCallback.doInStatement(JdbcExecutor.java:393)
	... 61 common frames omitted
2022-04-05 13:31:16.925 [main] INFO  com.qmis.Application : Starting Application using Java 17.0.2 on QMIS with PID 15216 (K:\Project\HandbookDD\handbook\target\classes started by Kron Costa in K:\Project\HandbookDD) 
2022-04-05 13:31:16.927 [main] INFO  com.qmis.Application : No active profile set, falling back to default profiles: default 
2022-04-05 13:31:17.414 [main] INFO  o.s.d.r.c.RepositoryConfigurationDelegate : Bootstrapping Spring Data JPA repositories in DEFAULT mode. 
2022-04-05 13:31:17.422 [main] INFO  o.s.d.r.c.RepositoryConfigurationDelegate : Finished Spring Data com.qmis.repository scanning in 3 ms. Found 0 JPA com.qmis.repository interfaces.
2022-04-05 13:31:17.520 [main] INFO  o.s.c.context.scope.GenericScope : BeanFactory id=db919f8b-8a6a-3afc-ae56-c5f59c977aa2 
2022-04-05 13:31:17.719 [main] INFO  o.s.b.w.e.tomcat.TomcatWebServer : Tomcat initialized with port(s): 8080 (http) 
2022-04-05 13:31:17.725 [main] INFO  o.a.catalina.core.StandardService : Starting service [Tomcat] 
2022-04-05 13:31:17.725 [main] INFO  o.a.catalina.core.StandardEngine : Starting Servlet engine: [Apache Tomcat/9.0.54] 
2022-04-05 13:31:17.780 [main] INFO  o.a.c.c.C.[Tomcat].[localhost].[/] : Initializing Spring embedded WebApplicationContext 
2022-04-05 13:31:17.780 [main] INFO  o.s.b.w.s.c.ServletWebServerApplicationContext : Root WebApplicationContext: initialization completed in 822 ms 
2022-04-05 13:31:17.904 [main] INFO  com.zaxxer.hikari.HikariDataSource : HikariPool-1 - Starting... 
2022-04-05 13:31:18.006 [main] INFO  com.zaxxer.hikari.HikariDataSource : HikariPool-1 - Start completed. 
2022-04-05 13:31:18.089 [main] INFO  liquibase.database : Set default schema name to public 
2022-04-05 13:31:18.135 [main] INFO  liquibase.lockservice : Successfully acquired change log lock 
2022-04-05 13:31:18.399 [main] INFO  liquibase.changelog : Reading from public.databasechangelog 
2022-04-05 13:31:18.455 [main] INFO  liquibase.changelog : New row inserted into employee 
2022-04-05 13:31:18.457 [main] INFO  liquibase.changelog : New row inserted into employee 
2022-04-05 13:31:18.458 [main] INFO  liquibase.changelog : New row inserted into employee 
2022-04-05 13:31:18.459 [main] INFO  liquibase.changelog : New row inserted into employee 
2022-04-05 13:31:18.466 [main] INFO  liquibase.lockservice : Successfully released change log lock 
2022-04-05 13:31:18.468 [main] WARN  o.s.b.w.s.c.AnnotationConfigServletWebServerApplicationContext : Exception encountered during context initialization - cancelling refresh attempt: org.springframework.beans.factory.BeanCreationException: Error creating bean with name 'liquibase' defined in class path resource [org/springframework/boot/autoconfigure/liquibase/LiquibaseAutoConfiguration$LiquibaseConfiguration.class]: Invocation of init method failed; nested exception is liquibase.exception.LiquibaseException: liquibase.exception.MigrationFailedException: Migration failed for change set db/changelog/04-2022/04-04-changelog.yml::20220404::QMIS:
     Reason: liquibase.exception.DatabaseException: :  "public.position_directory"  
  : 13 [Failed SQL: (0) INSERT INTO public.position_directory (rank, position) VALUES (NULL, ' ')] 
2022-04-05 13:31:18.468 [main] INFO  com.zaxxer.hikari.HikariDataSource : HikariPool-1 - Shutdown initiated... 
2022-04-05 13:31:18.486 [main] INFO  com.zaxxer.hikari.HikariDataSource : HikariPool-1 - Shutdown completed. 
2022-04-05 13:31:18.488 [main] INFO  o.a.catalina.core.StandardService : Stopping service [Tomcat] 
2022-04-05 13:31:18.496 [main] INFO  o.s.b.a.l.ConditionEvaluationReportLoggingListener : 

Error starting ApplicationContext. To display the conditions report re-run your application with 'debug' enabled. 
2022-04-05 13:31:18.509 [main] ERROR o.s.boot.SpringApplication : Application run failed 
org.springframework.beans.factory.BeanCreationException: Error creating bean with name 'liquibase' defined in class path resource [org/springframework/boot/autoconfigure/liquibase/LiquibaseAutoConfiguration$LiquibaseConfiguration.class]: Invocation of init method failed; nested exception is liquibase.exception.LiquibaseException: liquibase.exception.MigrationFailedException: Migration failed for change set db/changelog/04-2022/04-04-changelog.yml::20220404::QMIS:
     Reason: liquibase.exception.DatabaseException: :  "public.position_directory"  
  : 13 [Failed SQL: (0) INSERT INTO public.position_directory (rank, position) VALUES (NULL, ' ')]
	at org.springframework.beans.factory.support.AbstractAutowireCapableBeanFactory.initializeBean(AbstractAutowireCapableBeanFactory.java:1804)
	at org.springframework.beans.factory.support.AbstractAutowireCapableBeanFactory.doCreateBean(AbstractAutowireCapableBeanFactory.java:620)
	at org.springframework.beans.factory.support.AbstractAutowireCapableBeanFactory.createBean(AbstractAutowireCapableBeanFactory.java:542)
	at org.springframework.beans.factory.support.AbstractBeanFactory.lambda$doGetBean$0(AbstractBeanFactory.java:335)
	at org.springframework.beans.factory.support.DefaultSingletonBeanRegistry.getSingleton(DefaultSingletonBeanRegistry.java:234)
	at org.springframework.beans.factory.support.AbstractBeanFactory.doGetBean(AbstractBeanFactory.java:333)
	at org.springframework.beans.factory.support.AbstractBeanFactory.getBean(AbstractBeanFactory.java:208)
	at org.springframework.beans.factory.support.AbstractBeanFactory.doGetBean(AbstractBeanFactory.java:322)
	at org.springframework.beans.factory.support.AbstractBeanFactory.getBean(AbstractBeanFactory.java:208)
	at org.springframework.context.support.AbstractApplicationContext.getBean(AbstractApplicationContext.java:1154)
	at org.springframework.context.support.AbstractApplicationContext.finishBeanFactoryInitialization(AbstractApplicationContext.java:908)
	at org.springframework.context.support.AbstractApplicationContext.refresh(AbstractApplicationContext.java:583)
	at org.springframework.boot.web.servlet.context.ServletWebServerApplicationContext.refresh(ServletWebServerApplicationContext.java:145)
	at org.springframework.boot.SpringApplication.refresh(SpringApplication.java:754)
	at org.springframework.boot.SpringApplication.refreshContext(SpringApplication.java:434)
	at org.springframework.boot.SpringApplication.run(SpringApplication.java:338)
	at org.springframework.boot.SpringApplication.run(SpringApplication.java:1343)
	at org.springframework.boot.SpringApplication.run(SpringApplication.java:1332)
	at com.qmis.Application.main(Application.java:12)
Caused by: liquibase.exception.LiquibaseException: liquibase.exception.MigrationFailedException: Migration failed for change set db/changelog/04-2022/04-04-changelog.yml::20220404::QMIS:
     Reason: liquibase.exception.DatabaseException: :  "public.position_directory"  
  : 13 [Failed SQL: (0) INSERT INTO public.position_directory (rank, position) VALUES (NULL, ' ')]
	at liquibase.changelog.ChangeLogIterator.run(ChangeLogIterator.java:126)
	at liquibase.Liquibase.lambda$null$0(Liquibase.java:265)
	at liquibase.Scope.lambda$child$0(Scope.java:180)
	at liquibase.Scope.child(Scope.java:189)
	at liquibase.Scope.child(Scope.java:179)
	at liquibase.Scope.child(Scope.java:158)
	at liquibase.Scope.child(Scope.java:243)
	at liquibase.Liquibase.lambda$update$1(Liquibase.java:264)
	at liquibase.Scope.lambda$child$0(Scope.java:180)
	at liquibase.Scope.child(Scope.java:189)
	at liquibase.Scope.child(Scope.java:179)
	at liquibase.Scope.child(Scope.java:158)
	at liquibase.Liquibase.runInScope(Liquibase.java:2405)
	at liquibase.Liquibase.update(Liquibase.java:211)
	at liquibase.Liquibase.update(Liquibase.java:197)
	at liquibase.integration.spring.SpringLiquibase.performUpdate(SpringLiquibase.java:314)
	at liquibase.integration.spring.SpringLiquibase.afterPropertiesSet(SpringLiquibase.java:269)
	at org.springframework.beans.factory.support.AbstractAutowireCapableBeanFactory.invokeInitMethods(AbstractAutowireCapableBeanFactory.java:1863)
	at org.springframework.beans.factory.support.AbstractAutowireCapableBeanFactory.initializeBean(AbstractAutowireCapableBeanFactory.java:1800)
	... 18 common frames omitted
Caused by: liquibase.exception.MigrationFailedException: Migration failed for change set db/changelog/04-2022/04-04-changelog.yml::20220404::QMIS:
     Reason: liquibase.exception.DatabaseException: :  "public.position_directory"  
  : 13 [Failed SQL: (0) INSERT INTO public.position_directory (rank, position) VALUES (NULL, ' ')]
	at liquibase.changelog.ChangeSet.execute(ChangeSet.java:696)
	at liquibase.changelog.visitor.UpdateVisitor.visit(UpdateVisitor.java:56)
	at liquibase.changelog.ChangeLogIterator$2.lambda$null$0(ChangeLogIterator.java:113)
	at liquibase.Scope.lambda$child$0(Scope.java:180)
	at liquibase.Scope.child(Scope.java:189)
	at liquibase.Scope.child(Scope.java:179)
	at liquibase.Scope.child(Scope.java:158)
	at liquibase.changelog.ChangeLogIterator$2.lambda$run$1(ChangeLogIterator.java:112)
	at liquibase.Scope.lambda$child$0(Scope.java:180)
	at liquibase.Scope.child(Scope.java:189)
	at liquibase.Scope.child(Scope.java:179)
	at liquibase.Scope.child(Scope.java:158)
	at liquibase.Scope.child(Scope.java:243)
	at liquibase.changelog.ChangeLogIterator$2.run(ChangeLogIterator.java:93)
	at liquibase.Scope.lambda$child$0(Scope.java:180)
	at liquibase.Scope.child(Scope.java:189)
	at liquibase.Scope.child(Scope.java:179)
	at liquibase.Scope.child(Scope.java:158)
	at liquibase.Scope.child(Scope.java:243)
	at liquibase.Scope.child(Scope.java:247)
	at liquibase.changelog.ChangeLogIterator.run(ChangeLogIterator.java:65)
	... 36 common frames omitted
Caused by: liquibase.exception.DatabaseException: :  "public.position_directory"  
  : 13 [Failed SQL: (0) INSERT INTO public.position_directory (rank, position) VALUES (NULL, ' ')]
	at liquibase.executor.jvm.JdbcExecutor$ExecuteStatementCallback.doInStatement(JdbcExecutor.java:397)
	at liquibase.executor.jvm.JdbcExecutor.execute(JdbcExecutor.java:83)
	at liquibase.executor.jvm.JdbcExecutor.execute(JdbcExecutor.java:151)
	at liquibase.database.AbstractJdbcDatabase.execute(AbstractJdbcDatabase.java:1279)
	at liquibase.database.AbstractJdbcDatabase.executeStatements(AbstractJdbcDatabase.java:1261)
	at liquibase.changelog.ChangeSet.execute(ChangeSet.java:661)
	... 56 common frames omitted
Caused by: org.postgresql.util.PSQLException: :  "public.position_directory"  
  : 13
	at org.postgresql.core.v3.QueryExecutorImpl.receiveErrorResponse(QueryExecutorImpl.java:2675)
	at org.postgresql.core.v3.QueryExecutorImpl.processResults(QueryExecutorImpl.java:2365)
	at org.postgresql.core.v3.QueryExecutorImpl.execute(QueryExecutorImpl.java:355)
	at org.postgresql.jdbc.PgStatement.executeInternal(PgStatement.java:490)
	at org.postgresql.jdbc.PgStatement.execute(PgStatement.java:408)
	at org.postgresql.jdbc.PgStatement.executeWithFlags(PgStatement.java:329)
	at org.postgresql.jdbc.PgStatement.executeCachedSql(PgStatement.java:315)
	at org.postgresql.jdbc.PgStatement.executeWithFlags(PgStatement.java:291)
	at org.postgresql.jdbc.PgStatement.execute(PgStatement.java:286)
	at com.zaxxer.hikari.pool.ProxyStatement.execute(ProxyStatement.java:94)
	at com.zaxxer.hikari.pool.HikariProxyStatement.execute(HikariProxyStatement.java)
	at liquibase.executor.jvm.JdbcExecutor$ExecuteStatementCallback.doInStatement(JdbcExecutor.java:393)
	... 61 common frames omitted
2022-04-05 13:31:57.150 [main] INFO  com.qmis.Application : Starting Application using Java 17.0.2 on QMIS with PID 30124 (K:\Project\HandbookDD\handbook\target\classes started by Kron Costa in K:\Project\HandbookDD) 
2022-04-05 13:31:57.151 [main] INFO  com.qmis.Application : No active profile set, falling back to default profiles: default 
2022-04-05 13:31:57.622 [main] INFO  o.s.d.r.c.RepositoryConfigurationDelegate : Bootstrapping Spring Data JPA repositories in DEFAULT mode. 
2022-04-05 13:31:57.630 [main] INFO  o.s.d.r.c.RepositoryConfigurationDelegate : Finished Spring Data com.qmis.repository scanning in 3 ms. Found 0 JPA com.qmis.repository interfaces.
2022-04-05 13:31:57.731 [main] INFO  o.s.c.context.scope.GenericScope : BeanFactory id=db919f8b-8a6a-3afc-ae56-c5f59c977aa2 
2022-04-05 13:31:57.945 [main] INFO  o.s.b.w.e.tomcat.TomcatWebServer : Tomcat initialized with port(s): 8080 (http) 
2022-04-05 13:31:57.950 [main] INFO  o.a.catalina.core.StandardService : Starting service [Tomcat] 
2022-04-05 13:31:57.951 [main] INFO  o.a.catalina.core.StandardEngine : Starting Servlet engine: [Apache Tomcat/9.0.54] 
2022-04-05 13:31:58.006 [main] INFO  o.a.c.c.C.[Tomcat].[localhost].[/] : Initializing Spring embedded WebApplicationContext 
2022-04-05 13:31:58.007 [main] INFO  o.s.b.w.s.c.ServletWebServerApplicationContext : Root WebApplicationContext: initialization completed in 826 ms 
2022-04-05 13:31:58.145 [main] INFO  com.zaxxer.hikari.HikariDataSource : HikariPool-1 - Starting... 
2022-04-05 13:31:58.256 [main] INFO  com.zaxxer.hikari.HikariDataSource : HikariPool-1 - Start completed. 
2022-04-05 13:31:58.346 [main] INFO  liquibase.database : Set default schema name to public 
2022-04-05 13:31:58.402 [main] INFO  liquibase.lockservice : Successfully acquired change log lock 
2022-04-05 13:31:58.651 [main] INFO  liquibase.changelog : Reading from public.databasechangelog 
2022-04-05 13:31:58.752 [main] INFO  liquibase.changelog : New row inserted into employee 
2022-04-05 13:31:58.755 [main] INFO  liquibase.changelog : New row inserted into employee 
2022-04-05 13:31:58.756 [main] INFO  liquibase.changelog : New row inserted into employee 
2022-04-05 13:31:58.757 [main] INFO  liquibase.changelog : New row inserted into employee 
2022-04-05 13:31:58.758 [main] INFO  liquibase.changelog : ChangeSet db/changelog/04-2022/04-04-changelog.yml::20220404::QMIS ran successfully in 10ms 
2022-04-05 13:31:58.769 [main] INFO  liquibase.changelog : Table department_directory created 
2022-04-05 13:31:58.771 [main] INFO  liquibase.changelog : Table position_directory created 
2022-04-05 13:31:58.772 [main] INFO  liquibase.changelog : ChangeSet db/changelog/04-2022/05-04-changelog.xml::04042022::QMIS ran successfully in 9ms 
2022-04-05 13:31:58.774 [main] INFO  liquibase.lockservice : Successfully released change log lock 
2022-04-05 13:31:58.840 [main] INFO  o.h.jpa.internal.util.LogHelper : HHH000204: Processing PersistenceUnitInfo [name: default] 
2022-04-05 13:31:58.871 [main] INFO  org.hibernate.Version : HHH000412: Hibernate ORM core version 5.6.7.Final 
2022-04-05 13:31:58.960 [main] INFO  o.h.annotations.common.Version : HCANN000001: Hibernate Commons Annotations {5.1.2.Final} 
2022-04-05 13:31:59.029 [main] INFO  org.hibernate.dialect.Dialect : HHH000400: Using dialect: org.hibernate.dialect.PostgreSQL9Dialect 
2022-04-05 13:31:59.135 [main] INFO  o.h.e.t.j.p.i.JtaPlatformInitiator : HHH000490: Using JtaPlatform implementation: [org.hibernate.engine.transaction.jta.platform.internal.NoJtaPlatform] 
2022-04-05 13:31:59.140 [main] INFO  o.s.o.j.LocalContainerEntityManagerFactoryBean : Initialized JPA EntityManagerFactory for persistence unit 'default' 
2022-04-05 13:31:59.280 [main] WARN  o.s.b.a.o.j.JpaBaseConfiguration$JpaWebConfiguration : spring.jpa.open-in-view is enabled by default. Therefore, database queries may be performed during view rendering. Explicitly configure spring.jpa.open-in-view to disable this warning 
2022-04-05 13:31:59.574 [main] INFO  o.s.b.w.e.tomcat.TomcatWebServer : Tomcat started on port(s): 8080 (http) with context path '' 
2022-04-05 13:31:59.690 [main] INFO  com.qmis.Application : Started Application in 2.783 seconds (JVM running for 3.361) 
2022-04-05 13:32:10.140 [http-nio-8080-exec-1] INFO  o.a.c.c.C.[Tomcat].[localhost].[/] : Initializing Spring DispatcherServlet 'dispatcherServlet' 
2022-04-05 13:32:10.140 [http-nio-8080-exec-1] INFO  o.s.web.servlet.DispatcherServlet : Initializing Servlet 'dispatcherServlet' 
2022-04-05 13:32:10.141 [http-nio-8080-exec-1] INFO  o.s.web.servlet.DispatcherServlet : Completed initialization in 1 ms 
2022-04-05 13:35:47.898 [http-nio-8080-exec-6] INFO  o.a.coyote.http11.Http11Processor : Error parsing HTTP request header
 Note: further occurrences of HTTP request parsing errors will be logged at DEBUG level. 
java.lang.IllegalArgumentException: Invalid character found in method name [0x160x030x010x020x000x010x000x010xfc0x030x030xcc0x92j0xf9H0x900x960x0060x0710x8a0xe60x820x03E0xf10xc30xb10xb60x9a0x1c0x04zA0xabCA0xf7fZ0x0e ]. HTTP method names must be tokens
	at org.apache.coyote.http11.Http11InputBuffer.parseRequestLine(Http11InputBuffer.java:419)
	at org.apache.coyote.http11.Http11Processor.service(Http11Processor.java:269)
	at org.apache.coyote.AbstractProcessorLight.process(AbstractProcessorLight.java:65)
	at org.apache.coyote.AbstractProtocol$ConnectionHandler.process(AbstractProtocol.java:895)
	at org.apache.tomcat.util.net.NioEndpoint$SocketProcessor.doRun(NioEndpoint.java:1722)
	at org.apache.tomcat.util.net.SocketProcessorBase.run(SocketProcessorBase.java:49)
	at org.apache.tomcat.util.threads.ThreadPoolExecutor.runWorker(ThreadPoolExecutor.java:1191)
	at org.apache.tomcat.util.threads.ThreadPoolExecutor$Worker.run(ThreadPoolExecutor.java:659)
	at org.apache.tomcat.util.threads.TaskThread$WrappingRunnable.run(TaskThread.java:61)
	at java.base/java.lang.Thread.run(Thread.java:833)
2022-04-05 21:47:14.013 [SpringApplicationShutdownHook] INFO  o.s.o.j.LocalContainerEntityManagerFactoryBean : Closing JPA EntityManagerFactory for persistence unit 'default' 
2022-04-05 21:47:14.015 [SpringApplicationShutdownHook] INFO  com.zaxxer.hikari.HikariDataSource : HikariPool-1 - Shutdown initiated... 
2022-04-05 21:47:14.017 [SpringApplicationShutdownHook] INFO  com.zaxxer.hikari.HikariDataSource : HikariPool-1 - Shutdown completed. 
